#
# There is insufficient memory for the Java Runtime Environment to continue.
# Native memory allocation (mmap) failed to map 46137344 bytes for Failed to commit area from 0x00000000adc00000 to 0x00000000b0800000 of length 46137344.
# Possible reasons:
#   The system is out of physical RAM or swap space
#   The process is running with CompressedOops enabled, and the Java Heap may be blocking the growth of the native heap
# Possible solutions:
#   Reduce memory load on the system
#   Increase physical memory or swap space
#   Check if swap backing store is full
#   Decrease Java heap size (-Xmx/-Xms)
#   Decrease number of Java threads
#   Decrease Java thread stack sizes (-Xss)
#   Set larger code cache with -XX:ReservedCodeCacheSize=
#   JVM is running with Unscaled Compressed Oops mode in which the Java heap is
#     placed in the first 4GB address space. The Java Heap base address is the
#     maximum limit for the native heap growth. Please use -XX:HeapBaseMinAddress
#     to set the Java Heap base and to place the Java Heap above 4GB virtual address.
# This output file may be truncated or incomplete.
#
#  Out of Memory Error (src/hotspot/os/windows/os_windows.cpp:3627), pid=19108, tid=14892
#
# JRE version: OpenJDK Runtime Environment (11.0.15) (build 11.0.15+0-b2043.56-9505619)
# Java VM: OpenJDK 64-Bit Server VM (11.0.15+0-b2043.56-9505619, mixed mode, tiered, compressed oops, g1 gc, windows-amd64)
# No core dump will be written. Minidumps are not enabled by default on client versions of Windows
#

---------------  S U M M A R Y ------------

Command Line: --add-opens=java.base/java.util=ALL-UNNAMED --add-opens=java.base/java.lang=ALL-UNNAMED --add-opens=java.base/java.lang.invoke=ALL-UNNAMED --add-opens=java.base/java.util=ALL-UNNAMED --add-opens=java.prefs/java.util.prefs=ALL-UNNAMED --add-opens=java.prefs/java.util.prefs=ALL-UNNAMED --add-opens=java.base/java.nio.charset=ALL-UNNAMED --add-opens=java.base/java.net=ALL-UNNAMED --add-opens=java.base/java.util.concurrent.atomic=ALL-UNNAMED -Xmx1536M -Dfile.encoding=UTF-8 -Duser.country=US -Duser.language=en -Duser.variant org.gradle.launcher.daemon.bootstrap.GradleDaemon 7.5

Host: Intel(R) Core(TM) i5-10300H CPU @ 2.50GHz, 8 cores, 7G,  Windows 11 , 64 bit Build 22000 (10.0.22000.1761)
Time: Thu Apr 20 15:43:12 2023 SE Asia Standard Time elapsed time: 21.359065 seconds (0d 0h 0m 21s)

---------------  T H R E A D  ---------------

Current thread (0x0000028cfde46000):  VMThread "VM Thread" [stack: 0x000000c9ec900000,0x000000c9eca00000] [id=14892]

Stack: [0x000000c9ec900000,0x000000c9eca00000]
[error occurred during error reporting (printing stack bounds), id 0xc0000005, EXCEPTION_ACCESS_VIOLATION (0xc0000005) at pc=0x0000028c8000112d]

Native frames: (J=compiled Java code, j=interpreted, Vv=VM code, C=native code)
V  [jvm.dll+0x64135a]
V  [jvm.dll+0x7d39f9]
V  [jvm.dll+0x7d51b9]
V  [jvm.dll+0x7d5805]
V  [jvm.dll+0x7d57bb]
V  [jvm.dll+0x640655]
V  [jvm.dll+0x640d68]
C  [ntdll.dll+0xa8aef]
C  [ntdll.dll+0x35b9a]
C  [ntdll.dll+0xa7afe]
C  0x0000028c8000112d

VM_Operation (0x000000c9f14fc1c0): G1CollectForAllocation, mode: safepoint, requested by thread 0x0000028c902c0000


---------------  P R O C E S S  ---------------

Threads class SMR info:
_java_thread_list=0x0000028c98f5b440, length=144, elements={
0x0000028cf1aec000, 0x0000028cfde6a000, 0x0000028cfde6b000, 0x0000028cfe7e4800,
0x0000028cfe7e5800, 0x0000028cfe7e9800, 0x0000028cfe7eb800, 0x0000028cfe7ef800,
0x0000028cfe7f1000, 0x0000028cfe959800, 0x0000028c908f4800, 0x0000028cfeb9e000,
0x0000028c91401000, 0x0000028c902cc800, 0x0000028c902cd000, 0x0000028c90000800,
0x0000028c90001000, 0x0000028c90b33000, 0x0000028c903f1800, 0x0000028c90b34000,
0x0000028c9066f800, 0x0000028c90671000, 0x0000028c9066d000, 0x0000028c90712000,
0x0000028c9066e800, 0x0000028c9066b800, 0x0000028c9066d800, 0x0000028c90670000,
0x0000028c90672000, 0x0000028c9066c000, 0x0000028c906d4800, 0x0000028c906d5000,
0x0000028c906d2800, 0x0000028c906d7000, 0x0000028c906d7800, 0x0000028c906d2000,
0x0000028c906de000, 0x0000028c906d8800, 0x0000028c906dd800, 0x0000028c906df000,
0x0000028c906da000, 0x0000028c906d9000, 0x0000028c906db000, 0x0000028c906df800,
0x0000028c906db800, 0x0000028c906dc800, 0x0000028cfecb0000, 0x0000028cfecaf000,
0x0000028cfecad000, 0x0000028cfecad800, 0x0000028cfecae800, 0x0000028cfecb1000,
0x0000028cfecac000, 0x0000028cfecab000, 0x0000028cfecb5000, 0x0000028cfecb1800,
0x0000028cfecb7800, 0x0000028cfecb4000, 0x0000028cfecb8000, 0x0000028cfecb2800,
0x0000028cfecb6800, 0x0000028cfecb9000, 0x0000028cfecb3800, 0x0000028cfecb5800,
0x0000028cfecba000, 0x0000028c902bd000, 0x0000028c902c0000, 0x0000028c902ba800,
0x0000028c902bf000, 0x0000028c902bb000, 0x0000028c902c1800, 0x0000028c902be800,
0x0000028c902bd800, 0x0000028c902c1000, 0x0000028c902bc000, 0x0000028c902c3800,
0x0000028c902c2800, 0x0000028c902c8000, 0x0000028c902c7800, 0x0000028c902c5000,
0x0000028c902c9000, 0x0000028c902c4000, 0x0000028c902c6000, 0x0000028c902c6800,
0x0000028c91c0e800, 0x0000028c91c0c000, 0x0000028c91c0b800, 0x0000028c91c0d000,
0x0000028c91c0f800, 0x0000028c91c0e000, 0x0000028c91c0a800, 0x0000028c91c09800,
0x0000028c91c14800, 0x0000028c91c10800, 0x0000028c91c15000, 0x0000028c91c16000,
0x0000028c91c17000, 0x0000028c91c11000, 0x0000028c91c17800, 0x0000028c91c12000,
0x0000028c91c18800, 0x0000028c91c12800, 0x0000028c91c13800, 0x0000028c905e3800,
0x0000028c905df000, 0x0000028c905de000, 0x0000028c905df800, 0x0000028c905e1800,
0x0000028c905e2000, 0x0000028c905e5800, 0x0000028c905e6000, 0x0000028c905e0800,
0x0000028c905e7000, 0x0000028c905e4800, 0x0000028c905e8000, 0x0000028c905e8800,
0x0000028c905e3000, 0x0000028c905e9800, 0x0000028c905ea000, 0x0000028c905eb000,
0x0000028c905ec000, 0x0000028c905ec800, 0x0000028c91404000, 0x0000028c91406800,
0x0000028c91405800, 0x0000028c91407000, 0x0000028c91402000, 0x0000028c91409000,
0x0000028c91403000, 0x0000028c9140d800, 0x0000028c9140a800, 0x0000028c9140b000,
0x0000028c9140e800, 0x0000028c91409800, 0x0000028c91411000, 0x0000028c9140c000,
0x0000028c9140d000, 0x0000028c9140f800, 0x0000028c91410000, 0x0000028cfeb86000,
0x0000028cfeb83800, 0x0000028cfeb84800, 0x0000028cfeb85000, 0x0000028cfeb80800
}

Java Threads: ( => current thread )
  0x0000028cf1aec000 JavaThread "main" [_thread_blocked, id=16012, stack(0x000000c9ec300000,0x000000c9ec400000)]
  0x0000028cfde6a000 JavaThread "Reference Handler" daemon [_thread_blocked, id=17992, stack(0x000000c9eca00000,0x000000c9ecb00000)]
  0x0000028cfde6b000 JavaThread "Finalizer" daemon [_thread_blocked, id=8528, stack(0x000000c9ecb00000,0x000000c9ecc00000)]
  0x0000028cfe7e4800 JavaThread "Signal Dispatcher" daemon [_thread_blocked, id=16604, stack(0x000000c9ecc00000,0x000000c9ecd00000)]
  0x0000028cfe7e5800 JavaThread "Attach Listener" daemon [_thread_blocked, id=17328, stack(0x000000c9ecd00000,0x000000c9ece00000)]
  0x0000028cfe7e9800 JavaThread "Service Thread" daemon [_thread_blocked, id=18368, stack(0x000000c9ece00000,0x000000c9ecf00000)]
  0x0000028cfe7eb800 JavaThread "C2 CompilerThread0" daemon [_thread_in_native, id=12176, stack(0x000000c9ecf00000,0x000000c9ed000000)]
  0x0000028cfe7ef800 JavaThread "C1 CompilerThread0" daemon [_thread_blocked, id=18256, stack(0x000000c9ed000000,0x000000c9ed100000)]
  0x0000028cfe7f1000 JavaThread "Sweeper thread" daemon [_thread_blocked, id=13664, stack(0x000000c9ed100000,0x000000c9ed200000)]
  0x0000028cfe959800 JavaThread "Common-Cleaner" daemon [_thread_blocked, id=15704, stack(0x000000c9ed200000,0x000000c9ed300000)]
  0x0000028c908f4800 JavaThread "Daemon health stats" [_thread_blocked, id=3576, stack(0x000000c9ed700000,0x000000c9ed800000)]
  0x0000028cfeb9e000 JavaThread "Incoming local TCP Connector on port 56182" [_thread_in_native, id=12360, stack(0x000000c9ed400000,0x000000c9ed500000)]
  0x0000028c91401000 JavaThread "Daemon periodic checks" [_thread_blocked, id=12440, stack(0x000000c9ed800000,0x000000c9ed900000)]
  0x0000028c902cc800 JavaThread "Daemon" [_thread_blocked, id=16052, stack(0x000000c9ed900000,0x000000c9eda00000)]
  0x0000028c902cd000 JavaThread "Handler for socket connection from /127.0.0.1:56182 to /127.0.0.1:56183" [_thread_in_native, id=17304, stack(0x000000c9eda00000,0x000000c9edb00000)]
  0x0000028c90000800 JavaThread "Cancel handler" [_thread_blocked, id=5812, stack(0x000000c9edb00000,0x000000c9edc00000)]
  0x0000028c90001000 JavaThread "Daemon worker" [_thread_blocked, id=19352, stack(0x000000c9edc00000,0x000000c9edd00000)]
  0x0000028c90b33000 JavaThread "Asynchronous log dispatcher for DefaultDaemonConnection: socket connection from /127.0.0.1:56182 to /127.0.0.1:56183" [_thread_blocked, id=17316, stack(0x000000c9edd00000,0x000000c9ede00000)]
  0x0000028c903f1800 JavaThread "Stdin handler" [_thread_blocked, id=16780, stack(0x000000c9ede00000,0x000000c9edf00000)]
  0x0000028c90b34000 JavaThread "Daemon client event forwarder" [_thread_blocked, id=1968, stack(0x000000c9edf00000,0x000000c9ee000000)]
  0x0000028c9066f800 JavaThread "Cache worker for journal cache (C:\Users\Phong Vu\.gradle\caches\journal-1)" [_thread_blocked, id=19296, stack(0x000000c9ee500000,0x000000c9ee600000)]
  0x0000028c90671000 JavaThread "File lock request listener" [_thread_in_native, id=4176, stack(0x000000c9ee600000,0x000000c9ee700000)]
  0x0000028c9066d000 JavaThread "Cache worker for file hash cache (C:\Users\Phong Vu\.gradle\caches\7.5\fileHashes)" [_thread_blocked, id=15280, stack(0x000000c9ee700000,0x000000c9ee800000)]
  0x0000028c90712000 JavaThread "C2 CompilerThread1" daemon [_thread_in_native, id=10032, stack(0x000000c9ee900000,0x000000c9eea00000)]
  0x0000028c9066e800 JavaThread "File watcher server" daemon [_thread_blocked, id=11160, stack(0x000000c9eea00000,0x000000c9eeb00000)]
  0x0000028c9066b800 JavaThread "File watcher consumer" daemon [_thread_blocked, id=15132, stack(0x000000c9eeb00000,0x000000c9eec00000)]
  0x0000028c9066d800 JavaThread "Cache worker for checksums cache (D:\Workspace\Java\Project-OOP-INT2204-2\LaboratoyEquipment_Group_5\SourceCode\.gradle\7.5\checksums)" [_thread_blocked, id=12568, stack(0x000000c9eec00000,0x000000c9eed00000)]
  0x0000028c90670000 JavaThread "Cache worker for cache directory md-rule (C:\Users\Phong Vu\.gradle\caches\7.5\md-rule)" [_thread_blocked, id=17692, stack(0x000000c9eed00000,0x000000c9eee00000)]
  0x0000028c90672000 JavaThread "Cache worker for file content cache (C:\Users\Phong Vu\.gradle\caches\7.5\fileContent)" [_thread_blocked, id=12496, stack(0x000000c9eee00000,0x000000c9eef00000)]
  0x0000028c9066c000 JavaThread "Cache worker for file hash cache (D:\Workspace\Java\Project-OOP-INT2204-2\LaboratoyEquipment_Group_5\SourceCode\.gradle\7.5\fileHashes)" [_thread_blocked, id=11052, stack(0x000000c9eef00000,0x000000c9ef000000)]
  0x0000028c906d4800 JavaThread "Cache worker for cache directory md-supplier (C:\Users\Phong Vu\.gradle\caches\7.5\md-supplier)" [_thread_blocked, id=15316, stack(0x000000c9ef000000,0x000000c9ef100000)]
  0x0000028c906d5000 JavaThread "Cache worker for execution history cache (C:\Users\Phong Vu\.gradle\caches\7.5\executionHistory)" [_thread_blocked, id=18272, stack(0x000000c9ef100000,0x000000c9ef200000)]
  0x0000028c906d2800 JavaThread "jar transforms" [_thread_blocked, id=19412, stack(0x000000c9ef200000,0x000000c9ef300000)]
  0x0000028c906d7000 JavaThread "jar transforms Thread 2" [_thread_blocked, id=13248, stack(0x000000c9ef300000,0x000000c9ef400000)]
  0x0000028c906d7800 JavaThread "jar transforms Thread 3" [_thread_blocked, id=14532, stack(0x000000c9ef400000,0x000000c9ef500000)]
  0x0000028c906d2000 JavaThread "jar transforms Thread 4" [_thread_blocked, id=13864, stack(0x000000c9ef500000,0x000000c9ef600000)]
  0x0000028c906de000 JavaThread "Cache worker for dependencies-accessors (D:\Workspace\Java\Project-OOP-INT2204-2\LaboratoyEquipment_Group_5\SourceCode\.gradle\7.5\dependencies-accessors)" [_thread_blocked, id=15468, stack(0x000000c9ef600000,0x000000c9ef700000)]
  0x0000028c906d8800 JavaThread "jar transforms Thread 5" [_thread_blocked, id=17648, stack(0x000000c9ef700000,0x000000c9ef800000)]
  0x0000028c906dd800 JavaThread "Cache worker for Build Output Cleanup Cache (D:\Workspace\Java\Project-OOP-INT2204-2\LaboratoyEquipment_Group_5\SourceCode\.gradle\buildOutputCleanup)" [_thread_blocked, id=14244, stack(0x000000c9ef800000,0x000000c9ef900000)]
  0x0000028c906df000 JavaThread "Unconstrained build operations" [_thread_blocked, id=1912, stack(0x000000c9ef900000,0x000000c9efa00000)]
  0x0000028c906da000 JavaThread "Unconstrained build operations Thread 2" [_thread_blocked, id=13152, stack(0x000000c9efa00000,0x000000c9efb00000)]
  0x0000028c906d9000 JavaThread "Unconstrained build operations Thread 3" [_thread_blocked, id=17560, stack(0x000000c9efb00000,0x000000c9efc00000)]
  0x0000028c906db000 JavaThread "Unconstrained build operations Thread 4" [_thread_blocked, id=6916, stack(0x000000c9efc00000,0x000000c9efd00000)]
  0x0000028c906df800 JavaThread "Unconstrained build operations Thread 5" [_thread_blocked, id=18356, stack(0x000000c9efd00000,0x000000c9efe00000)]
  0x0000028c906db800 JavaThread "Unconstrained build operations Thread 6" [_thread_blocked, id=1396, stack(0x000000c9efe00000,0x000000c9eff00000)]
  0x0000028c906dc800 JavaThread "Unconstrained build operations Thread 7" [_thread_blocked, id=18196, stack(0x000000c9eff00000,0x000000c9f0000000)]
  0x0000028cfecb0000 JavaThread "Unconstrained build operations Thread 8" [_thread_blocked, id=9060, stack(0x000000c9f0000000,0x000000c9f0100000)]
  0x0000028cfecaf000 JavaThread "Unconstrained build operations Thread 9" [_thread_blocked, id=1244, stack(0x000000c9f0100000,0x000000c9f0200000)]
  0x0000028cfecad000 JavaThread "Unconstrained build operations Thread 10" [_thread_blocked, id=18160, stack(0x000000c9f0200000,0x000000c9f0300000)]
  0x0000028cfecad800 JavaThread "Unconstrained build operations Thread 11" [_thread_blocked, id=16284, stack(0x000000c9f0300000,0x000000c9f0400000)]
  0x0000028cfecae800 JavaThread "Unconstrained build operations Thread 12" [_thread_blocked, id=7236, stack(0x000000c9f0400000,0x000000c9f0500000)]
  0x0000028cfecb1000 JavaThread "Unconstrained build operations Thread 13" [_thread_blocked, id=14948, stack(0x000000c9f0500000,0x000000c9f0600000)]
  0x0000028cfecac000 JavaThread "Unconstrained build operations Thread 14" [_thread_blocked, id=984, stack(0x000000c9f0600000,0x000000c9f0700000)]
  0x0000028cfecab000 JavaThread "Unconstrained build operations Thread 15" [_thread_blocked, id=15916, stack(0x000000c9f0700000,0x000000c9f0800000)]
  0x0000028cfecb5000 JavaThread "Unconstrained build operations Thread 16" [_thread_blocked, id=1800, stack(0x000000c9f0800000,0x000000c9f0900000)]
  0x0000028cfecb1800 JavaThread "Unconstrained build operations Thread 17" [_thread_blocked, id=7188, stack(0x000000c9f0900000,0x000000c9f0a00000)]
  0x0000028cfecb7800 JavaThread "Unconstrained build operations Thread 18" [_thread_blocked, id=2072, stack(0x000000c9f0a00000,0x000000c9f0b00000)]
  0x0000028cfecb4000 JavaThread "Unconstrained build operations Thread 19" [_thread_blocked, id=18480, stack(0x000000c9f0b00000,0x000000c9f0c00000)]
  0x0000028cfecb8000 JavaThread "Unconstrained build operations Thread 20" [_thread_blocked, id=636, stack(0x000000c9f0c00000,0x000000c9f0d00000)]
  0x0000028cfecb2800 JavaThread "Unconstrained build operations Thread 21" [_thread_blocked, id=6360, stack(0x000000c9f0d00000,0x000000c9f0e00000)]
  0x0000028cfecb6800 JavaThread "Unconstrained build operations Thread 22" [_thread_blocked, id=7548, stack(0x000000c9f0e00000,0x000000c9f0f00000)]
  0x0000028cfecb9000 JavaThread "Unconstrained build operations Thread 23" [_thread_blocked, id=18168, stack(0x000000c9f0f00000,0x000000c9f1000000)]
  0x0000028cfecb3800 JavaThread "Unconstrained build operations Thread 24" [_thread_blocked, id=1400, stack(0x000000c9f1000000,0x000000c9f1100000)]
  0x0000028cfecb5800 JavaThread "Unconstrained build operations Thread 25" [_thread_blocked, id=16280, stack(0x000000c9f1100000,0x000000c9f1200000)]
  0x0000028cfecba000 JavaThread "Unconstrained build operations Thread 26" [_thread_blocked, id=6064, stack(0x000000c9f1200000,0x000000c9f1300000)]
  0x0000028c902bd000 JavaThread "Unconstrained build operations Thread 27" [_thread_blocked, id=12232, stack(0x000000c9f1300000,0x000000c9f1400000)]
  0x0000028c902c0000 JavaThread "Unconstrained build operations Thread 28" [_thread_blocked, id=18396, stack(0x000000c9f1400000,0x000000c9f1500000)]
  0x0000028c902ba800 JavaThread "Unconstrained build operations Thread 29" [_thread_blocked, id=9184, stack(0x000000c9f1500000,0x000000c9f1600000)]
  0x0000028c902bf000 JavaThread "Unconstrained build operations Thread 30" [_thread_blocked, id=16968, stack(0x000000c9f1600000,0x000000c9f1700000)]
  0x0000028c902bb000 JavaThread "Unconstrained build operations Thread 31" [_thread_blocked, id=8248, stack(0x000000c9f1700000,0x000000c9f1800000)]
  0x0000028c902c1800 JavaThread "Unconstrained build operations Thread 32" [_thread_blocked, id=18892, stack(0x000000c9f1800000,0x000000c9f1900000)]
  0x0000028c902be800 JavaThread "Unconstrained build operations Thread 33" [_thread_blocked, id=13196, stack(0x000000c9f1900000,0x000000c9f1a00000)]
  0x0000028c902bd800 JavaThread "Unconstrained build operations Thread 34" [_thread_blocked, id=18344, stack(0x000000c9f1a00000,0x000000c9f1b00000)]
  0x0000028c902c1000 JavaThread "Unconstrained build operations Thread 35" [_thread_blocked, id=12636, stack(0x000000c9f1b00000,0x000000c9f1c00000)]
  0x0000028c902bc000 JavaThread "Unconstrained build operations Thread 36" [_thread_blocked, id=17940, stack(0x000000c9f1c00000,0x000000c9f1d00000)]
  0x0000028c902c3800 JavaThread "Unconstrained build operations Thread 37" [_thread_blocked, id=14680, stack(0x000000c9f1d00000,0x000000c9f1e00000)]
  0x0000028c902c2800 JavaThread "Unconstrained build operations Thread 38" [_thread_blocked, id=15440, stack(0x000000c9f1e00000,0x000000c9f1f00000)]
  0x0000028c902c8000 JavaThread "Unconstrained build operations Thread 39" [_thread_blocked, id=4112, stack(0x000000c9f1f00000,0x000000c9f2000000)]
  0x0000028c902c7800 JavaThread "Unconstrained build operations Thread 40" [_thread_blocked, id=1716, stack(0x000000c9f2000000,0x000000c9f2100000)]
  0x0000028c902c5000 JavaThread "Unconstrained build operations Thread 41" [_thread_blocked, id=18792, stack(0x000000c9f2100000,0x000000c9f2200000)]
  0x0000028c902c9000 JavaThread "Unconstrained build operations Thread 42" [_thread_blocked, id=7148, stack(0x000000c9f2200000,0x000000c9f2300000)]
  0x0000028c902c4000 JavaThread "Unconstrained build operations Thread 43" [_thread_blocked, id=18300, stack(0x000000c9f2300000,0x000000c9f2400000)]
  0x0000028c902c6000 JavaThread "Unconstrained build operations Thread 44" [_thread_blocked, id=15060, stack(0x000000c9f2400000,0x000000c9f2500000)]
  0x0000028c902c6800 JavaThread "Unconstrained build operations Thread 45" [_thread_blocked, id=184, stack(0x000000c9f2500000,0x000000c9f2600000)]
  0x0000028c91c0e800 JavaThread "Unconstrained build operations Thread 46" [_thread_blocked, id=18652, stack(0x000000c9f2600000,0x000000c9f2700000)]
  0x0000028c91c0c000 JavaThread "Unconstrained build operations Thread 47" [_thread_blocked, id=12904, stack(0x000000c9f2700000,0x000000c9f2800000)]
  0x0000028c91c0b800 JavaThread "Unconstrained build operations Thread 48" [_thread_blocked, id=10380, stack(0x000000c9f2800000,0x000000c9f2900000)]
  0x0000028c91c0d000 JavaThread "Unconstrained build operations Thread 49" [_thread_blocked, id=948, stack(0x000000c9f2900000,0x000000c9f2a00000)]
  0x0000028c91c0f800 JavaThread "Unconstrained build operations Thread 50" [_thread_blocked, id=10248, stack(0x000000c9f2a00000,0x000000c9f2b00000)]
  0x0000028c91c0e000 JavaThread "Unconstrained build operations Thread 51" [_thread_blocked, id=1876, stack(0x000000c9f2b00000,0x000000c9f2c00000)]
  0x0000028c91c0a800 JavaThread "Unconstrained build operations Thread 52" [_thread_blocked, id=1316, stack(0x000000c9f2c00000,0x000000c9f2d00000)]
  0x0000028c91c09800 JavaThread "Unconstrained build operations Thread 53" [_thread_blocked, id=16068, stack(0x000000c9f2d00000,0x000000c9f2e00000)]
  0x0000028c91c14800 JavaThread "Unconstrained build operations Thread 54" [_thread_blocked, id=17604, stack(0x000000c9f2e00000,0x000000c9f2f00000)]
  0x0000028c91c10800 JavaThread "Unconstrained build operations Thread 55" [_thread_blocked, id=12888, stack(0x000000c9f2f00000,0x000000c9f3000000)]
  0x0000028c91c15000 JavaThread "Unconstrained build operations Thread 56" [_thread_blocked, id=9600, stack(0x000000c9f3000000,0x000000c9f3100000)]
  0x0000028c91c16000 JavaThread "Unconstrained build operations Thread 57" [_thread_blocked, id=12852, stack(0x000000c9f3100000,0x000000c9f3200000)]
  0x0000028c91c17000 JavaThread "Unconstrained build operations Thread 58" [_thread_blocked, id=18588, stack(0x000000c9f3200000,0x000000c9f3300000)]
  0x0000028c91c11000 JavaThread "Unconstrained build operations Thread 59" [_thread_blocked, id=9364, stack(0x000000c9f3300000,0x000000c9f3400000)]
  0x0000028c91c17800 JavaThread "Unconstrained build operations Thread 60" [_thread_blocked, id=2892, stack(0x000000c9f3400000,0x000000c9f3500000)]
  0x0000028c91c12000 JavaThread "Unconstrained build operations Thread 61" [_thread_blocked, id=8572, stack(0x000000c9f3500000,0x000000c9f3600000)]
  0x0000028c91c18800 JavaThread "Unconstrained build operations Thread 62" [_thread_blocked, id=18580, stack(0x000000c9f3600000,0x000000c9f3700000)]
  0x0000028c91c12800 JavaThread "Unconstrained build operations Thread 63" [_thread_blocked, id=16860, stack(0x000000c9f3700000,0x000000c9f3800000)]
  0x0000028c91c13800 JavaThread "Unconstrained build operations Thread 64" [_thread_blocked, id=3180, stack(0x000000c9f3800000,0x000000c9f3900000)]
  0x0000028c905e3800 JavaThread "Unconstrained build operations Thread 65" [_thread_blocked, id=18452, stack(0x000000c9f3900000,0x000000c9f3a00000)]
  0x0000028c905df000 JavaThread "Unconstrained build operations Thread 66" [_thread_blocked, id=304, stack(0x000000c9f3a00000,0x000000c9f3b00000)]
  0x0000028c905de000 JavaThread "Unconstrained build operations Thread 67" [_thread_blocked, id=9360, stack(0x000000c9f3b00000,0x000000c9f3c00000)]
  0x0000028c905df800 JavaThread "Unconstrained build operations Thread 68" [_thread_blocked, id=16484, stack(0x000000c9f3c00000,0x000000c9f3d00000)]
  0x0000028c905e1800 JavaThread "Unconstrained build operations Thread 69" [_thread_blocked, id=18224, stack(0x000000c9f3d00000,0x000000c9f3e00000)]
  0x0000028c905e2000 JavaThread "Unconstrained build operations Thread 70" [_thread_blocked, id=3192, stack(0x000000c9f3e00000,0x000000c9f3f00000)]
  0x0000028c905e5800 JavaThread "Unconstrained build operations Thread 71" [_thread_blocked, id=1332, stack(0x000000c9f3f00000,0x000000c9f4000000)]
  0x0000028c905e6000 JavaThread "Unconstrained build operations Thread 72" [_thread_blocked, id=19260, stack(0x000000c9f4000000,0x000000c9f4100000)]
  0x0000028c905e0800 JavaThread "Unconstrained build operations Thread 73" [_thread_blocked, id=12372, stack(0x000000c9f4100000,0x000000c9f4200000)]
  0x0000028c905e7000 JavaThread "Unconstrained build operations Thread 74" [_thread_blocked, id=19356, stack(0x000000c9f4200000,0x000000c9f4300000)]
  0x0000028c905e4800 JavaThread "Unconstrained build operations Thread 75" [_thread_blocked, id=14352, stack(0x000000c9f4300000,0x000000c9f4400000)]
  0x0000028c905e8000 JavaThread "Unconstrained build operations Thread 76" [_thread_blocked, id=10952, stack(0x000000c9f4400000,0x000000c9f4500000)]
  0x0000028c905e8800 JavaThread "Unconstrained build operations Thread 77" [_thread_blocked, id=7156, stack(0x000000c9f4500000,0x000000c9f4600000)]
  0x0000028c905e3000 JavaThread "Unconstrained build operations Thread 78" [_thread_blocked, id=9224, stack(0x000000c9f4600000,0x000000c9f4700000)]
  0x0000028c905e9800 JavaThread "Unconstrained build operations Thread 79" [_thread_blocked, id=17816, stack(0x000000c9f4700000,0x000000c9f4800000)]
  0x0000028c905ea000 JavaThread "Unconstrained build operations Thread 80" [_thread_blocked, id=17584, stack(0x000000c9f4800000,0x000000c9f4900000)]
  0x0000028c905eb000 JavaThread "jar transforms Thread 6" [_thread_blocked, id=1880, stack(0x000000c9f4900000,0x000000c9f4a00000)]
  0x0000028c905ec000 JavaThread "jar transforms Thread 7" [_thread_blocked, id=16700, stack(0x000000c9f4a00000,0x000000c9f4b00000)]
  0x0000028c905ec800 JavaThread "jar transforms Thread 8" [_thread_blocked, id=15120, stack(0x000000c9f4b00000,0x000000c9f4c00000)]
  0x0000028c91404000 JavaThread "build event listener" [_thread_blocked, id=11512, stack(0x000000c9f4c00000,0x000000c9f4d00000)]
  0x0000028c91406800 JavaThread "Memory manager" [_thread_blocked, id=18924, stack(0x000000c9f4d00000,0x000000c9f4e00000)]
  0x0000028c91405800 JavaThread "pool-3-thread-1" [_thread_blocked, id=15632, stack(0x000000c9f4e00000,0x000000c9f4f00000)]
  0x0000028c91407000 JavaThread "build event listener" [_thread_blocked, id=15488, stack(0x000000c9f4f00000,0x000000c9f5000000)]
  0x0000028c91402000 JavaThread "included builds" [_thread_blocked, id=11500, stack(0x000000c9f5000000,0x000000c9f5100000)]
  0x0000028c91409000 JavaThread "Execution worker" [_thread_blocked, id=17704, stack(0x000000c9f5100000,0x000000c9f5200000)]
  0x0000028c91403000 JavaThread "Execution worker Thread 2" [_thread_blocked, id=11104, stack(0x000000c9f5200000,0x000000c9f5300000)]
  0x0000028c9140d800 JavaThread "Execution worker Thread 3" [_thread_blocked, id=12292, stack(0x000000c9f5300000,0x000000c9f5400000)]
  0x0000028c9140a800 JavaThread "Execution worker Thread 4" [_thread_blocked, id=5756, stack(0x000000c9f5400000,0x000000c9f5500000)]
  0x0000028c9140b000 JavaThread "Execution worker Thread 5" [_thread_blocked, id=18732, stack(0x000000c9f5500000,0x000000c9f5600000)]
  0x0000028c9140e800 JavaThread "Execution worker Thread 6" [_thread_blocked, id=9324, stack(0x000000c9f5600000,0x000000c9f5700000)]
  0x0000028c91409800 JavaThread "Execution worker Thread 7" [_thread_blocked, id=10544, stack(0x000000c9f5700000,0x000000c9f5800000)]
  0x0000028c91411000 JavaThread "Cache worker for execution history cache (D:\Workspace\Java\Project-OOP-INT2204-2\LaboratoyEquipment_Group_5\SourceCode\.gradle\7.5\executionHistory)" [_thread_blocked, id=17048, stack(0x000000c9f5800000,0x000000c9f5900000)]
  0x0000028c9140c000 JavaThread "WorkerExecutor Queue" [_thread_blocked, id=15076, stack(0x000000c9f5900000,0x000000c9f5a00000)]
  0x0000028c9140d000 JavaThread "WorkerExecutor Queue Thread 2" [_thread_blocked, id=18872, stack(0x000000c9f5a00000,0x000000c9f5b00000)]
  0x0000028c9140f800 JavaThread "WorkerExecutor Queue Thread 3" [_thread_blocked, id=17856, stack(0x000000c9f5b00000,0x000000c9f5c00000)]
  0x0000028c91410000 JavaThread "WorkerExecutor Queue Thread 4" [_thread_blocked, id=15160, stack(0x000000c9f5c00000,0x000000c9f5d00000)]
  0x0000028cfeb86000 JavaThread "WorkerExecutor Queue Thread 5" [_thread_blocked, id=13212, stack(0x000000c9f5d00000,0x000000c9f5e00000)]
  0x0000028cfeb83800 JavaThread "WorkerExecutor Queue Thread 6" [_thread_blocked, id=17128, stack(0x000000c9f5e00000,0x000000c9f5f00000)]
  0x0000028cfeb84800 JavaThread "WorkerExecutor Queue Thread 7" [_thread_blocked, id=15768, stack(0x000000c9f5f00000,0x000000c9f6000000)]
  0x0000028cfeb85000 JavaThread "WorkerExecutor Queue Thread 8" [_thread_blocked, id=1036, stack(0x000000c9f6000000,0x000000c9f6100000)]
  0x0000028cfeb80800 JavaThread "WorkerExecutor Queue Thread 9" [_thread_blocked, id=4996, stack(0x000000c9f6100000,0x000000c9f6200000)]

Other Threads:
=>0x0000028cfde46000 VMThread "VM Thread" [stack: 0x000000c9ec900000,0x000000c9eca00000] [id=14892]
  0x0000028cfe98c000 WatcherThread [stack: 0x000000c9ed300000,0x000000c9ed400000] [id=14852]
  0x0000028cf3ce2000 GCTaskThread "GC Thread#0" [stack: 0x000000c9ec400000,0x000000c9ec500000] [id=19176]
  0x0000028c8f463800 GCTaskThread "GC Thread#1" [stack: 0x000000c9ed500000,0x000000c9ed600000] [id=18468]
  0x0000028c8f76c800 GCTaskThread "GC Thread#2" [stack: 0x000000c9ed600000,0x000000c9ed700000] [id=13832]
  0x0000028c8fad3000 GCTaskThread "GC Thread#3" [stack: 0x000000c9ee000000,0x000000c9ee100000] [id=15792]
  0x0000028c8fad3800 GCTaskThread "GC Thread#4" [stack: 0x000000c9ee100000,0x000000c9ee200000] [id=19276]
  0x0000028c8fad2800 GCTaskThread "GC Thread#5" [stack: 0x000000c9ee200000,0x000000c9ee300000] [id=15228]
  0x0000028c8fad4800 GCTaskThread "GC Thread#6" [stack: 0x000000c9ee300000,0x000000c9ee400000] [id=16036]
  0x0000028c8fad1800 GCTaskThread "GC Thread#7" [stack: 0x000000c9ee400000,0x000000c9ee500000] [id=18932]
  0x0000028cf3d07000 ConcurrentGCThread "G1 Main Marker" [stack: 0x000000c9ec500000,0x000000c9ec600000] [id=7364]
  0x0000028cf3d0a000 ConcurrentGCThread "G1 Conc#0" [stack: 0x000000c9ec600000,0x000000c9ec700000] [id=14900]
  0x0000028c90af4000 ConcurrentGCThread "G1 Conc#1" [stack: 0x000000c9ee800000,0x000000c9ee900000] [id=8536]
  0x0000028cf3d98000 ConcurrentGCThread "G1 Refine#0" [stack: 0x000000c9ec700000,0x000000c9ec800000] [id=13120]
  0x0000028cfdcb1000 ConcurrentGCThread "G1 Young RemSet Sampling" [stack: 0x000000c9ec800000,0x000000c9ec900000] [id=16796]

Threads with active compile tasks:
C2 CompilerThread0    21388 15051       4       com.android.tools.r8.graph.r0::a (48 bytes)
C2 CompilerThread1    21388 14703 %     4       com.android.tools.r8.ir.regalloc.b::c @ 2214 (4031 bytes)

VM state:at safepoint (normal execution)

VM Mutex/Monitor currently owned by a thread:  ([mutex/lock_event])
[0x0000028cf3cca110] Threads_lock - owner thread: 0x0000028cfde46000
[0x0000028cf3cc94b0] Heap_lock - owner thread: 0x0000028c902c0000

Heap address: 0x00000000a0000000, size: 1536 MB, Compressed Oops mode: 32-bit
Narrow klass base: 0x0000000000000000, Narrow klass shift: 3
Compressed class space size: 1073741824 Address: 0x0000000100000000

Heap:
 garbage-first heap   total 270336K, used 126866K [0x00000000a0000000, 0x0000000100000000)
  region size 1024K, 1 young (1024K), 1 survivors (1024K)
 Metaspace       used 104539K, capacity 107780K, committed 110108K, reserved 1144832K
  class space    used 13426K, capacity 14679K, committed 15768K, reserved 1048576K
Heap Regions: E=young(eden), S=young(survivor), O=old, HS=humongous(starts), HC=humongous(continues), CS=collection set, F=free, A=archive, TAMS=top-at-mark-start (previous, next)
|   0|0x00000000a0000000, 0x00000000a0100000, 0x00000000a0100000|100%| O|  |TAMS 0x00000000a0100000, 0x00000000a0000000| Untracked 
|   1|0x00000000a0100000, 0x00000000a0200000, 0x00000000a0200000|100%| O|  |TAMS 0x00000000a0200000, 0x00000000a0100000| Untracked 
|   2|0x00000000a0200000, 0x00000000a0300000, 0x00000000a0300000|100%| O|  |TAMS 0x00000000a0300000, 0x00000000a0200000| Untracked 
|   3|0x00000000a0300000, 0x00000000a0400000, 0x00000000a0400000|100%|HS|  |TAMS 0x00000000a0400000, 0x00000000a0300000| Complete 
|   4|0x00000000a0400000, 0x00000000a0500000, 0x00000000a0500000|100%|HC|  |TAMS 0x00000000a0500000, 0x00000000a0400000| Complete 
|   5|0x00000000a0500000, 0x00000000a0600000, 0x00000000a0600000|100%|HC|  |TAMS 0x00000000a0600000, 0x00000000a0500000| Complete 
|   6|0x00000000a0600000, 0x00000000a0700000, 0x00000000a0700000|100%| O|  |TAMS 0x00000000a0700000, 0x00000000a0600000| Untracked 
|   7|0x00000000a0700000, 0x00000000a0700000, 0x00000000a0800000|  0%| F|  |TAMS 0x00000000a0700000, 0x00000000a0700000| Untracked 
|   8|0x00000000a0800000, 0x00000000a0900000, 0x00000000a0900000|100%| O|  |TAMS 0x00000000a0900000, 0x00000000a0800000| Untracked 
|   9|0x00000000a0900000, 0x00000000a0a00000, 0x00000000a0a00000|100%| O|  |TAMS 0x00000000a0a00000, 0x00000000a0900000| Untracked 
|  10|0x00000000a0a00000, 0x00000000a0b00000, 0x00000000a0b00000|100%| O|  |TAMS 0x00000000a0b00000, 0x00000000a0a00000| Untracked 
|  11|0x00000000a0b00000, 0x00000000a0c00000, 0x00000000a0c00000|100%| O|  |TAMS 0x00000000a0c00000, 0x00000000a0b00000| Untracked 
|  12|0x00000000a0c00000, 0x00000000a0d00000, 0x00000000a0d00000|100%| O|  |TAMS 0x00000000a0d00000, 0x00000000a0c00000| Untracked 
|  13|0x00000000a0d00000, 0x00000000a0e00000, 0x00000000a0e00000|100%| O|  |TAMS 0x00000000a0e00000, 0x00000000a0d00000| Untracked 
|  14|0x00000000a0e00000, 0x00000000a0f00000, 0x00000000a0f00000|100%| O|  |TAMS 0x00000000a0f00000, 0x00000000a0e00000| Untracked 
|  15|0x00000000a0f00000, 0x00000000a1000000, 0x00000000a1000000|100%| O|  |TAMS 0x00000000a1000000, 0x00000000a0f00000| Untracked 
|  16|0x00000000a1000000, 0x00000000a1100000, 0x00000000a1100000|100%| O|  |TAMS 0x00000000a1100000, 0x00000000a1000000| Untracked 
|  17|0x00000000a1100000, 0x00000000a1200000, 0x00000000a1200000|100%|HS|  |TAMS 0x00000000a1200000, 0x00000000a1100000| Complete 
|  18|0x00000000a1200000, 0x00000000a1300000, 0x00000000a1300000|100%| O|  |TAMS 0x00000000a1300000, 0x00000000a1200000| Untracked 
|  19|0x00000000a1300000, 0x00000000a1400000, 0x00000000a1400000|100%| O|  |TAMS 0x00000000a1400000, 0x00000000a1300000| Untracked 
|  20|0x00000000a1400000, 0x00000000a1500000, 0x00000000a1500000|100%| O|  |TAMS 0x00000000a1500000, 0x00000000a1400000| Untracked 
|  21|0x00000000a1500000, 0x00000000a1600000, 0x00000000a1600000|100%| O|  |TAMS 0x00000000a1600000, 0x00000000a1500000| Complete 
|  22|0x00000000a1600000, 0x00000000a1700000, 0x00000000a1700000|100%| O|  |TAMS 0x00000000a1700000, 0x00000000a1600000| Untracked 
|  23|0x00000000a1700000, 0x00000000a1800000, 0x00000000a1800000|100%| O|  |TAMS 0x00000000a1800000, 0x00000000a1700000| Untracked 
|  24|0x00000000a1800000, 0x00000000a1900000, 0x00000000a1900000|100%| O|  |TAMS 0x00000000a1900000, 0x00000000a1800000| Untracked 
|  25|0x00000000a1900000, 0x00000000a1a00000, 0x00000000a1a00000|100%| O|  |TAMS 0x00000000a1a00000, 0x00000000a1900000| Untracked 
|  26|0x00000000a1a00000, 0x00000000a1b00000, 0x00000000a1b00000|100%| O|  |TAMS 0x00000000a1b00000, 0x00000000a1a00000| Untracked 
|  27|0x00000000a1b00000, 0x00000000a1c00000, 0x00000000a1c00000|100%| O|  |TAMS 0x00000000a1c00000, 0x00000000a1b00000| Untracked 
|  28|0x00000000a1c00000, 0x00000000a1d00000, 0x00000000a1d00000|100%|HS|  |TAMS 0x00000000a1d00000, 0x00000000a1c00000| Complete 
|  29|0x00000000a1d00000, 0x00000000a1e00000, 0x00000000a1e00000|100%| O|  |TAMS 0x00000000a1e00000, 0x00000000a1d00000| Untracked 
|  30|0x00000000a1e00000, 0x00000000a1f00000, 0x00000000a1f00000|100%| O|  |TAMS 0x00000000a1f00000, 0x00000000a1e00000| Untracked 
|  31|0x00000000a1f00000, 0x00000000a2000000, 0x00000000a2000000|100%| O|  |TAMS 0x00000000a2000000, 0x00000000a1f00000| Untracked 
|  32|0x00000000a2000000, 0x00000000a2100000, 0x00000000a2100000|100%| O|  |TAMS 0x00000000a2100000, 0x00000000a2000000| Untracked 
|  33|0x00000000a2100000, 0x00000000a2200000, 0x00000000a2200000|100%| O|  |TAMS 0x00000000a2200000, 0x00000000a2100000| Untracked 
|  34|0x00000000a2200000, 0x00000000a2300000, 0x00000000a2300000|100%| O|  |TAMS 0x00000000a2300000, 0x00000000a2200000| Complete 
|  35|0x00000000a2300000, 0x00000000a2400000, 0x00000000a2400000|100%| O|  |TAMS 0x00000000a2400000, 0x00000000a2300000| Untracked 
|  36|0x00000000a2400000, 0x00000000a2500000, 0x00000000a2500000|100%| O|  |TAMS 0x00000000a2500000, 0x00000000a2400000| Untracked 
|  37|0x00000000a2500000, 0x00000000a2600000, 0x00000000a2600000|100%| O|  |TAMS 0x00000000a2600000, 0x00000000a2500000| Untracked 
|  38|0x00000000a2600000, 0x00000000a2700000, 0x00000000a2700000|100%| O|  |TAMS 0x00000000a2700000, 0x00000000a2600000| Untracked 
|  39|0x00000000a2700000, 0x00000000a2800000, 0x00000000a2800000|100%| O|  |TAMS 0x00000000a2800000, 0x00000000a2700000| Complete 
|  40|0x00000000a2800000, 0x00000000a2900000, 0x00000000a2900000|100%| O|  |TAMS 0x00000000a2900000, 0x00000000a2800000| Untracked 
|  41|0x00000000a2900000, 0x00000000a2a00000, 0x00000000a2a00000|100%| O|  |TAMS 0x00000000a2a00000, 0x00000000a2900000| Untracked 
|  42|0x00000000a2a00000, 0x00000000a2b00000, 0x00000000a2b00000|100%| O|  |TAMS 0x00000000a2b00000, 0x00000000a2a00000| Untracked 
|  43|0x00000000a2b00000, 0x00000000a2c00000, 0x00000000a2c00000|100%| O|  |TAMS 0x00000000a2c00000, 0x00000000a2b00000| Untracked 
|  44|0x00000000a2c00000, 0x00000000a2d00000, 0x00000000a2d00000|100%| O|  |TAMS 0x00000000a2d00000, 0x00000000a2c00000| Untracked 
|  45|0x00000000a2d00000, 0x00000000a2e00000, 0x00000000a2e00000|100%| O|  |TAMS 0x00000000a2e00000, 0x00000000a2d00000| Untracked 
|  46|0x00000000a2e00000, 0x00000000a2f00000, 0x00000000a2f00000|100%| O|  |TAMS 0x00000000a2f00000, 0x00000000a2e00000| Untracked 
|  47|0x00000000a2f00000, 0x00000000a3000000, 0x00000000a3000000|100%| O|  |TAMS 0x00000000a3000000, 0x00000000a2f00000| Untracked 
|  48|0x00000000a3000000, 0x00000000a3100000, 0x00000000a3100000|100%| O|  |TAMS 0x00000000a3100000, 0x00000000a3000000| Complete 
|  49|0x00000000a3100000, 0x00000000a3200000, 0x00000000a3200000|100%| O|  |TAMS 0x00000000a3200000, 0x00000000a3100000| Untracked 
|  50|0x00000000a3200000, 0x00000000a3300000, 0x00000000a3300000|100%| O|  |TAMS 0x00000000a3300000, 0x00000000a3200000| Untracked 
|  51|0x00000000a3300000, 0x00000000a3400000, 0x00000000a3400000|100%| O|  |TAMS 0x00000000a3400000, 0x00000000a3300000| Untracked 
|  52|0x00000000a3400000, 0x00000000a3500000, 0x00000000a3500000|100%| O|  |TAMS 0x00000000a3500000, 0x00000000a3400000| Untracked 
|  53|0x00000000a3500000, 0x00000000a3600000, 0x00000000a3600000|100%| O|  |TAMS 0x00000000a3600000, 0x00000000a3500000| Untracked 
|  54|0x00000000a3600000, 0x00000000a3700000, 0x00000000a3700000|100%| O|  |TAMS 0x00000000a3700000, 0x00000000a3600000| Untracked 
|  55|0x00000000a3700000, 0x00000000a3800000, 0x00000000a3800000|100%| O|  |TAMS 0x00000000a3800000, 0x00000000a3700000| Complete 
|  56|0x00000000a3800000, 0x00000000a3900000, 0x00000000a3900000|100%| O|  |TAMS 0x00000000a3900000, 0x00000000a3800000| Untracked 
|  57|0x00000000a3900000, 0x00000000a3a00000, 0x00000000a3a00000|100%| O|  |TAMS 0x00000000a3a00000, 0x00000000a3900000| Untracked 
|  58|0x00000000a3a00000, 0x00000000a3b00000, 0x00000000a3b00000|100%| O|  |TAMS 0x00000000a3b00000, 0x00000000a3a00000| Untracked 
|  59|0x00000000a3b00000, 0x00000000a3c00000, 0x00000000a3c00000|100%| O|  |TAMS 0x00000000a3c00000, 0x00000000a3b00000| Complete 
|  60|0x00000000a3c00000, 0x00000000a3d00000, 0x00000000a3d00000|100%| O|  |TAMS 0x00000000a3d00000, 0x00000000a3c00000| Untracked 
|  61|0x00000000a3d00000, 0x00000000a3e00000, 0x00000000a3e00000|100%| O|  |TAMS 0x00000000a3e00000, 0x00000000a3d00000| Untracked 
|  62|0x00000000a3e00000, 0x00000000a3f00000, 0x00000000a3f00000|100%| O|  |TAMS 0x00000000a3f00000, 0x00000000a3e00000| Untracked 
|  63|0x00000000a3f00000, 0x00000000a4000000, 0x00000000a4000000|100%| O|  |TAMS 0x00000000a4000000, 0x00000000a3f00000| Untracked 
|  64|0x00000000a4000000, 0x00000000a4100000, 0x00000000a4100000|100%| O|  |TAMS 0x00000000a4100000, 0x00000000a4000000| Complete 
|  65|0x00000000a4100000, 0x00000000a4200000, 0x00000000a4200000|100%| O|  |TAMS 0x00000000a4200000, 0x00000000a4100000| Untracked 
|  66|0x00000000a4200000, 0x00000000a4300000, 0x00000000a4300000|100%| O|  |TAMS 0x00000000a4300000, 0x00000000a4200000| Untracked 
|  67|0x00000000a4300000, 0x00000000a4400000, 0x00000000a4400000|100%| O|  |TAMS 0x00000000a4400000, 0x00000000a4300000| Untracked 
|  68|0x00000000a4400000, 0x00000000a4500000, 0x00000000a4500000|100%| O|  |TAMS 0x00000000a4500000, 0x00000000a4400000| Untracked 
|  69|0x00000000a4500000, 0x00000000a4600000, 0x00000000a4600000|100%| O|  |TAMS 0x00000000a4600000, 0x00000000a4500000| Untracked 
|  70|0x00000000a4600000, 0x00000000a4700000, 0x00000000a4700000|100%| O|  |TAMS 0x00000000a4700000, 0x00000000a4600000| Untracked 
|  71|0x00000000a4700000, 0x00000000a4800000, 0x00000000a4800000|100%| O|  |TAMS 0x00000000a4800000, 0x00000000a4700000| Complete 
|  72|0x00000000a4800000, 0x00000000a4900000, 0x00000000a4900000|100%| O|  |TAMS 0x00000000a4900000, 0x00000000a4800000| Complete 
|  73|0x00000000a4900000, 0x00000000a4a00000, 0x00000000a4a00000|100%| O|  |TAMS 0x00000000a4a00000, 0x00000000a4900000| Untracked 
|  74|0x00000000a4a00000, 0x00000000a4b00000, 0x00000000a4b00000|100%| O|  |TAMS 0x00000000a4b00000, 0x00000000a4a00000| Untracked 
|  75|0x00000000a4b00000, 0x00000000a4c00000, 0x00000000a4c00000|100%| O|  |TAMS 0x00000000a4c00000, 0x00000000a4b00000| Untracked 
|  76|0x00000000a4c00000, 0x00000000a4d00000, 0x00000000a4d00000|100%| O|  |TAMS 0x00000000a4d00000, 0x00000000a4c00000| Untracked 
|  77|0x00000000a4d00000, 0x00000000a4e00000, 0x00000000a4e00000|100%| O|  |TAMS 0x00000000a4e00000, 0x00000000a4d00000| Untracked 
|  78|0x00000000a4e00000, 0x00000000a4f00000, 0x00000000a4f00000|100%| O|  |TAMS 0x00000000a4f00000, 0x00000000a4e00000| Untracked 
|  79|0x00000000a4f00000, 0x00000000a5000000, 0x00000000a5000000|100%| O|  |TAMS 0x00000000a5000000, 0x00000000a4f00000| Untracked 
|  80|0x00000000a5000000, 0x00000000a5100000, 0x00000000a5100000|100%| O|  |TAMS 0x00000000a5100000, 0x00000000a5000000| Untracked 
|  81|0x00000000a5100000, 0x00000000a5200000, 0x00000000a5200000|100%| O|  |TAMS 0x00000000a5200000, 0x00000000a5100000| Untracked 
|  82|0x00000000a5200000, 0x00000000a5300000, 0x00000000a5300000|100%| O|  |TAMS 0x00000000a5300000, 0x00000000a5200000| Complete 
|  83|0x00000000a5300000, 0x00000000a5400000, 0x00000000a5400000|100%| O|  |TAMS 0x00000000a5400000, 0x00000000a5300000| Untracked 
|  84|0x00000000a5400000, 0x00000000a5500000, 0x00000000a5500000|100%| O|  |TAMS 0x00000000a5500000, 0x00000000a5400000| Untracked 
|  85|0x00000000a5500000, 0x00000000a5600000, 0x00000000a5600000|100%| O|  |TAMS 0x00000000a5600000, 0x00000000a5500000| Untracked 
|  86|0x00000000a5600000, 0x00000000a5700000, 0x00000000a5700000|100%| O|  |TAMS 0x00000000a5700000, 0x00000000a5600000| Complete 
|  87|0x00000000a5700000, 0x00000000a5800000, 0x00000000a5800000|100%| O|  |TAMS 0x00000000a5800000, 0x00000000a5700000| Untracked 
|  88|0x00000000a5800000, 0x00000000a5900000, 0x00000000a5900000|100%| O|  |TAMS 0x00000000a5900000, 0x00000000a5800000| Untracked 
|  89|0x00000000a5900000, 0x00000000a5a00000, 0x00000000a5a00000|100%| O|  |TAMS 0x00000000a5a00000, 0x00000000a5900000| Complete 
|  90|0x00000000a5a00000, 0x00000000a5b00000, 0x00000000a5b00000|100%| O|  |TAMS 0x00000000a5b00000, 0x00000000a5a00000| Complete 
|  91|0x00000000a5b00000, 0x00000000a5c00000, 0x00000000a5c00000|100%| O|  |TAMS 0x00000000a5c00000, 0x00000000a5b00000| Untracked 
|  92|0x00000000a5c00000, 0x00000000a5d00000, 0x00000000a5d00000|100%| O|  |TAMS 0x00000000a5d00000, 0x00000000a5c00000| Untracked 
|  93|0x00000000a5d00000, 0x00000000a5e00000, 0x00000000a5e00000|100%| O|  |TAMS 0x00000000a5e00000, 0x00000000a5d00000| Untracked 
|  94|0x00000000a5e00000, 0x00000000a5f00000, 0x00000000a5f00000|100%| O|  |TAMS 0x00000000a5f00000, 0x00000000a5e00000| Complete 
|  95|0x00000000a5f00000, 0x00000000a6000000, 0x00000000a6000000|100%| O|  |TAMS 0x00000000a6000000, 0x00000000a5f00000| Untracked 
|  96|0x00000000a6000000, 0x00000000a6100000, 0x00000000a6100000|100%| O|  |TAMS 0x00000000a6100000, 0x00000000a6000000| Untracked 
|  97|0x00000000a6100000, 0x00000000a6200000, 0x00000000a6200000|100%| O|  |TAMS 0x00000000a6200000, 0x00000000a6100000| Complete 
|  98|0x00000000a6200000, 0x00000000a6300000, 0x00000000a6300000|100%| O|  |TAMS 0x00000000a6300000, 0x00000000a6200000| Complete 
|  99|0x00000000a6300000, 0x00000000a6400000, 0x00000000a6400000|100%| O|  |TAMS 0x00000000a6400000, 0x00000000a6300000| Untracked 
| 100|0x00000000a6400000, 0x00000000a6500000, 0x00000000a6500000|100%| O|  |TAMS 0x00000000a6500000, 0x00000000a6400000| Complete 
| 101|0x00000000a6500000, 0x00000000a65f5a00, 0x00000000a6600000| 95%| O|  |TAMS 0x00000000a6500000, 0x00000000a6500000| Untracked 
| 102|0x00000000a6600000, 0x00000000a6700000, 0x00000000a6700000|100%| O|  |TAMS 0x00000000a6700000, 0x00000000a6600000| Untracked 
| 103|0x00000000a6700000, 0x00000000a6800000, 0x00000000a6800000|100%| O|  |TAMS 0x00000000a6800000, 0x00000000a6700000| Untracked 
| 104|0x00000000a6800000, 0x00000000a6900000, 0x00000000a6900000|100%| O|  |TAMS 0x00000000a6900000, 0x00000000a6800000| Complete 
| 105|0x00000000a6900000, 0x00000000a6900000, 0x00000000a6a00000|  0%| F|  |TAMS 0x00000000a6900000, 0x00000000a6900000| Untracked 
| 106|0x00000000a6a00000, 0x00000000a6b00000, 0x00000000a6b00000|100%| O|  |TAMS 0x00000000a6b00000, 0x00000000a6a00000| Untracked 
| 107|0x00000000a6b00000, 0x00000000a6c00000, 0x00000000a6c00000|100%| O|  |TAMS 0x00000000a6c00000, 0x00000000a6b00000| Complete 
| 108|0x00000000a6c00000, 0x00000000a6d00000, 0x00000000a6d00000|100%| O|  |TAMS 0x00000000a6d00000, 0x00000000a6c00000| Untracked 
| 109|0x00000000a6d00000, 0x00000000a6e00000, 0x00000000a6e00000|100%| O|  |TAMS 0x00000000a6e00000, 0x00000000a6d00000| Untracked 
| 110|0x00000000a6e00000, 0x00000000a6f00000, 0x00000000a6f00000|100%| O|  |TAMS 0x00000000a6f00000, 0x00000000a6e00000| Complete 
| 111|0x00000000a6f00000, 0x00000000a7000000, 0x00000000a7000000|100%| O|  |TAMS 0x00000000a7000000, 0x00000000a6f00000| Complete 
| 112|0x00000000a7000000, 0x00000000a7000000, 0x00000000a7100000|  0%| F|  |TAMS 0x00000000a7000000, 0x00000000a7000000| Untracked 
| 113|0x00000000a7100000, 0x00000000a7100000, 0x00000000a7200000|  0%| F|  |TAMS 0x00000000a7100000, 0x00000000a7100000| Untracked 
| 114|0x00000000a7200000, 0x00000000a7200000, 0x00000000a7300000|  0%| F|  |TAMS 0x00000000a7200000, 0x00000000a7200000| Untracked 
| 115|0x00000000a7300000, 0x00000000a7400000, 0x00000000a7400000|100%| O|  |TAMS 0x00000000a7400000, 0x00000000a7300000| Complete 
| 116|0x00000000a7400000, 0x00000000a7500000, 0x00000000a7500000|100%| O|  |TAMS 0x00000000a7500000, 0x00000000a7400000| Complete 
| 117|0x00000000a7500000, 0x00000000a7500000, 0x00000000a7600000|  0%| F|  |TAMS 0x00000000a7500000, 0x00000000a7500000| Untracked 
| 118|0x00000000a7600000, 0x00000000a7700000, 0x00000000a7700000|100%| O|  |TAMS 0x00000000a7700000, 0x00000000a7600000| Complete 
| 119|0x00000000a7700000, 0x00000000a7700000, 0x00000000a7800000|  0%| F|  |TAMS 0x00000000a7700000, 0x00000000a7700000| Untracked 
| 120|0x00000000a7800000, 0x00000000a7800000, 0x00000000a7900000|  0%| F|  |TAMS 0x00000000a7800000, 0x00000000a7800000| Untracked 
| 121|0x00000000a7900000, 0x00000000a7900000, 0x00000000a7a00000|  0%| F|  |TAMS 0x00000000a7900000, 0x00000000a7900000| Untracked 
| 122|0x00000000a7a00000, 0x00000000a7b00000, 0x00000000a7b00000|100%| O|  |TAMS 0x00000000a7b00000, 0x00000000a7a00000| Complete 
| 123|0x00000000a7b00000, 0x00000000a7c00000, 0x00000000a7c00000|100%| O|  |TAMS 0x00000000a7c00000, 0x00000000a7b00000| Complete 
| 124|0x00000000a7c00000, 0x00000000a7d00000, 0x00000000a7d00000|100%| O|  |TAMS 0x00000000a7d00000, 0x00000000a7c00000| Untracked 
| 125|0x00000000a7d00000, 0x00000000a7e00000, 0x00000000a7e00000|100%| O|  |TAMS 0x00000000a7e00000, 0x00000000a7d00000| Complete 
| 126|0x00000000a7e00000, 0x00000000a7f00000, 0x00000000a7f00000|100%| O|  |TAMS 0x00000000a7f00000, 0x00000000a7e00000| Complete 
| 127|0x00000000a7f00000, 0x00000000a8000000, 0x00000000a8000000|100%| O|  |TAMS 0x00000000a8000000, 0x00000000a7f00000| Untracked 
| 128|0x00000000a8000000, 0x00000000a8100000, 0x00000000a8100000|100%| O|  |TAMS 0x00000000a8100000, 0x00000000a8000000| Untracked 
| 129|0x00000000a8100000, 0x00000000a8200000, 0x00000000a8200000|100%| O|  |TAMS 0x00000000a8200000, 0x00000000a8100000| Untracked 
| 130|0x00000000a8200000, 0x00000000a8300000, 0x00000000a8300000|100%| O|  |TAMS 0x00000000a8300000, 0x00000000a8200000| Untracked 
| 131|0x00000000a8300000, 0x00000000a8400000, 0x00000000a8400000|100%| O|  |TAMS 0x00000000a8336800, 0x00000000a8300000| Untracked 
| 132|0x00000000a8400000, 0x00000000a8400000, 0x00000000a8500000|  0%| F|  |TAMS 0x00000000a8400000, 0x00000000a8400000| Untracked 
| 133|0x00000000a8500000, 0x00000000a8500000, 0x00000000a8600000|  0%| F|  |TAMS 0x00000000a8500000, 0x00000000a8500000| Untracked 
| 134|0x00000000a8600000, 0x00000000a8600000, 0x00000000a8700000|  0%| F|  |TAMS 0x00000000a8600000, 0x00000000a8600000| Untracked 
| 135|0x00000000a8700000, 0x00000000a8700000, 0x00000000a8800000|  0%| F|  |TAMS 0x00000000a8700000, 0x00000000a8700000| Untracked 
| 136|0x00000000a8800000, 0x00000000a8800000, 0x00000000a8900000|  0%| F|  |TAMS 0x00000000a8800000, 0x00000000a8800000| Untracked 
| 137|0x00000000a8900000, 0x00000000a8900000, 0x00000000a8a00000|  0%| F|  |TAMS 0x00000000a8900000, 0x00000000a8900000| Untracked 
| 138|0x00000000a8a00000, 0x00000000a8a00000, 0x00000000a8b00000|  0%| F|  |TAMS 0x00000000a8a00000, 0x00000000a8a00000| Untracked 
| 139|0x00000000a8b00000, 0x00000000a8b00000, 0x00000000a8c00000|  0%| F|  |TAMS 0x00000000a8b00000, 0x00000000a8b00000| Untracked 
| 140|0x00000000a8c00000, 0x00000000a8c00000, 0x00000000a8d00000|  0%| F|  |TAMS 0x00000000a8c00000, 0x00000000a8c00000| Untracked 
| 141|0x00000000a8d00000, 0x00000000a8d00000, 0x00000000a8e00000|  0%| F|  |TAMS 0x00000000a8d00000, 0x00000000a8d00000| Untracked 
| 142|0x00000000a8e00000, 0x00000000a8e00000, 0x00000000a8f00000|  0%| F|  |TAMS 0x00000000a8e00000, 0x00000000a8e00000| Untracked 
| 143|0x00000000a8f00000, 0x00000000a8f00000, 0x00000000a9000000|  0%| F|  |TAMS 0x00000000a8f00000, 0x00000000a8f00000| Untracked 
| 144|0x00000000a9000000, 0x00000000a9000000, 0x00000000a9100000|  0%| F|  |TAMS 0x00000000a9000000, 0x00000000a9000000| Untracked 
| 145|0x00000000a9100000, 0x00000000a9100000, 0x00000000a9200000|  0%| F|  |TAMS 0x00000000a9100000, 0x00000000a9100000| Untracked 
| 146|0x00000000a9200000, 0x00000000a9200000, 0x00000000a9300000|  0%| F|  |TAMS 0x00000000a9200000, 0x00000000a9200000| Untracked 
| 147|0x00000000a9300000, 0x00000000a9300000, 0x00000000a9400000|  0%| F|  |TAMS 0x00000000a9300000, 0x00000000a9300000| Untracked 
| 148|0x00000000a9400000, 0x00000000a9400000, 0x00000000a9500000|  0%| F|  |TAMS 0x00000000a9400000, 0x00000000a9400000| Untracked 
| 149|0x00000000a9500000, 0x00000000a9500000, 0x00000000a9600000|  0%| F|  |TAMS 0x00000000a9500000, 0x00000000a9500000| Untracked 
| 150|0x00000000a9600000, 0x00000000a9600000, 0x00000000a9700000|  0%| F|  |TAMS 0x00000000a9600000, 0x00000000a9600000| Untracked 
| 151|0x00000000a9700000, 0x00000000a9700000, 0x00000000a9800000|  0%| F|  |TAMS 0x00000000a9700000, 0x00000000a9700000| Untracked 
| 152|0x00000000a9800000, 0x00000000a9800000, 0x00000000a9900000|  0%| F|  |TAMS 0x00000000a9800000, 0x00000000a9800000| Untracked 
| 153|0x00000000a9900000, 0x00000000a9900000, 0x00000000a9a00000|  0%| F|  |TAMS 0x00000000a9900000, 0x00000000a9900000| Untracked 
| 154|0x00000000a9a00000, 0x00000000a9a00000, 0x00000000a9b00000|  0%| F|  |TAMS 0x00000000a9a00000, 0x00000000a9a00000| Untracked 
| 155|0x00000000a9b00000, 0x00000000a9b00000, 0x00000000a9c00000|  0%| F|  |TAMS 0x00000000a9b00000, 0x00000000a9b00000| Untracked 
| 156|0x00000000a9c00000, 0x00000000a9c00000, 0x00000000a9d00000|  0%| F|  |TAMS 0x00000000a9c00000, 0x00000000a9c00000| Untracked 
| 157|0x00000000a9d00000, 0x00000000a9d00000, 0x00000000a9e00000|  0%| F|  |TAMS 0x00000000a9d00000, 0x00000000a9d00000| Untracked 
| 158|0x00000000a9e00000, 0x00000000a9e00000, 0x00000000a9f00000|  0%| F|  |TAMS 0x00000000a9e00000, 0x00000000a9e00000| Untracked 
| 159|0x00000000a9f00000, 0x00000000a9f00000, 0x00000000aa000000|  0%| F|  |TAMS 0x00000000a9f00000, 0x00000000a9f00000| Untracked 
| 160|0x00000000aa000000, 0x00000000aa000000, 0x00000000aa100000|  0%| F|  |TAMS 0x00000000aa000000, 0x00000000aa000000| Untracked 
| 161|0x00000000aa100000, 0x00000000aa100000, 0x00000000aa200000|  0%| F|  |TAMS 0x00000000aa100000, 0x00000000aa100000| Untracked 
| 162|0x00000000aa200000, 0x00000000aa200000, 0x00000000aa300000|  0%| F|  |TAMS 0x00000000aa200000, 0x00000000aa200000| Untracked 
| 163|0x00000000aa300000, 0x00000000aa300000, 0x00000000aa400000|  0%| F|  |TAMS 0x00000000aa300000, 0x00000000aa300000| Untracked 
| 164|0x00000000aa400000, 0x00000000aa400000, 0x00000000aa500000|  0%| F|  |TAMS 0x00000000aa400000, 0x00000000aa400000| Untracked 
| 165|0x00000000aa500000, 0x00000000aa500000, 0x00000000aa600000|  0%| F|  |TAMS 0x00000000aa500000, 0x00000000aa500000| Untracked 
| 166|0x00000000aa600000, 0x00000000aa600000, 0x00000000aa700000|  0%| F|  |TAMS 0x00000000aa600000, 0x00000000aa600000| Untracked 
| 167|0x00000000aa700000, 0x00000000aa700000, 0x00000000aa800000|  0%| F|  |TAMS 0x00000000aa700000, 0x00000000aa700000| Untracked 
| 168|0x00000000aa800000, 0x00000000aa800000, 0x00000000aa900000|  0%| F|  |TAMS 0x00000000aa800000, 0x00000000aa800000| Untracked 
| 169|0x00000000aa900000, 0x00000000aa900000, 0x00000000aaa00000|  0%| F|  |TAMS 0x00000000aa900000, 0x00000000aa900000| Untracked 
| 170|0x00000000aaa00000, 0x00000000aaa00000, 0x00000000aab00000|  0%| F|  |TAMS 0x00000000aaa00000, 0x00000000aaa00000| Untracked 
| 171|0x00000000aab00000, 0x00000000aab00000, 0x00000000aac00000|  0%| F|  |TAMS 0x00000000aab00000, 0x00000000aab00000| Untracked 
| 172|0x00000000aac00000, 0x00000000aac00000, 0x00000000aad00000|  0%| F|  |TAMS 0x00000000aac00000, 0x00000000aac00000| Untracked 
| 173|0x00000000aad00000, 0x00000000aad00000, 0x00000000aae00000|  0%| F|  |TAMS 0x00000000aad00000, 0x00000000aad00000| Untracked 
| 174|0x00000000aae00000, 0x00000000aae00000, 0x00000000aaf00000|  0%| F|  |TAMS 0x00000000aae00000, 0x00000000aae00000| Untracked 
| 175|0x00000000aaf00000, 0x00000000aaf00000, 0x00000000ab000000|  0%| F|  |TAMS 0x00000000aaf00000, 0x00000000aaf00000| Untracked 
| 176|0x00000000ab000000, 0x00000000ab000000, 0x00000000ab100000|  0%| F|  |TAMS 0x00000000ab000000, 0x00000000ab000000| Untracked 
| 177|0x00000000ab100000, 0x00000000ab100000, 0x00000000ab200000|  0%| F|  |TAMS 0x00000000ab100000, 0x00000000ab100000| Untracked 
| 178|0x00000000ab200000, 0x00000000ab200000, 0x00000000ab300000|  0%| F|  |TAMS 0x00000000ab200000, 0x00000000ab200000| Untracked 
| 179|0x00000000ab300000, 0x00000000ab300000, 0x00000000ab400000|  0%| F|  |TAMS 0x00000000ab300000, 0x00000000ab300000| Untracked 
| 180|0x00000000ab400000, 0x00000000ab400000, 0x00000000ab500000|  0%| F|  |TAMS 0x00000000ab400000, 0x00000000ab400000| Untracked 
| 181|0x00000000ab500000, 0x00000000ab500000, 0x00000000ab600000|  0%| F|  |TAMS 0x00000000ab500000, 0x00000000ab500000| Untracked 
| 182|0x00000000ab600000, 0x00000000ab600000, 0x00000000ab700000|  0%| F|  |TAMS 0x00000000ab600000, 0x00000000ab600000| Untracked 
| 183|0x00000000ab700000, 0x00000000ab700000, 0x00000000ab800000|  0%| F|  |TAMS 0x00000000ab700000, 0x00000000ab700000| Untracked 
| 184|0x00000000ab800000, 0x00000000ab800000, 0x00000000ab900000|  0%| F|  |TAMS 0x00000000ab800000, 0x00000000ab800000| Untracked 
| 185|0x00000000ab900000, 0x00000000ab900000, 0x00000000aba00000|  0%| F|  |TAMS 0x00000000ab900000, 0x00000000ab900000| Untracked 
| 186|0x00000000aba00000, 0x00000000aba00000, 0x00000000abb00000|  0%| F|  |TAMS 0x00000000aba00000, 0x00000000aba00000| Untracked 
| 187|0x00000000abb00000, 0x00000000abb00000, 0x00000000abc00000|  0%| F|  |TAMS 0x00000000abb00000, 0x00000000abb00000| Untracked 
| 188|0x00000000abc00000, 0x00000000abc00000, 0x00000000abd00000|  0%| F|  |TAMS 0x00000000abc00000, 0x00000000abc00000| Untracked 
| 189|0x00000000abd00000, 0x00000000abd00000, 0x00000000abe00000|  0%| F|  |TAMS 0x00000000abd00000, 0x00000000abd00000| Untracked 
| 190|0x00000000abe00000, 0x00000000abe00000, 0x00000000abf00000|  0%| F|  |TAMS 0x00000000abe00000, 0x00000000abe00000| Untracked 
| 191|0x00000000abf00000, 0x00000000abf00000, 0x00000000ac000000|  0%| F|  |TAMS 0x00000000abf00000, 0x00000000abf00000| Untracked 
| 192|0x00000000ac000000, 0x00000000ac000000, 0x00000000ac100000|  0%| F|  |TAMS 0x00000000ac000000, 0x00000000ac000000| Untracked 
| 193|0x00000000ac100000, 0x00000000ac100000, 0x00000000ac200000|  0%| F|  |TAMS 0x00000000ac100000, 0x00000000ac100000| Untracked 
| 194|0x00000000ac200000, 0x00000000ac200000, 0x00000000ac300000|  0%| F|  |TAMS 0x00000000ac200000, 0x00000000ac200000| Untracked 
| 195|0x00000000ac300000, 0x00000000ac300000, 0x00000000ac400000|  0%| F|  |TAMS 0x00000000ac300000, 0x00000000ac300000| Untracked 
| 196|0x00000000ac400000, 0x00000000ac400000, 0x00000000ac500000|  0%| F|  |TAMS 0x00000000ac400000, 0x00000000ac400000| Untracked 
| 197|0x00000000ac500000, 0x00000000ac500000, 0x00000000ac600000|  0%| F|  |TAMS 0x00000000ac500000, 0x00000000ac500000| Untracked 
| 198|0x00000000ac600000, 0x00000000ac600000, 0x00000000ac700000|  0%| F|  |TAMS 0x00000000ac600000, 0x00000000ac600000| Untracked 
| 199|0x00000000ac700000, 0x00000000ac700000, 0x00000000ac800000|  0%| F|  |TAMS 0x00000000ac700000, 0x00000000ac700000| Untracked 
| 200|0x00000000ac800000, 0x00000000ac800000, 0x00000000ac900000|  0%| F|  |TAMS 0x00000000ac800000, 0x00000000ac800000| Untracked 
| 201|0x00000000ac900000, 0x00000000ac900000, 0x00000000aca00000|  0%| F|  |TAMS 0x00000000ac900000, 0x00000000ac900000| Untracked 
| 202|0x00000000aca00000, 0x00000000aca00000, 0x00000000acb00000|  0%| F|  |TAMS 0x00000000aca00000, 0x00000000aca00000| Untracked 
| 203|0x00000000acb00000, 0x00000000acb00000, 0x00000000acc00000|  0%| F|  |TAMS 0x00000000acb00000, 0x00000000acb00000| Untracked 
| 204|0x00000000acc00000, 0x00000000acc00000, 0x00000000acd00000|  0%| F|  |TAMS 0x00000000acc00000, 0x00000000acc00000| Untracked 
| 205|0x00000000acd00000, 0x00000000acd00000, 0x00000000ace00000|  0%| F|  |TAMS 0x00000000acd00000, 0x00000000acd00000| Untracked 
| 206|0x00000000ace00000, 0x00000000ace00000, 0x00000000acf00000|  0%| F|  |TAMS 0x00000000ace00000, 0x00000000ace00000| Untracked 
| 207|0x00000000acf00000, 0x00000000acf00000, 0x00000000ad000000|  0%| F|  |TAMS 0x00000000acf00000, 0x00000000acf00000| Untracked 
| 208|0x00000000ad000000, 0x00000000ad000000, 0x00000000ad100000|  0%| F|  |TAMS 0x00000000ad000000, 0x00000000ad000000| Untracked 
| 209|0x00000000ad100000, 0x00000000ad100000, 0x00000000ad200000|  0%| F|  |TAMS 0x00000000ad100000, 0x00000000ad100000| Untracked 
| 210|0x00000000ad200000, 0x00000000ad2ef0d8, 0x00000000ad300000| 93%| S|CS|TAMS 0x00000000ad200000, 0x00000000ad200000| Complete 
| 211|0x00000000ad300000, 0x00000000ad300000, 0x00000000ad400000|  0%| F|  |TAMS 0x00000000ad300000, 0x00000000ad300000| Untracked 
| 212|0x00000000ad400000, 0x00000000ad400000, 0x00000000ad500000|  0%| F|  |TAMS 0x00000000ad400000, 0x00000000ad400000| Untracked 
| 213|0x00000000ad500000, 0x00000000ad500000, 0x00000000ad600000|  0%| F|  |TAMS 0x00000000ad500000, 0x00000000ad500000| Untracked 
| 214|0x00000000ad600000, 0x00000000ad600000, 0x00000000ad700000|  0%| F|  |TAMS 0x00000000ad600000, 0x00000000ad600000| Untracked 
| 215|0x00000000ad700000, 0x00000000ad700000, 0x00000000ad800000|  0%| F|  |TAMS 0x00000000ad700000, 0x00000000ad700000| Untracked 
| 216|0x00000000ad800000, 0x00000000ad800000, 0x00000000ad900000|  0%| F|  |TAMS 0x00000000ad800000, 0x00000000ad800000| Untracked 
| 217|0x00000000ad900000, 0x00000000ad900000, 0x00000000ada00000|  0%| F|  |TAMS 0x00000000ad900000, 0x00000000ad900000| Untracked 
| 218|0x00000000ada00000, 0x00000000ada00000, 0x00000000adb00000|  0%| F|  |TAMS 0x00000000ada00000, 0x00000000ada00000| Untracked 
| 219|0x00000000adb00000, 0x00000000adb00000, 0x00000000adc00000|  0%| F|  |TAMS 0x00000000adb00000, 0x00000000adb00000| Untracked 

Card table byte_map: [0x0000028cf7e20000,0x0000028cf8120000] _byte_map_base: 0x0000028cf7920000

Marking Bits (Prev, Next): (CMBitMap*) 0x0000028cf3d00608, (CMBitMap*) 0x0000028cf3d00640
 Prev Bits: [0x0000028cf8420000, 0x0000028cf9c20000)
 Next Bits: [0x0000028cf9c20000, 0x0000028cfb420000)

Polling page: 0x0000028cf1c10000

Metaspace:

Usage:
  Non-class:     90.92 MB capacity,    88.98 MB ( 98%) used,     1.55 MB (  2%) free+waste,   395.75 KB ( <1%) overhead. 
      Class:     14.33 MB capacity,    13.11 MB ( 91%) used,     1.05 MB (  7%) free+waste,   176.25 KB (  1%) overhead. 
       Both:    105.25 MB capacity,   102.09 MB ( 97%) used,     2.61 MB (  2%) free+waste,   572.00 KB ( <1%) overhead. 

Virtual space:
  Non-class space:       94.00 MB reserved,      92.13 MB ( 98%) committed 
      Class space:        1.00 GB reserved,      15.40 MB (  2%) committed 
             Both:        1.09 GB reserved,     107.53 MB ( 10%) committed 

Chunk freelists:
   Non-Class:  1.21 MB
       Class:  1.04 MB
        Both:  2.25 MB

MaxMetaspaceSize: 17179869184.00 GB
CompressedClassSpaceSize: 1.00 GB
Initial GC threshold: 20.80 MB
Current GC threshold: 178.80 MB
CDS: off

CodeHeap 'non-profiled nmethods': size=120000Kb used=8368Kb max_used=8368Kb free=111631Kb
 bounds [0x0000028c87ad0000, 0x0000028c88300000, 0x0000028c8f000000]
CodeHeap 'profiled nmethods': size=120000Kb used=33956Kb max_used=33956Kb free=86044Kb
 bounds [0x0000028c805a0000, 0x0000028c826d0000, 0x0000028c87ad0000]
CodeHeap 'non-nmethods': size=5760Kb used=2416Kb max_used=2468Kb free=3344Kb
 bounds [0x0000028c80000000, 0x0000028c80280000, 0x0000028c805a0000]
 total_blobs=16432 nmethods=15487 adapters=854
 compilation: enabled
              stopped_count=0, restarted_count=0
 full_count=0

Compilation events (20 events):
Event: 21.312 Thread 0x0000028cfe7ef800 15994       2       java.io.ObjectInputStream::readHandle (136 bytes)
Event: 21.313 Thread 0x0000028cfe7ef800 nmethod 15994 0x0000028c826c1210 code [0x0000028c826c14e0, 0x0000028c826c2038]
Event: 21.313 Thread 0x0000028cfe7ef800 15993       2       java.io.ObjectInputStream::readString (117 bytes)
Event: 21.314 Thread 0x0000028cfe7ef800 nmethod 15993 0x0000028c826c2690 code [0x0000028c826c2940, 0x0000028c826c31c8]
Event: 21.314 Thread 0x0000028cfe7ef800 15997       2       java.io.ObjectInputStream::readClassDesc (123 bytes)
Event: 21.316 Thread 0x0000028cfe7ef800 nmethod 15997 0x0000028c826c3710 code [0x0000028c826c39e0, 0x0000028c826c4458]
Event: 21.316 Thread 0x0000028cfe7ef800 15990       2       java.io.ObjectStreamClass::hasReadObjectMethod (17 bytes)
Event: 21.316 Thread 0x0000028cfe7ef800 nmethod 15990 0x0000028c826c4a10 code [0x0000028c826c4be0, 0x0000028c826c4dc8]
Event: 21.320 Thread 0x0000028cfe7ef800 15999       2       java.util.regex.Pattern$Begin::match (62 bytes)
Event: 21.321 Thread 0x0000028cfe7ef800 nmethod 15999 0x0000028c826c4f10 code [0x0000028c826c50e0, 0x0000028c826c52c8]
Event: 21.322 Thread 0x0000028cfe7ef800 16000       2       org.gradle.internal.execution.steps.ValidateStep::execute (238 bytes)
Event: 21.326 Thread 0x0000028cfe7ef800 nmethod 16000 0x0000028c826c5410 code [0x0000028c826c5880, 0x0000028c826c6ba8]
Event: 21.326 Thread 0x0000028cfe7ef800 16001       1       com.android.builder.dexing.DexEntry::getDexDirOrJar (5 bytes)
Event: 21.326 Thread 0x0000028cfe7ef800 nmethod 16001 0x0000028c882fbc10 code [0x0000028c882fbdc0, 0x0000028c882fbe78]
Event: 21.329 Thread 0x0000028cfe7ef800 16002       1       com.android.builder.dexing.DexEntry::getRelativePath (5 bytes)
Event: 21.329 Thread 0x0000028cfe7ef800 nmethod 16002 0x0000028c882fbf10 code [0x0000028c882fc0c0, 0x0000028c882fc178]
Event: 21.342 Thread 0x0000028cfe7ef800 16003       2       kotlin.text.StringsKt__StringsKt::getLastIndex (15 bytes)
Event: 21.343 Thread 0x0000028cfe7ef800 nmethod 16003 0x0000028c826c7890 code [0x0000028c826c7a80, 0x0000028c826c7d08]
Event: 21.348 Thread 0x0000028cfe7ef800 16004       2       org.gradle.internal.execution.steps.ResolveCachingStateStep::logDisabledReasons (104 bytes)
Event: 21.349 Thread 0x0000028cfe7ef800 nmethod 16004 0x0000028c826c7f10 code [0x0000028c826c81c0, 0x0000028c826c8a58]

GC Heap History (20 events):
Event: 18.545 GC heap after
{Heap after GC invocations=38 (full 0):
 garbage-first heap   total 225280K, used 128189K [0x00000000a0000000, 0x0000000100000000)
  region size 1024K, 3 young (3072K), 3 survivors (3072K)
 Metaspace       used 101821K, capacity 105910K, committed 106268K, reserved 1140736K
  class space    used 13695K, capacity 15403K, committed 15512K, reserved 1048576K
}
Event: 18.877 GC heap before
{Heap before GC invocations=39 (full 0):
 garbage-first heap   total 225280K, used 176317K [0x00000000a0000000, 0x0000000100000000)
  region size 1024K, 50 young (51200K), 3 survivors (3072K)
 Metaspace       used 101631K, capacity 105210K, committed 106908K, reserved 1140736K
  class space    used 13464K, capacity 14931K, committed 15640K, reserved 1048576K
}
Event: 18.882 GC heap after
{Heap after GC invocations=40 (full 0):
 garbage-first heap   total 225280K, used 128871K [0x00000000a0000000, 0x0000000100000000)
  region size 1024K, 4 young (4096K), 4 survivors (4096K)
 Metaspace       used 101631K, capacity 105210K, committed 106908K, reserved 1140736K
  class space    used 13464K, capacity 14931K, committed 15640K, reserved 1048576K
}
Event: 19.121 GC heap before
{Heap before GC invocations=40 (full 0):
 garbage-first heap   total 225280K, used 178023K [0x00000000a0000000, 0x0000000100000000)
  region size 1024K, 53 young (54272K), 4 survivors (4096K)
 Metaspace       used 103323K, capacity 107027K, committed 108316K, reserved 1142784K
  class space    used 13669K, capacity 15205K, committed 15768K, reserved 1048576K
}
Event: 19.128 GC heap after
{Heap after GC invocations=41 (full 0):
 garbage-first heap   total 225280K, used 130198K [0x00000000a0000000, 0x0000000100000000)
  region size 1024K, 5 young (5120K), 5 survivors (5120K)
 Metaspace       used 103323K, capacity 107027K, committed 108316K, reserved 1142784K
  class space    used 13669K, capacity 15205K, committed 15768K, reserved 1048576K
}
Event: 19.503 GC heap before
{Heap before GC invocations=42 (full 0):
 garbage-first heap   total 225280K, used 180374K [0x00000000a0000000, 0x0000000100000000)
  region size 1024K, 56 young (57344K), 5 survivors (5120K)
 Metaspace       used 103187K, capacity 106603K, committed 108828K, reserved 1142784K
  class space    used 13453K, capacity 14755K, committed 15768K, reserved 1048576K
}
Event: 19.517 GC heap after
{Heap after GC invocations=43 (full 0):
 garbage-first heap   total 225280K, used 133425K [0x00000000a0000000, 0x0000000100000000)
  region size 1024K, 7 young (7168K), 7 survivors (7168K)
 Metaspace       used 103187K, capacity 106603K, committed 108828K, reserved 1142784K
  class space    used 13453K, capacity 14755K, committed 15768K, reserved 1048576K
}
Event: 19.974 GC heap before
{Heap before GC invocations=44 (full 0):
 garbage-first heap   total 225280K, used 185649K [0x00000000a0000000, 0x0000000100000000)
  region size 1024K, 57 young (58368K), 7 survivors (7168K)
 Metaspace       used 103758K, capacity 107234K, committed 109340K, reserved 1142784K
  class space    used 13485K, capacity 14825K, committed 15768K, reserved 1048576K
}
Event: 19.979 GC heap after
{Heap after GC invocations=45 (full 0):
 garbage-first heap   total 225280K, used 129822K [0x00000000a0000000, 0x0000000100000000)
  region size 1024K, 2 young (2048K), 2 survivors (2048K)
 Metaspace       used 103758K, capacity 107234K, committed 109340K, reserved 1142784K
  class space    used 13485K, capacity 14825K, committed 15768K, reserved 1048576K
}
Event: 20.202 GC heap before
{Heap before GC invocations=45 (full 0):
 garbage-first heap   total 225280K, used 184094K [0x00000000a0000000, 0x0000000100000000)
  region size 1024K, 56 young (57344K), 2 survivors (2048K)
 Metaspace       used 103852K, capacity 107325K, committed 109340K, reserved 1142784K
  class space    used 13497K, capacity 14834K, committed 15768K, reserved 1048576K
}
Event: 20.210 GC heap after
{Heap after GC invocations=46 (full 0):
 garbage-first heap   total 225280K, used 132250K [0x00000000a0000000, 0x0000000100000000)
  region size 1024K, 4 young (4096K), 4 survivors (4096K)
 Metaspace       used 103852K, capacity 107325K, committed 109340K, reserved 1142784K
  class space    used 13497K, capacity 14834K, committed 15768K, reserved 1048576K
}
Event: 20.522 GC heap before
{Heap before GC invocations=47 (full 0):
 garbage-first heap   total 225280K, used 185498K [0x00000000a0000000, 0x0000000100000000)
  region size 1024K, 58 young (59392K), 4 survivors (4096K)
 Metaspace       used 103634K, capacity 106844K, committed 109596K, reserved 1142784K
  class space    used 13353K, capacity 14580K, committed 15768K, reserved 1048576K
}
Event: 20.528 GC heap after
{Heap after GC invocations=48 (full 0):
 garbage-first heap   total 225280K, used 133980K [0x00000000a0000000, 0x0000000100000000)
  region size 1024K, 7 young (7168K), 7 survivors (7168K)
 Metaspace       used 103634K, capacity 106844K, committed 109596K, reserved 1142784K
  class space    used 13353K, capacity 14580K, committed 15768K, reserved 1048576K
}
Event: 20.537 GC heap before
{Heap before GC invocations=48 (full 0):
 garbage-first heap   total 225280K, used 137052K [0x00000000a0000000, 0x0000000100000000)
  region size 1024K, 11 young (11264K), 7 survivors (7168K)
 Metaspace       used 103637K, capacity 106844K, committed 109596K, reserved 1142784K
  class space    used 13353K, capacity 14580K, committed 15768K, reserved 1048576K
}
Event: 20.544 GC heap after
{Heap after GC invocations=49 (full 0):
 garbage-first heap   total 225280K, used 127709K [0x00000000a0000000, 0x0000000100000000)
  region size 1024K, 2 young (2048K), 2 survivors (2048K)
 Metaspace       used 103637K, capacity 106844K, committed 109596K, reserved 1142784K
  class space    used 13353K, capacity 14580K, committed 15768K, reserved 1048576K
}
Event: 20.679 GC heap before
{Heap before GC invocations=49 (full 0):
 garbage-first heap   total 225280K, used 185053K [0x00000000a0000000, 0x0000000100000000)
  region size 1024K, 59 young (60416K), 2 survivors (2048K)
 Metaspace       used 103910K, capacity 107111K, committed 109852K, reserved 1142784K
  class space    used 13355K, capacity 14584K, committed 15768K, reserved 1048576K
}
Event: 20.684 GC heap after
{Heap after GC invocations=50 (full 0):
 garbage-first heap   total 225280K, used 128853K [0x00000000a0000000, 0x0000000100000000)
  region size 1024K, 3 young (3072K), 3 survivors (3072K)
 Metaspace       used 103910K, capacity 107111K, committed 109852K, reserved 1142784K
  class space    used 13355K, capacity 14584K, committed 15768K, reserved 1048576K
}
Event: 21.274 GC heap before
{Heap before GC invocations=51 (full 0):
 garbage-first heap   total 225280K, used 187221K [0x00000000a0000000, 0x0000000100000000)
  region size 1024K, 62 young (63488K), 3 survivors (3072K)
 Metaspace       used 104405K, capacity 107563K, committed 110108K, reserved 1144832K
  class space    used 13409K, capacity 14631K, committed 15768K, reserved 1048576K
}
Event: 21.278 GC heap after
{Heap after GC invocations=52 (full 0):
 garbage-first heap   total 225280K, used 127458K [0x00000000a0000000, 0x0000000100000000)
  region size 1024K, 2 young (2048K), 2 survivors (2048K)
 Metaspace       used 104405K, capacity 107563K, committed 110108K, reserved 1144832K
  class space    used 13409K, capacity 14631K, committed 15768K, reserved 1048576K
}
Event: 21.350 GC heap before
{Heap before GC invocations=52 (full 0):
 garbage-first heap   total 225280K, used 135650K [0x00000000a0000000, 0x0000000100000000)
  region size 1024K, 11 young (11264K), 2 survivors (2048K)
 Metaspace       used 104539K, capacity 107780K, committed 110108K, reserved 1144832K
  class space    used 13426K, capacity 14679K, committed 15768K, reserved 1048576K
}

Deoptimization events (20 events):
Event: 21.246 Thread 0x0000028cfeb84800 DEOPT PACKING pc=0x0000028c88151828 sp=0x000000c9f5ffd560
Event: 21.246 Thread 0x0000028cfeb84800 DEOPT UNPACKING pc=0x0000028c8004a1af sp=0x000000c9f5ffd4e0 mode 2
Event: 21.273 Thread 0x0000028cfeb84800 Uncommon trap: trap_request=0xffffffde fr.pc=0x0000028c87bd1b18 relative=0x0000000000001278
Event: 21.273 Thread 0x0000028cfeb84800 Uncommon trap: reason=class_check action=maybe_recompile pc=0x0000028c87bd1b18 method=java.util.zip.InflaterInputStream.read([BII)I @ 100 c2
Event: 21.273 Thread 0x0000028cfeb84800 DEOPT PACKING pc=0x0000028c87bd1b18 sp=0x000000c9f5ffd960
Event: 21.273 Thread 0x0000028cfeb84800 DEOPT UNPACKING pc=0x0000028c8004a1af sp=0x000000c9f5ffd9c0 mode 2
Event: 21.273 Thread 0x0000028cfeb84800 Uncommon trap: trap_request=0xffffffde fr.pc=0x0000028c87bd1b18 relative=0x0000000000001278
Event: 21.273 Thread 0x0000028cfeb84800 Uncommon trap: reason=class_check action=maybe_recompile pc=0x0000028c87bd1b18 method=java.util.zip.InflaterInputStream.read([BII)I @ 100 c2
Event: 21.273 Thread 0x0000028cfeb84800 DEOPT PACKING pc=0x0000028c87bd1b18 sp=0x000000c9f5ffd960
Event: 21.273 Thread 0x0000028cfeb84800 DEOPT UNPACKING pc=0x0000028c8004a1af sp=0x000000c9f5ffd9c0 mode 2
Event: 21.273 Thread 0x0000028cfeb84800 Uncommon trap: trap_request=0xffffffde fr.pc=0x0000028c87bd1b18 relative=0x0000000000001278
Event: 21.273 Thread 0x0000028cfeb84800 Uncommon trap: reason=class_check action=maybe_recompile pc=0x0000028c87bd1b18 method=java.util.zip.InflaterInputStream.read([BII)I @ 100 c2
Event: 21.273 Thread 0x0000028cfeb84800 DEOPT PACKING pc=0x0000028c87bd1b18 sp=0x000000c9f5ffd960
Event: 21.273 Thread 0x0000028cfeb84800 DEOPT UNPACKING pc=0x0000028c8004a1af sp=0x000000c9f5ffd9c0 mode 2
Event: 21.273 Thread 0x0000028cfeb84800 Uncommon trap: trap_request=0xffffffde fr.pc=0x0000028c87bd1b18 relative=0x0000000000001278
Event: 21.273 Thread 0x0000028cfeb84800 Uncommon trap: reason=class_check action=maybe_recompile pc=0x0000028c87bd1b18 method=java.util.zip.InflaterInputStream.read([BII)I @ 100 c2
Event: 21.273 Thread 0x0000028cfeb84800 DEOPT PACKING pc=0x0000028c87bd1b18 sp=0x000000c9f5ffd960
Event: 21.273 Thread 0x0000028cfeb84800 DEOPT UNPACKING pc=0x0000028c8004a1af sp=0x000000c9f5ffd9c0 mode 2
Event: 21.310 Thread 0x0000028cfeb83800 DEOPT PACKING pc=0x0000028c81a5655c sp=0x000000c9f5efed40
Event: 21.310 Thread 0x0000028cfeb83800 DEOPT UNPACKING pc=0x0000028c8004a95e sp=0x000000c9f5efe308 mode 0

Classes redefined (0 events):
No events

Internal exceptions (20 events):
Event: 21.045 Thread 0x0000028c9140c000 Exception <a 'sun/nio/fs/WindowsException'{0x00000000abef7448}> (0x00000000abef7448) thrown at [src/hotspot/share/prims/jni.cpp, line 617]
Event: 21.047 Thread 0x0000028c9140c000 Exception <a 'sun/nio/fs/WindowsException'{0x00000000abcc20f0}> (0x00000000abcc20f0) thrown at [src/hotspot/share/prims/jni.cpp, line 617]
Event: 21.048 Thread 0x0000028c9140c000 Exception <a 'sun/nio/fs/WindowsException'{0x00000000abccb970}> (0x00000000abccb970) thrown at [src/hotspot/share/prims/jni.cpp, line 617]
Event: 21.051 Thread 0x0000028c9140c000 Exception <a 'sun/nio/fs/WindowsException'{0x00000000abcd2420}> (0x00000000abcd2420) thrown at [src/hotspot/share/prims/jni.cpp, line 617]
Event: 21.054 Thread 0x0000028c91410000 Exception <a 'sun/nio/fs/WindowsException'{0x00000000abac7308}> (0x00000000abac7308) thrown at [src/hotspot/share/prims/jni.cpp, line 617]
Event: 21.055 Thread 0x0000028c9140c000 Exception <a 'sun/nio/fs/WindowsException'{0x00000000abcd9ce8}> (0x00000000abcd9ce8) thrown at [src/hotspot/share/prims/jni.cpp, line 617]
Event: 21.057 Thread 0x0000028c91410000 Exception <a 'sun/nio/fs/WindowsException'{0x00000000abacd298}> (0x00000000abacd298) thrown at [src/hotspot/share/prims/jni.cpp, line 617]
Event: 21.057 Thread 0x0000028c9140c000 Exception <a 'sun/nio/fs/WindowsException'{0x00000000abce29a8}> (0x00000000abce29a8) thrown at [src/hotspot/share/prims/jni.cpp, line 617]
Event: 21.058 Thread 0x0000028c9140c000 Exception <a 'sun/nio/fs/WindowsException'{0x00000000abcea758}> (0x00000000abcea758) thrown at [src/hotspot/share/prims/jni.cpp, line 617]
Event: 21.058 Thread 0x0000028c91410000 Exception <a 'sun/nio/fs/WindowsException'{0x00000000abad3a20}> (0x00000000abad3a20) thrown at [src/hotspot/share/prims/jni.cpp, line 617]
Event: 21.059 Thread 0x0000028c9140c000 Exception <a 'sun/nio/fs/WindowsException'{0x00000000abcf2690}> (0x00000000abcf2690) thrown at [src/hotspot/share/prims/jni.cpp, line 617]
Event: 21.060 Thread 0x0000028c91410000 Exception <a 'sun/nio/fs/WindowsException'{0x00000000abae0930}> (0x00000000abae0930) thrown at [src/hotspot/share/prims/jni.cpp, line 617]
Event: 21.061 Thread 0x0000028c9140c000 Exception <a 'sun/nio/fs/WindowsException'{0x00000000abcf9110}> (0x00000000abcf9110) thrown at [src/hotspot/share/prims/jni.cpp, line 617]
Event: 21.062 Thread 0x0000028c9140c000 Exception <a 'sun/nio/fs/WindowsException'{0x00000000ab7c5758}> (0x00000000ab7c5758) thrown at [src/hotspot/share/prims/jni.cpp, line 617]
Event: 21.062 Thread 0x0000028c91410000 Exception <a 'sun/nio/fs/WindowsException'{0x00000000abaec1d8}> (0x00000000abaec1d8) thrown at [src/hotspot/share/prims/jni.cpp, line 617]
Event: 21.064 Thread 0x0000028c9140c000 Exception <a 'sun/nio/fs/WindowsException'{0x00000000ab7cef08}> (0x00000000ab7cef08) thrown at [src/hotspot/share/prims/jni.cpp, line 617]
Event: 21.064 Thread 0x0000028c91410000 Exception <a 'sun/nio/fs/WindowsException'{0x00000000abaf3bd0}> (0x00000000abaf3bd0) thrown at [src/hotspot/share/prims/jni.cpp, line 617]
Event: 21.148 Thread 0x0000028c91409800 Exception <a 'java/lang/NoSuchMethodError'{0x00000000aafbe3a0}: 'java.lang.Object java.lang.invoke.DirectMethodHandle$Holder.newInvokeSpecial(java.lang.Object, java.lang.Object, java.lang.Object, java.lang.Object)'> (0x00000000aafbe3a0) thrown at [src/hotspot/share/interpreter/linkResolver.cpp, line 773]
Event: 21.158 Thread 0x0000028c90b34000 Exception <a 'java/lang/NoSuchMethodError'{0x00000000aaee8d18}: <clinit>> (0x00000000aaee8d18) thrown at [src/hotspot/share/prims/jni.cpp, line 1367]
Event: 21.205 Thread 0x0000028c91409800 Exception <a 'java/lang/NoSuchMethodError'{0x00000000aac91ed0}: <clinit>> (0x00000000aac91ed0) thrown at [src/hotspot/share/prims/jni.cpp, line 1367]

Events (20 events):
Event: 21.290 loading class com/android/build/gradle/internal/tasks/DexMergingWorkAction
Event: 21.290 loading class com/android/build/gradle/internal/tasks/DexMergingWorkAction done
Event: 21.292 loading class com/android/build/gradle/internal/tasks/DexMergingTaskDelegate$run$1$1
Event: 21.292 loading class com/android/build/gradle/internal/tasks/DexMergingTaskDelegate$run$1$1 done
Event: 21.292 loading class com/android/build/gradle/internal/tasks/DexMergingWorkAction$Params
Event: 21.292 loading class com/android/build/gradle/internal/tasks/DexMergingWorkAction$Params done
Event: 21.296 Executing VM operation: RevokeBias
Event: 21.297 Executing VM operation: RevokeBias done
Event: 21.306 Thread 0x0000028cfeb80800 Thread added: 0x0000028cfeb80800
Event: 21.314 loading class com/android/build/api/transform/TransformException
Event: 21.314 loading class com/android/build/api/transform/TransformException done
Event: 21.317 loading class com/android/builder/dexing/DexArchiveEntry
Event: 21.317 loading class com/android/builder/dexing/DexArchiveEntry done
Event: 21.318 loading class com/android/builder/dexing/DexArchives
Event: 21.318 loading class com/android/builder/dexing/DexArchives done
Event: 21.318 loading class com/android/builder/dexing/DexArchive
Event: 21.318 loading class com/android/builder/dexing/DexArchive done
Event: 21.318 loading class com/android/builder/dexing/DirDexArchive
Event: 21.318 loading class com/android/builder/dexing/DirDexArchive done
Event: 21.350 Executing VM operation: G1CollectForAllocation


Dynamic libraries:
0x00007ff782ca0000 - 0x00007ff782caa000 	C:\Program Files\Android\Android Studio\jbr\bin\java.exe
0x00007ffe0bd20000 - 0x00007ffe0bf29000 	C:\WINDOWS\SYSTEM32\ntdll.dll
0x00007ffe0b790000 - 0x00007ffe0b84e000 	C:\WINDOWS\System32\KERNEL32.DLL
0x00007ffe09800000 - 0x00007ffe09b83000 	C:\WINDOWS\System32\KERNELBASE.dll
0x00007ffdefc30000 - 0x00007ffdefc47000 	C:\Program Files\Android\Android Studio\jbr\bin\jli.dll
0x00007ffdefc10000 - 0x00007ffdefc2b000 	C:\Program Files\Android\Android Studio\jbr\bin\VCRUNTIME140.dll
0x00007ffe09670000 - 0x00007ffe09781000 	C:\WINDOWS\System32\ucrtbase.dll
0x00007ffe0a890000 - 0x00007ffe0aa3d000 	C:\WINDOWS\System32\USER32.dll
0x00007ffe094e0000 - 0x00007ffe09506000 	C:\WINDOWS\System32\win32u.dll
0x00007ffde1db0000 - 0x00007ffde2055000 	C:\WINDOWS\WinSxS\amd64_microsoft.windows.common-controls_6595b64144ccf1df_6.0.22000.120_none_9d947278b86cc467\COMCTL32.dll
0x00007ffe0b9c0000 - 0x00007ffe0b9e9000 	C:\WINDOWS\System32\GDI32.dll
0x00007ffe09b90000 - 0x00007ffe09c33000 	C:\WINDOWS\System32\msvcrt.dll
0x00007ffe091d0000 - 0x00007ffe092ea000 	C:\WINDOWS\System32\gdi32full.dll
0x00007ffe09510000 - 0x00007ffe095ad000 	C:\WINDOWS\System32\msvcp_win.dll
0x00007ffe0b980000 - 0x00007ffe0b9b1000 	C:\WINDOWS\System32\IMM32.DLL
0x00007ffdefc00000 - 0x00007ffdefc0c000 	C:\Program Files\Android\Android Studio\jbr\bin\vcruntime140_1.dll
0x00007ffdef920000 - 0x00007ffdef9ad000 	C:\Program Files\Android\Android Studio\jbr\bin\msvcp140.dll
0x00007ffda6250000 - 0x00007ffda6e0c000 	C:\Program Files\Android\Android Studio\jbr\bin\server\jvm.dll
0x00007ffe0b850000 - 0x00007ffe0b8fe000 	C:\WINDOWS\System32\ADVAPI32.dll
0x00007ffe0a740000 - 0x00007ffe0a7de000 	C:\WINDOWS\System32\sechost.dll
0x00007ffe0aa40000 - 0x00007ffe0ab61000 	C:\WINDOWS\System32\RPCRT4.dll
0x00007ffe0a080000 - 0x00007ffe0a088000 	C:\WINDOWS\System32\PSAPI.DLL
0x00007ffdf3da0000 - 0x00007ffdf3da9000 	C:\WINDOWS\SYSTEM32\WSOCK32.dll
0x00007ffe034f0000 - 0x00007ffe03523000 	C:\WINDOWS\SYSTEM32\WINMM.dll
0x00007ffe025b0000 - 0x00007ffe025ba000 	C:\WINDOWS\SYSTEM32\VERSION.dll
0x00007ffe0b720000 - 0x00007ffe0b78f000 	C:\WINDOWS\System32\WS2_32.dll
0x00007ffe08210000 - 0x00007ffe08228000 	C:\WINDOWS\SYSTEM32\kernel.appcore.dll
0x00007ffdf2f70000 - 0x00007ffdf2f80000 	C:\Program Files\Android\Android Studio\jbr\bin\verify.dll
0x00007ffe06ec0000 - 0x00007ffe070e1000 	C:\WINDOWS\SYSTEM32\DBGHELP.DLL
0x00007ffdf5980000 - 0x00007ffdf59b1000 	C:\WINDOWS\SYSTEM32\dbgcore.DLL
0x00007ffe092f0000 - 0x00007ffe0936f000 	C:\WINDOWS\System32\bcryptPrimitives.dll
0x00007ffdeffa0000 - 0x00007ffdeffc8000 	C:\Program Files\Android\Android Studio\jbr\bin\java.dll
0x00007ffdf2910000 - 0x00007ffdf291a000 	C:\Program Files\Android\Android Studio\jbr\bin\jimage.dll
0x00007ffdefbe0000 - 0x00007ffdefbf8000 	C:\Program Files\Android\Android Studio\jbr\bin\zip.dll
0x00007ffe0ae00000 - 0x00007ffe0b5c5000 	C:\WINDOWS\System32\SHELL32.dll
0x00007ffe07270000 - 0x00007ffe07ad4000 	C:\WINDOWS\SYSTEM32\windows.storage.dll
0x00007ffe09c60000 - 0x00007ffe09fd6000 	C:\WINDOWS\System32\combase.dll
0x00007ffe07100000 - 0x00007ffe07267000 	C:\WINDOWS\SYSTEM32\wintypes.dll
0x00007ffe0bb90000 - 0x00007ffe0bc7a000 	C:\WINDOWS\System32\SHCORE.dll
0x00007ffe0b900000 - 0x00007ffe0b95d000 	C:\WINDOWS\System32\shlwapi.dll
0x00007ffe09100000 - 0x00007ffe09121000 	C:\WINDOWS\SYSTEM32\profapi.dll
0x00007ffdefbc0000 - 0x00007ffdefbd9000 	C:\Program Files\Android\Android Studio\jbr\bin\net.dll
0x00007ffe031d0000 - 0x00007ffe032e2000 	C:\WINDOWS\SYSTEM32\WINHTTP.dll
0x00007ffe086a0000 - 0x00007ffe08707000 	C:\WINDOWS\system32\mswsock.dll
0x00007ffdefba0000 - 0x00007ffdefbb3000 	C:\Program Files\Android\Android Studio\jbr\bin\nio.dll
0x00007ffdf50e0000 - 0x00007ffdf5107000 	C:\Users\Phong Vu\.gradle\native\e1d6ef7f7dcc3fd88c89a11ec53ec762bb8ba0a96d01ffa2cd45eb1d1d8dd5c5\windows-amd64\native-platform.dll
0x00007ffdba6b0000 - 0x00007ffdba7f4000 	C:\Users\Phong Vu\.gradle\native\0d407fdbe67a94daf76414ababcb853783967236a71b16ec16e742cd7a986fd3\windows-amd64\native-platform-file-events.dll
0x00007ffdf2520000 - 0x00007ffdf252a000 	C:\Program Files\Android\Android Studio\jbr\bin\management.dll
0x00007ffdf0080000 - 0x00007ffdf008b000 	C:\Program Files\Android\Android Studio\jbr\bin\management_ext.dll
0x00007ffe08940000 - 0x00007ffe08958000 	C:\WINDOWS\SYSTEM32\CRYPTSP.dll
0x00007ffe08170000 - 0x00007ffe081a5000 	C:\WINDOWS\system32\rsaenh.dll
0x00007ffe087c0000 - 0x00007ffe087e9000 	C:\WINDOWS\SYSTEM32\USERENV.dll
0x00007ffe08b60000 - 0x00007ffe08b87000 	C:\WINDOWS\SYSTEM32\bcrypt.dll
0x00007ffe08930000 - 0x00007ffe0893c000 	C:\WINDOWS\SYSTEM32\CRYPTBASE.dll
0x00007ffe07d30000 - 0x00007ffe07d5d000 	C:\WINDOWS\SYSTEM32\IPHLPAPI.DLL
0x00007ffe0adf0000 - 0x00007ffe0adf9000 	C:\WINDOWS\System32\NSI.dll
0x00007ffe030f0000 - 0x00007ffe03109000 	C:\WINDOWS\SYSTEM32\dhcpcsvc6.DLL
0x00007ffe03d00000 - 0x00007ffe03d1e000 	C:\WINDOWS\SYSTEM32\dhcpcsvc.DLL
0x00007ffe07d60000 - 0x00007ffe07e48000 	C:\WINDOWS\SYSTEM32\DNSAPI.dll

dbghelp: loaded successfully - version: 4.0.5 - missing functions: none
symbol engine: initialized successfully - sym options: 0x614 - pdb path: .;C:\Program Files\Android\Android Studio\jbr\bin;C:\WINDOWS\SYSTEM32;C:\WINDOWS\WinSxS\amd64_microsoft.windows.common-controls_6595b64144ccf1df_6.0.22000.120_none_9d947278b86cc467;C:\Program Files\Android\Android Studio\jbr\bin\server;C:\Users\Phong Vu\.gradle\native\e1d6ef7f7dcc3fd88c89a11ec53ec762bb8ba0a96d01ffa2cd45eb1d1d8dd5c5\windows-amd64;C:\Users\Phong Vu\.gradle\native\0d407fdbe67a94daf76414ababcb853783967236a71b16ec16e742cd7a986fd3\windows-amd64

VM Arguments:
jvm_args: --add-opens=java.base/java.util=ALL-UNNAMED --add-opens=java.base/java.lang=ALL-UNNAMED --add-opens=java.base/java.lang.invoke=ALL-UNNAMED --add-opens=java.base/java.util=ALL-UNNAMED --add-opens=java.prefs/java.util.prefs=ALL-UNNAMED --add-opens=java.prefs/java.util.prefs=ALL-UNNAMED --add-opens=java.base/java.nio.charset=ALL-UNNAMED --add-opens=java.base/java.net=ALL-UNNAMED --add-opens=java.base/java.util.concurrent.atomic=ALL-UNNAMED -Xmx1536M -Dfile.encoding=UTF-8 -Duser.country=US -Duser.language=en -Duser.variant 
java_command: org.gradle.launcher.daemon.bootstrap.GradleDaemon 7.5
java_class_path (initial): C:\Users\Phong Vu\.gradle\wrapper\dists\gradle-7.5-bin\f1w0cc9nuo0eivz97x2xlu9sv\gradle-7.5\lib\gradle-launcher-7.5.jar
Launcher Type: SUN_STANDARD

[Global flags]
     intx CICompilerCount                          = 4                                         {product} {ergonomic}
     uint ConcGCThreads                            = 2                                         {product} {ergonomic}
     uint G1ConcRefinementThreads                  = 8                                         {product} {ergonomic}
   size_t G1HeapRegionSize                         = 1048576                                   {product} {ergonomic}
    uintx GCDrainStackTargetSize                   = 64                                        {product} {ergonomic}
   size_t InitialHeapSize                          = 132120576                                 {product} {ergonomic}
   size_t MarkStackSize                            = 4194304                                   {product} {ergonomic}
   size_t MaxHeapSize                              = 1610612736                                {product} {command line}
   size_t MaxNewSize                               = 965738496                                 {product} {ergonomic}
   size_t MinHeapDeltaBytes                        = 1048576                                   {product} {ergonomic}
    uintx NonNMethodCodeHeapSize                   = 5836300                                {pd product} {ergonomic}
    uintx NonProfiledCodeHeapSize                  = 122910970                              {pd product} {ergonomic}
    uintx ProfiledCodeHeapSize                     = 122910970                              {pd product} {ergonomic}
    uintx ReservedCodeCacheSize                    = 251658240                              {pd product} {ergonomic}
     bool SegmentedCodeCache                       = true                                      {product} {ergonomic}
     bool UseCompressedClassPointers               = true                                 {lp64_product} {ergonomic}
     bool UseCompressedOops                        = true                                 {lp64_product} {ergonomic}
     bool UseG1GC                                  = true                                      {product} {ergonomic}
     bool UseLargePagesIndividualAllocation        = false                                  {pd product} {ergonomic}

Logging:
Log output configuration:
 #0: stdout all=warning uptime,level,tags
 #1: stderr all=off uptime,level,tags

Environment Variables:
PATH=C:\Program Files\Common Files\Oracle\Java\javapath;C:\Windows\system32;C:\Windows;C:\Windows\System32\Wbem;C:\Windows\System32\WindowsPowerShell\v1.0\;C:\Windows\System32\OpenSSH\;C:\Program Files (x86)\NVIDIA Corporation\PhysX\Common;C:\Program Files\NVIDIA Corporation\NVIDIA NvDLISR;C:\TDM-GCC-32\bin;D:\Matlab\runtime\win64;D:\Matlab\bin;D:\Matlab\polyspace\bin;C:\Program Files\Microsoft\Web Platform Installer\;C:\Program Files (x86)\Microsoft ASP.NET\ASP.NET Web Pages\v1.0\;C:\Program Files\Microsoft SQL Server\110\Tools\Binn\;C:\WINDOWS\system32;C:\WINDOWS;C:\WINDOWS\System32\Wbem;C:\WINDOWS\System32\WindowsPowerShell\v1.0\;C:\WINDOWS\System32\OpenSSH\;C:\Program Files (x86)\Microsoft SQL Server\150\Tools\Binn\;C:\Program Files\Microsoft SQL Server\150\Tools\Binn\;C:\Program Files (x86)\Microsoft SQL Server\150\DTS\Binn\;C:\Program Files\Microsoft SQL Server\150\DTS\Binn\;C:\Program Files\Microsoft SQL Server\Client SDK\ODBC\170\Tools\Binn\;C:\Program Files\Git\cmd;C:\Users\Phong Vu\AppData\Roaming\nvm;C:;C:\Users\Phong Vu\AppData\Local\Programs\Python\Python310\Scripts\;C:\Users\Phong Vu\AppData\Local\Programs\Python\Python310\;C:\Users\Phong Vu\AppData\Local\Microsoft\WindowsApps;D:\mingw64\bin;C:\Program Files\JetBrains\PyCharm Community Edition 2022.2.4\bin;;D:\JavaIDE\IntelliJ IDEA Community Edition 2022.1.4\bin;;C:\Program Files\Azure Data Studio\bin;C:\Users\Phong Vu\AppData\Local\Programs\Microsoft VS Code\bin;C:\Users\Phong Vu\AppData\Roaming\npm;C:\Users\Phong Vu\AppData\Roaming\nvm;C:\Program Files\nodejs;D:\QPLE\modelsim_ase\win32aloem;C:\intelFPGA_lite\18.1\modelsim_ase\win32aloem
USERNAME=Nguyen Hieu
OS=Windows_NT
PROCESSOR_IDENTIFIER=Intel64 Family 6 Model 165 Stepping 2, GenuineIntel



---------------  S Y S T E M  ---------------

OS: Windows 11 , 64 bit Build 22000 (10.0.22000.1761)
OS uptime: 0 days 17:01 hours
Hyper-V role detected

CPU:total 8 (initial active 8) (4 cores per cpu, 2 threads per core) family 6 model 165 stepping 2 microcode 0xe2, cmov, cx8, fxsr, mmx, sse, sse2, sse3, ssse3, sse4.1, sse4.2, popcnt, avx, avx2, aes, clmul, erms, 3dnowpref, lzcnt, ht, tsc, tscinvbit, bmi1, bmi2, adx, fma

Memory: 4k page, system-wide physical 8023M (329M free)
TotalPageFile size 15191M (AvailPageFile size 40M)
current process WorkingSet (physical memory assigned to process): 542M, peak: 545M
current process commit charge ("private bytes"): 583M, peak: 624M

vm_info: OpenJDK 64-Bit Server VM (11.0.15+0-b2043.56-9505619) for windows-amd64 JRE (11.0.15+0-b2043.56-9505619), built on Jan 19 2023 02:48:00 by "builduser" with unknown MS VC++:1929

END.
