#
# There is insufficient memory for the Java Runtime Environment to continue.
# Native memory allocation (malloc) failed to allocate 1056896 bytes for Chunk::new
# Possible reasons:
#   The system is out of physical RAM or swap space
#   The process is running with CompressedOops enabled, and the Java Heap may be blocking the growth of the native heap
# Possible solutions:
#   Reduce memory load on the system
#   Increase physical memory or swap space
#   Check if swap backing store is full
#   Decrease Java heap size (-Xmx/-Xms)
#   Decrease number of Java threads
#   Decrease Java thread stack sizes (-Xss)
#   Set larger code cache with -XX:ReservedCodeCacheSize=
#   JVM is running with Unscaled Compressed Oops mode in which the Java heap is
#     placed in the first 4GB address space. The Java Heap base address is the
#     maximum limit for the native heap growth. Please use -XX:HeapBaseMinAddress
#     to set the Java Heap base and to place the Java Heap above 4GB virtual address.
# This output file may be truncated or incomplete.
#
#  Out of Memory Error (src/hotspot/share/memory/arena.cpp:197), pid=21728, tid=22488
#
# JRE version: OpenJDK Runtime Environment (11.0.15) (build 11.0.15+0-b2043.56-9505619)
# Java VM: OpenJDK 64-Bit Server VM (11.0.15+0-b2043.56-9505619, mixed mode, tiered, compressed oops, g1 gc, windows-amd64)
# No core dump will be written. Minidumps are not enabled by default on client versions of Windows
#

---------------  S U M M A R Y ------------

Command Line: --add-opens=java.base/java.util=ALL-UNNAMED --add-opens=java.base/java.lang=ALL-UNNAMED --add-opens=java.base/java.lang.invoke=ALL-UNNAMED --add-opens=java.base/java.util=ALL-UNNAMED --add-opens=java.prefs/java.util.prefs=ALL-UNNAMED --add-opens=java.prefs/java.util.prefs=ALL-UNNAMED --add-opens=java.base/java.nio.charset=ALL-UNNAMED --add-opens=java.base/java.net=ALL-UNNAMED --add-opens=java.base/java.util.concurrent.atomic=ALL-UNNAMED -Xmx1536M -Dfile.encoding=UTF-8 -Duser.country=US -Duser.language=en -Duser.variant org.gradle.launcher.daemon.bootstrap.GradleDaemon 7.5

Host: Intel(R) Core(TM) i5-10300H CPU @ 2.50GHz, 8 cores, 7G,  Windows 11 , 64 bit Build 22000 (10.0.22000.1516)
Time: Tue Mar 28 13:04:46 2023 SE Asia Standard Time elapsed time: 8.399284 seconds (0d 0h 0m 8s)

---------------  T H R E A D  ---------------

Current thread (0x0000024580a6d800):  JavaThread "C2 CompilerThread0" daemon [_thread_in_native, id=22488, stack(0x000000f605f00000,0x000000f606000000)]


Current CompileTask:
C2:   8399 2087       4       java.net.URLClassLoader$1::run (5 bytes)

Stack: [0x000000f605f00000,0x000000f606000000]
Native frames: (J=compiled Java code, j=interpreted, Vv=VM code, C=native code)
V  [jvm.dll+0x64135a]
V  [jvm.dll+0x7d39f9]
V  [jvm.dll+0x7d51b9]
V  [jvm.dll+0x7d58a3]
V  [jvm.dll+0x2691c5]
V  [jvm.dll+0xc1a5c]
V  [jvm.dll+0xc200c]
V  [jvm.dll+0x2da2c2]
V  [jvm.dll+0x54cad9]
V  [jvm.dll+0x22a011]
V  [jvm.dll+0x223809]
V  [jvm.dll+0x220384]
V  [jvm.dll+0x19e851]
V  [jvm.dll+0x230479]
V  [jvm.dll+0x22e5ef]
V  [jvm.dll+0x794de1]
V  [jvm.dll+0x78dc24]
V  [jvm.dll+0x6400f6]
C  [ucrtbase.dll+0x26c0c]
C  [KERNEL32.DLL+0x155a0]
C  [ntdll.dll+0x485b]


---------------  P R O C E S S  ---------------

Threads class SMR info:
_java_thread_list=0x000002458353c160, length=23, elements={
0x00000245e5847000, 0x0000024580a4c000, 0x0000024580a4d000, 0x0000024580a64800,
0x0000024580a68000, 0x0000024580a69000, 0x0000024580a6d800, 0x0000024580a6f800,
0x0000024580a71000, 0x0000024581527000, 0x000002458269a800, 0x0000024582e2d800,
0x000002458260a800, 0x00000245821bc800, 0x00000245821bd000, 0x00000245827b5000,
0x00000245827b6800, 0x0000024583219800, 0x0000024582e4e800, 0x0000024582e6a000,
0x0000024582143800, 0x0000024582144000, 0x0000024582145000
}

Java Threads: ( => current thread )
  0x00000245e5847000 JavaThread "main" [_thread_blocked, id=18960, stack(0x000000f605300000,0x000000f605400000)]
  0x0000024580a4c000 JavaThread "Reference Handler" daemon [_thread_blocked, id=10932, stack(0x000000f605a00000,0x000000f605b00000)]
  0x0000024580a4d000 JavaThread "Finalizer" daemon [_thread_blocked, id=22100, stack(0x000000f605b00000,0x000000f605c00000)]
  0x0000024580a64800 JavaThread "Signal Dispatcher" daemon [_thread_blocked, id=8068, stack(0x000000f605c00000,0x000000f605d00000)]
  0x0000024580a68000 JavaThread "Attach Listener" daemon [_thread_blocked, id=11084, stack(0x000000f605d00000,0x000000f605e00000)]
  0x0000024580a69000 JavaThread "Service Thread" daemon [_thread_blocked, id=3580, stack(0x000000f605e00000,0x000000f605f00000)]
=>0x0000024580a6d800 JavaThread "C2 CompilerThread0" daemon [_thread_in_native, id=22488, stack(0x000000f605f00000,0x000000f606000000)]
  0x0000024580a6f800 JavaThread "C1 CompilerThread0" daemon [_thread_blocked, id=21292, stack(0x000000f606000000,0x000000f606100000)]
  0x0000024580a71000 JavaThread "Sweeper thread" daemon [_thread_blocked, id=12692, stack(0x000000f606100000,0x000000f606200000)]
  0x0000024581527000 JavaThread "Common-Cleaner" daemon [_thread_blocked, id=24292, stack(0x000000f606200000,0x000000f606300000)]
  0x000002458269a800 JavaThread "Daemon health stats" [_thread_blocked, id=22708, stack(0x000000f606600000,0x000000f606700000)]
  0x0000024582e2d800 JavaThread "Incoming local TCP Connector on port 50571" [_thread_in_native, id=1184, stack(0x000000f606700000,0x000000f606800000)]
  0x000002458260a800 JavaThread "Daemon periodic checks" [_thread_blocked, id=9580, stack(0x000000f606800000,0x000000f606900000)]
  0x00000245821bc800 JavaThread "Daemon" [_thread_blocked, id=6612, stack(0x000000f606900000,0x000000f606a00000)]
  0x00000245821bd000 JavaThread "Handler for socket connection from /127.0.0.1:50571 to /127.0.0.1:50572" [_thread_in_native, id=9656, stack(0x000000f606a00000,0x000000f606b00000)]
  0x00000245827b5000 JavaThread "Cancel handler" [_thread_blocked, id=8972, stack(0x000000f606b00000,0x000000f606c00000)]
  0x00000245827b6800 JavaThread "Daemon worker" [_thread_in_vm, id=4884, stack(0x000000f606c00000,0x000000f606d00000)]
  0x0000024583219800 JavaThread "Asynchronous log dispatcher for DefaultDaemonConnection: socket connection from /127.0.0.1:50571 to /127.0.0.1:50572" [_thread_blocked, id=10260, stack(0x000000f606d00000,0x000000f606e00000)]
  0x0000024582e4e800 JavaThread "Stdin handler" [_thread_blocked, id=23940, stack(0x000000f606e00000,0x000000f606f00000)]
  0x0000024582e6a000 JavaThread "Daemon client event forwarder" [_thread_blocked, id=15988, stack(0x000000f606f00000,0x000000f607000000)]
  0x0000024582143800 JavaThread "Cache worker for journal cache (C:\Users\Phong Vu\.gradle\caches\journal-1)" [_thread_blocked, id=14416, stack(0x000000f607500000,0x000000f607600000)]
  0x0000024582144000 JavaThread "File lock request listener" [_thread_in_native, id=9264, stack(0x000000f607600000,0x000000f607700000)]
  0x0000024582145000 JavaThread "Cache worker for file hash cache (C:\Users\Phong Vu\.gradle\caches\7.5\fileHashes)" [_thread_blocked, id=22492, stack(0x000000f607800000,0x000000f607900000)]

Other Threads:
  0x0000024580a27000 VMThread "VM Thread" [stack: 0x000000f605900000,0x000000f605a00000] [id=824]
  0x000002458155c000 WatcherThread [stack: 0x000000f606300000,0x000000f606400000] [id=16952]
  0x00000245e5861800 GCTaskThread "GC Thread#0" [stack: 0x000000f605400000,0x000000f605500000] [id=2600]
  0x0000024582016800 GCTaskThread "GC Thread#1" [stack: 0x000000f606400000,0x000000f606500000] [id=11424]
  0x0000024581778800 GCTaskThread "GC Thread#2" [stack: 0x000000f606500000,0x000000f606600000] [id=14624]
  0x0000024582dc8000 GCTaskThread "GC Thread#3" [stack: 0x000000f607000000,0x000000f607100000] [id=11532]
  0x0000024583252000 GCTaskThread "GC Thread#4" [stack: 0x000000f607100000,0x000000f607200000] [id=19376]
  0x000002458288f800 GCTaskThread "GC Thread#5" [stack: 0x000000f607200000,0x000000f607300000] [id=14404]
  0x0000024582892000 GCTaskThread "GC Thread#6" [stack: 0x000000f607300000,0x000000f607400000] [id=21480]
  0x000002458165d800 GCTaskThread "GC Thread#7" [stack: 0x000000f607400000,0x000000f607500000] [id=19668]
  0x00000245e5887000 ConcurrentGCThread "G1 Main Marker" [stack: 0x000000f605500000,0x000000f605600000] [id=9240]
  0x00000245e5888800 ConcurrentGCThread "G1 Conc#0" [stack: 0x000000f605600000,0x000000f605700000] [id=17716]
  0x0000024582475000 ConcurrentGCThread "G1 Conc#1" [stack: 0x000000f607700000,0x000000f607800000] [id=1420]
  0x0000024580890800 ConcurrentGCThread "G1 Refine#0" [stack: 0x000000f605700000,0x000000f605800000] [id=8912]
  0x0000024580891800 ConcurrentGCThread "G1 Young RemSet Sampling" [stack: 0x000000f605800000,0x000000f605900000] [id=24944]

Threads with active compile tasks:
C2 CompilerThread0     8440 2087       4       java.net.URLClassLoader$1::run (5 bytes)

VM state:not at safepoint (normal execution)

VM Mutex/Monitor currently owned by a thread: None

Heap address: 0x00000000a0000000, size: 1536 MB, Compressed Oops mode: 32-bit
Narrow klass base: 0x0000000000000000, Narrow klass shift: 3
Compressed class space size: 1073741824 Address: 0x0000000100000000

Heap:
 garbage-first heap   total 129024K, used 43291K [0x00000000a0000000, 0x0000000100000000)
  region size 1024K, 28 young (28672K), 2 survivors (2048K)
 Metaspace       used 23331K, capacity 23821K, committed 24112K, reserved 1071104K
  class space    used 2940K, capacity 3141K, committed 3200K, reserved 1048576K
Heap Regions: E=young(eden), S=young(survivor), O=old, HS=humongous(starts), HC=humongous(continues), CS=collection set, F=free, A=archive, TAMS=top-at-mark-start (previous, next)
|   0|0x00000000a0000000, 0x00000000a0100000, 0x00000000a0100000|100%| O|  |TAMS 0x00000000a0100000, 0x00000000a0000000| Untracked 
|   1|0x00000000a0100000, 0x00000000a0200000, 0x00000000a0200000|100%| O|  |TAMS 0x00000000a0200000, 0x00000000a0100000| Untracked 
|   2|0x00000000a0200000, 0x00000000a0300000, 0x00000000a0300000|100%| O|  |TAMS 0x00000000a0300000, 0x00000000a0200000| Untracked 
|   3|0x00000000a0300000, 0x00000000a0400000, 0x00000000a0400000|100%|HS|  |TAMS 0x00000000a0400000, 0x00000000a0300000| Complete 
|   4|0x00000000a0400000, 0x00000000a0500000, 0x00000000a0500000|100%|HC|  |TAMS 0x00000000a0500000, 0x00000000a0400000| Complete 
|   5|0x00000000a0500000, 0x00000000a0600000, 0x00000000a0600000|100%|HC|  |TAMS 0x00000000a0600000, 0x00000000a0500000| Complete 
|   6|0x00000000a0600000, 0x00000000a0700000, 0x00000000a0700000|100%| O|  |TAMS 0x00000000a0700000, 0x00000000a0600000| Untracked 
|   7|0x00000000a0700000, 0x00000000a0800000, 0x00000000a0800000|100%| O|  |TAMS 0x00000000a0800000, 0x00000000a0700000| Untracked 
|   8|0x00000000a0800000, 0x00000000a0900000, 0x00000000a0900000|100%| O|  |TAMS 0x00000000a0900000, 0x00000000a0800000| Untracked 
|   9|0x00000000a0900000, 0x00000000a0a00000, 0x00000000a0a00000|100%| O|  |TAMS 0x00000000a0a00000, 0x00000000a0900000| Untracked 
|  10|0x00000000a0a00000, 0x00000000a0b00000, 0x00000000a0b00000|100%| O|  |TAMS 0x00000000a0b00000, 0x00000000a0a00000| Untracked 
|  11|0x00000000a0b00000, 0x00000000a0c00000, 0x00000000a0c00000|100%| O|  |TAMS 0x00000000a0c00000, 0x00000000a0b00000| Untracked 
|  12|0x00000000a0c00000, 0x00000000a0d00000, 0x00000000a0d00000|100%| O|  |TAMS 0x00000000a0d00000, 0x00000000a0c00000| Untracked 
|  13|0x00000000a0d00000, 0x00000000a0e00000, 0x00000000a0e00000|100%| O|  |TAMS 0x00000000a0e00000, 0x00000000a0d00000| Untracked 
|  14|0x00000000a0e00000, 0x00000000a0f00000, 0x00000000a0f00000|100%| O|  |TAMS 0x00000000a0f00000, 0x00000000a0e00000| Untracked 
|  15|0x00000000a0f00000, 0x00000000a1000000, 0x00000000a1000000|100%| O|  |TAMS 0x00000000a1000000, 0x00000000a0f00000| Untracked 
|  16|0x00000000a1000000, 0x00000000a1032e00, 0x00000000a1100000| 19%| O|  |TAMS 0x00000000a1032e00, 0x00000000a1000000| Untracked 
|  17|0x00000000a1100000, 0x00000000a1100000, 0x00000000a1200000|  0%| F|  |TAMS 0x00000000a1100000, 0x00000000a1100000| Untracked 
|  18|0x00000000a1200000, 0x00000000a1200000, 0x00000000a1300000|  0%| F|  |TAMS 0x00000000a1200000, 0x00000000a1200000| Untracked 
|  19|0x00000000a1300000, 0x00000000a1300000, 0x00000000a1400000|  0%| F|  |TAMS 0x00000000a1300000, 0x00000000a1300000| Untracked 
|  20|0x00000000a1400000, 0x00000000a1400000, 0x00000000a1500000|  0%| F|  |TAMS 0x00000000a1400000, 0x00000000a1400000| Untracked 
|  21|0x00000000a1500000, 0x00000000a1500000, 0x00000000a1600000|  0%| F|  |TAMS 0x00000000a1500000, 0x00000000a1500000| Untracked 
|  22|0x00000000a1600000, 0x00000000a1600000, 0x00000000a1700000|  0%| F|  |TAMS 0x00000000a1600000, 0x00000000a1600000| Untracked 
|  23|0x00000000a1700000, 0x00000000a1700000, 0x00000000a1800000|  0%| F|  |TAMS 0x00000000a1700000, 0x00000000a1700000| Untracked 
|  24|0x00000000a1800000, 0x00000000a1800000, 0x00000000a1900000|  0%| F|  |TAMS 0x00000000a1800000, 0x00000000a1800000| Untracked 
|  25|0x00000000a1900000, 0x00000000a1900000, 0x00000000a1a00000|  0%| F|  |TAMS 0x00000000a1900000, 0x00000000a1900000| Untracked 
|  26|0x00000000a1a00000, 0x00000000a1a00000, 0x00000000a1b00000|  0%| F|  |TAMS 0x00000000a1a00000, 0x00000000a1a00000| Untracked 
|  27|0x00000000a1b00000, 0x00000000a1b00000, 0x00000000a1c00000|  0%| F|  |TAMS 0x00000000a1b00000, 0x00000000a1b00000| Untracked 
|  28|0x00000000a1c00000, 0x00000000a1c00000, 0x00000000a1d00000|  0%| F|  |TAMS 0x00000000a1c00000, 0x00000000a1c00000| Untracked 
|  29|0x00000000a1d00000, 0x00000000a1d00000, 0x00000000a1e00000|  0%| F|  |TAMS 0x00000000a1d00000, 0x00000000a1d00000| Untracked 
|  30|0x00000000a1e00000, 0x00000000a1e00000, 0x00000000a1f00000|  0%| F|  |TAMS 0x00000000a1e00000, 0x00000000a1e00000| Untracked 
|  31|0x00000000a1f00000, 0x00000000a1f00000, 0x00000000a2000000|  0%| F|  |TAMS 0x00000000a1f00000, 0x00000000a1f00000| Untracked 
|  32|0x00000000a2000000, 0x00000000a2000000, 0x00000000a2100000|  0%| F|  |TAMS 0x00000000a2000000, 0x00000000a2000000| Untracked 
|  33|0x00000000a2100000, 0x00000000a2100000, 0x00000000a2200000|  0%| F|  |TAMS 0x00000000a2100000, 0x00000000a2100000| Untracked 
|  34|0x00000000a2200000, 0x00000000a2200000, 0x00000000a2300000|  0%| F|  |TAMS 0x00000000a2200000, 0x00000000a2200000| Untracked 
|  35|0x00000000a2300000, 0x00000000a2300000, 0x00000000a2400000|  0%| F|  |TAMS 0x00000000a2300000, 0x00000000a2300000| Untracked 
|  36|0x00000000a2400000, 0x00000000a2400000, 0x00000000a2500000|  0%| F|  |TAMS 0x00000000a2400000, 0x00000000a2400000| Untracked 
|  37|0x00000000a2500000, 0x00000000a2500000, 0x00000000a2600000|  0%| F|  |TAMS 0x00000000a2500000, 0x00000000a2500000| Untracked 
|  38|0x00000000a2600000, 0x00000000a2600000, 0x00000000a2700000|  0%| F|  |TAMS 0x00000000a2600000, 0x00000000a2600000| Untracked 
|  39|0x00000000a2700000, 0x00000000a2700000, 0x00000000a2800000|  0%| F|  |TAMS 0x00000000a2700000, 0x00000000a2700000| Untracked 
|  40|0x00000000a2800000, 0x00000000a2800000, 0x00000000a2900000|  0%| F|  |TAMS 0x00000000a2800000, 0x00000000a2800000| Untracked 
|  41|0x00000000a2900000, 0x00000000a2900000, 0x00000000a2a00000|  0%| F|  |TAMS 0x00000000a2900000, 0x00000000a2900000| Untracked 
|  42|0x00000000a2a00000, 0x00000000a2a00000, 0x00000000a2b00000|  0%| F|  |TAMS 0x00000000a2a00000, 0x00000000a2a00000| Untracked 
|  43|0x00000000a2b00000, 0x00000000a2b00000, 0x00000000a2c00000|  0%| F|  |TAMS 0x00000000a2b00000, 0x00000000a2b00000| Untracked 
|  44|0x00000000a2c00000, 0x00000000a2c00000, 0x00000000a2d00000|  0%| F|  |TAMS 0x00000000a2c00000, 0x00000000a2c00000| Untracked 
|  45|0x00000000a2d00000, 0x00000000a2d00000, 0x00000000a2e00000|  0%| F|  |TAMS 0x00000000a2d00000, 0x00000000a2d00000| Untracked 
|  46|0x00000000a2e00000, 0x00000000a2e00000, 0x00000000a2f00000|  0%| F|  |TAMS 0x00000000a2e00000, 0x00000000a2e00000| Untracked 
|  47|0x00000000a2f00000, 0x00000000a2f00000, 0x00000000a3000000|  0%| F|  |TAMS 0x00000000a2f00000, 0x00000000a2f00000| Untracked 
|  48|0x00000000a3000000, 0x00000000a3000000, 0x00000000a3100000|  0%| F|  |TAMS 0x00000000a3000000, 0x00000000a3000000| Untracked 
|  49|0x00000000a3100000, 0x00000000a3100000, 0x00000000a3200000|  0%| F|  |TAMS 0x00000000a3100000, 0x00000000a3100000| Untracked 
|  50|0x00000000a3200000, 0x00000000a3200000, 0x00000000a3300000|  0%| F|  |TAMS 0x00000000a3200000, 0x00000000a3200000| Untracked 
|  51|0x00000000a3300000, 0x00000000a3300000, 0x00000000a3400000|  0%| F|  |TAMS 0x00000000a3300000, 0x00000000a3300000| Untracked 
|  52|0x00000000a3400000, 0x00000000a3400000, 0x00000000a3500000|  0%| F|  |TAMS 0x00000000a3400000, 0x00000000a3400000| Untracked 
|  53|0x00000000a3500000, 0x00000000a3500000, 0x00000000a3600000|  0%| F|  |TAMS 0x00000000a3500000, 0x00000000a3500000| Untracked 
|  54|0x00000000a3600000, 0x00000000a3600000, 0x00000000a3700000|  0%| F|  |TAMS 0x00000000a3600000, 0x00000000a3600000| Untracked 
|  55|0x00000000a3700000, 0x00000000a3700000, 0x00000000a3800000|  0%| F|  |TAMS 0x00000000a3700000, 0x00000000a3700000| Untracked 
|  56|0x00000000a3800000, 0x00000000a3800000, 0x00000000a3900000|  0%| F|  |TAMS 0x00000000a3800000, 0x00000000a3800000| Untracked 
|  57|0x00000000a3900000, 0x00000000a3900000, 0x00000000a3a00000|  0%| F|  |TAMS 0x00000000a3900000, 0x00000000a3900000| Untracked 
|  58|0x00000000a3a00000, 0x00000000a3a00000, 0x00000000a3b00000|  0%| F|  |TAMS 0x00000000a3a00000, 0x00000000a3a00000| Untracked 
|  59|0x00000000a3b00000, 0x00000000a3b00000, 0x00000000a3c00000|  0%| F|  |TAMS 0x00000000a3b00000, 0x00000000a3b00000| Untracked 
|  60|0x00000000a3c00000, 0x00000000a3c00000, 0x00000000a3d00000|  0%| F|  |TAMS 0x00000000a3c00000, 0x00000000a3c00000| Untracked 
|  61|0x00000000a3d00000, 0x00000000a3d00000, 0x00000000a3e00000|  0%| F|  |TAMS 0x00000000a3d00000, 0x00000000a3d00000| Untracked 
|  62|0x00000000a3e00000, 0x00000000a3e00000, 0x00000000a3f00000|  0%| F|  |TAMS 0x00000000a3e00000, 0x00000000a3e00000| Untracked 
|  63|0x00000000a3f00000, 0x00000000a3f00000, 0x00000000a4000000|  0%| F|  |TAMS 0x00000000a3f00000, 0x00000000a3f00000| Untracked 
|  64|0x00000000a4000000, 0x00000000a4000000, 0x00000000a4100000|  0%| F|  |TAMS 0x00000000a4000000, 0x00000000a4000000| Untracked 
|  65|0x00000000a4100000, 0x00000000a4100000, 0x00000000a4200000|  0%| F|  |TAMS 0x00000000a4100000, 0x00000000a4100000| Untracked 
|  66|0x00000000a4200000, 0x00000000a4200000, 0x00000000a4300000|  0%| F|  |TAMS 0x00000000a4200000, 0x00000000a4200000| Untracked 
|  67|0x00000000a4300000, 0x00000000a4300000, 0x00000000a4400000|  0%| F|  |TAMS 0x00000000a4300000, 0x00000000a4300000| Untracked 
|  68|0x00000000a4400000, 0x00000000a4400000, 0x00000000a4500000|  0%| F|  |TAMS 0x00000000a4400000, 0x00000000a4400000| Untracked 
|  69|0x00000000a4500000, 0x00000000a4500000, 0x00000000a4600000|  0%| F|  |TAMS 0x00000000a4500000, 0x00000000a4500000| Untracked 
|  70|0x00000000a4600000, 0x00000000a4600000, 0x00000000a4700000|  0%| F|  |TAMS 0x00000000a4600000, 0x00000000a4600000| Untracked 
|  71|0x00000000a4700000, 0x00000000a4700000, 0x00000000a4800000|  0%| F|  |TAMS 0x00000000a4700000, 0x00000000a4700000| Untracked 
|  72|0x00000000a4800000, 0x00000000a4800000, 0x00000000a4900000|  0%| F|  |TAMS 0x00000000a4800000, 0x00000000a4800000| Untracked 
|  73|0x00000000a4900000, 0x00000000a4900000, 0x00000000a4a00000|  0%| F|  |TAMS 0x00000000a4900000, 0x00000000a4900000| Untracked 
|  74|0x00000000a4a00000, 0x00000000a4a00000, 0x00000000a4b00000|  0%| F|  |TAMS 0x00000000a4a00000, 0x00000000a4a00000| Untracked 
|  75|0x00000000a4b00000, 0x00000000a4b00000, 0x00000000a4c00000|  0%| F|  |TAMS 0x00000000a4b00000, 0x00000000a4b00000| Untracked 
|  76|0x00000000a4c00000, 0x00000000a4c00000, 0x00000000a4d00000|  0%| F|  |TAMS 0x00000000a4c00000, 0x00000000a4c00000| Untracked 
|  77|0x00000000a4d00000, 0x00000000a4d00000, 0x00000000a4e00000|  0%| F|  |TAMS 0x00000000a4d00000, 0x00000000a4d00000| Untracked 
|  78|0x00000000a4e00000, 0x00000000a4e00000, 0x00000000a4f00000|  0%| F|  |TAMS 0x00000000a4e00000, 0x00000000a4e00000| Untracked 
|  79|0x00000000a4f00000, 0x00000000a4f00000, 0x00000000a5000000|  0%| F|  |TAMS 0x00000000a4f00000, 0x00000000a4f00000| Untracked 
|  80|0x00000000a5000000, 0x00000000a5000000, 0x00000000a5100000|  0%| F|  |TAMS 0x00000000a5000000, 0x00000000a5000000| Untracked 
|  81|0x00000000a5100000, 0x00000000a5100000, 0x00000000a5200000|  0%| F|  |TAMS 0x00000000a5100000, 0x00000000a5100000| Untracked 
|  82|0x00000000a5200000, 0x00000000a5200000, 0x00000000a5300000|  0%| F|  |TAMS 0x00000000a5200000, 0x00000000a5200000| Untracked 
|  83|0x00000000a5300000, 0x00000000a5300000, 0x00000000a5400000|  0%| F|  |TAMS 0x00000000a5300000, 0x00000000a5300000| Untracked 
|  84|0x00000000a5400000, 0x00000000a5400000, 0x00000000a5500000|  0%| F|  |TAMS 0x00000000a5400000, 0x00000000a5400000| Untracked 
|  85|0x00000000a5500000, 0x00000000a5500000, 0x00000000a5600000|  0%| F|  |TAMS 0x00000000a5500000, 0x00000000a5500000| Untracked 
|  86|0x00000000a5600000, 0x00000000a5600000, 0x00000000a5700000|  0%| F|  |TAMS 0x00000000a5600000, 0x00000000a5600000| Untracked 
|  87|0x00000000a5700000, 0x00000000a5700000, 0x00000000a5800000|  0%| F|  |TAMS 0x00000000a5700000, 0x00000000a5700000| Untracked 
|  88|0x00000000a5800000, 0x00000000a5800000, 0x00000000a5900000|  0%| F|  |TAMS 0x00000000a5800000, 0x00000000a5800000| Untracked 
|  89|0x00000000a5900000, 0x00000000a5900000, 0x00000000a5a00000|  0%| F|  |TAMS 0x00000000a5900000, 0x00000000a5900000| Untracked 
|  90|0x00000000a5a00000, 0x00000000a5a00000, 0x00000000a5b00000|  0%| F|  |TAMS 0x00000000a5a00000, 0x00000000a5a00000| Untracked 
|  91|0x00000000a5b00000, 0x00000000a5b00000, 0x00000000a5c00000|  0%| F|  |TAMS 0x00000000a5b00000, 0x00000000a5b00000| Untracked 
|  92|0x00000000a5c00000, 0x00000000a5c00000, 0x00000000a5d00000|  0%| F|  |TAMS 0x00000000a5c00000, 0x00000000a5c00000| Untracked 
|  93|0x00000000a5d00000, 0x00000000a5d00000, 0x00000000a5e00000|  0%| F|  |TAMS 0x00000000a5d00000, 0x00000000a5d00000| Untracked 
|  94|0x00000000a5e00000, 0x00000000a5e00000, 0x00000000a5f00000|  0%| F|  |TAMS 0x00000000a5e00000, 0x00000000a5e00000| Untracked 
|  95|0x00000000a5f00000, 0x00000000a5f00000, 0x00000000a6000000|  0%| F|  |TAMS 0x00000000a5f00000, 0x00000000a5f00000| Untracked 
|  96|0x00000000a6000000, 0x00000000a6000000, 0x00000000a6100000|  0%| F|  |TAMS 0x00000000a6000000, 0x00000000a6000000| Untracked 
|  97|0x00000000a6100000, 0x00000000a6100000, 0x00000000a6200000|  0%| F|  |TAMS 0x00000000a6100000, 0x00000000a6100000| Untracked 
|  98|0x00000000a6200000, 0x00000000a6214170, 0x00000000a6300000|  7%| S|CS|TAMS 0x00000000a6200000, 0x00000000a6200000| Complete 
|  99|0x00000000a6300000, 0x00000000a6400000, 0x00000000a6400000|100%| S|CS|TAMS 0x00000000a6300000, 0x00000000a6300000| Complete 
| 100|0x00000000a6400000, 0x00000000a6480800, 0x00000000a6500000| 50%| E|  |TAMS 0x00000000a6400000, 0x00000000a6400000| Complete 
| 101|0x00000000a6500000, 0x00000000a6600000, 0x00000000a6600000|100%| E|CS|TAMS 0x00000000a6500000, 0x00000000a6500000| Complete 
| 102|0x00000000a6600000, 0x00000000a6700000, 0x00000000a6700000|100%| E|CS|TAMS 0x00000000a6600000, 0x00000000a6600000| Complete 
| 103|0x00000000a6700000, 0x00000000a6800000, 0x00000000a6800000|100%| E|CS|TAMS 0x00000000a6700000, 0x00000000a6700000| Complete 
| 104|0x00000000a6800000, 0x00000000a6900000, 0x00000000a6900000|100%| E|CS|TAMS 0x00000000a6800000, 0x00000000a6800000| Complete 
| 105|0x00000000a6900000, 0x00000000a6a00000, 0x00000000a6a00000|100%| E|CS|TAMS 0x00000000a6900000, 0x00000000a6900000| Complete 
| 106|0x00000000a6a00000, 0x00000000a6b00000, 0x00000000a6b00000|100%| E|CS|TAMS 0x00000000a6a00000, 0x00000000a6a00000| Complete 
| 107|0x00000000a6b00000, 0x00000000a6c00000, 0x00000000a6c00000|100%| E|CS|TAMS 0x00000000a6b00000, 0x00000000a6b00000| Complete 
| 108|0x00000000a6c00000, 0x00000000a6d00000, 0x00000000a6d00000|100%| E|CS|TAMS 0x00000000a6c00000, 0x00000000a6c00000| Complete 
| 109|0x00000000a6d00000, 0x00000000a6e00000, 0x00000000a6e00000|100%| E|CS|TAMS 0x00000000a6d00000, 0x00000000a6d00000| Complete 
| 110|0x00000000a6e00000, 0x00000000a6f00000, 0x00000000a6f00000|100%| E|CS|TAMS 0x00000000a6e00000, 0x00000000a6e00000| Complete 
| 111|0x00000000a6f00000, 0x00000000a7000000, 0x00000000a7000000|100%| E|CS|TAMS 0x00000000a6f00000, 0x00000000a6f00000| Complete 
| 112|0x00000000a7000000, 0x00000000a7100000, 0x00000000a7100000|100%| E|CS|TAMS 0x00000000a7000000, 0x00000000a7000000| Complete 
| 113|0x00000000a7100000, 0x00000000a7200000, 0x00000000a7200000|100%| E|CS|TAMS 0x00000000a7100000, 0x00000000a7100000| Complete 
| 114|0x00000000a7200000, 0x00000000a7300000, 0x00000000a7300000|100%| E|CS|TAMS 0x00000000a7200000, 0x00000000a7200000| Complete 
| 115|0x00000000a7300000, 0x00000000a7400000, 0x00000000a7400000|100%| E|CS|TAMS 0x00000000a7300000, 0x00000000a7300000| Complete 
| 116|0x00000000a7400000, 0x00000000a7500000, 0x00000000a7500000|100%| E|CS|TAMS 0x00000000a7400000, 0x00000000a7400000| Complete 
| 117|0x00000000a7500000, 0x00000000a7600000, 0x00000000a7600000|100%| E|CS|TAMS 0x00000000a7500000, 0x00000000a7500000| Complete 
| 118|0x00000000a7600000, 0x00000000a7700000, 0x00000000a7700000|100%| E|CS|TAMS 0x00000000a7600000, 0x00000000a7600000| Complete 
| 119|0x00000000a7700000, 0x00000000a7800000, 0x00000000a7800000|100%| E|CS|TAMS 0x00000000a7700000, 0x00000000a7700000| Complete 
| 120|0x00000000a7800000, 0x00000000a7900000, 0x00000000a7900000|100%| E|CS|TAMS 0x00000000a7800000, 0x00000000a7800000| Complete 
| 121|0x00000000a7900000, 0x00000000a7a00000, 0x00000000a7a00000|100%| E|CS|TAMS 0x00000000a7900000, 0x00000000a7900000| Complete 
| 122|0x00000000a7a00000, 0x00000000a7b00000, 0x00000000a7b00000|100%| E|CS|TAMS 0x00000000a7a00000, 0x00000000a7a00000| Complete 
| 123|0x00000000a7b00000, 0x00000000a7c00000, 0x00000000a7c00000|100%| E|CS|TAMS 0x00000000a7b00000, 0x00000000a7b00000| Complete 
| 124|0x00000000a7c00000, 0x00000000a7d00000, 0x00000000a7d00000|100%| E|CS|TAMS 0x00000000a7c00000, 0x00000000a7c00000| Complete 
| 125|0x00000000a7d00000, 0x00000000a7e00000, 0x00000000a7e00000|100%| E|CS|TAMS 0x00000000a7d00000, 0x00000000a7d00000| Complete 

Card table byte_map: [0x00000245fa8d0000,0x00000245fabd0000] _byte_map_base: 0x00000245fa3d0000

Marking Bits (Prev, Next): (CMBitMap*) 0x00000245e5880440, (CMBitMap*) 0x00000245e5880408
 Prev Bits: [0x00000245fc6d0000, 0x00000245fded0000)
 Next Bits: [0x00000245faed0000, 0x00000245fc6d0000)

Polling page: 0x00000245e5920000

Metaspace:

Usage:
  Non-class:     20.20 MB capacity,    19.93 MB ( 99%) used,   235.24 KB (  1%) free+waste,    40.19 KB ( <1%) overhead. 
      Class:      3.07 MB capacity,     2.87 MB ( 94%) used,   179.98 KB (  6%) free+waste,    19.94 KB ( <1%) overhead. 
       Both:     23.26 MB capacity,    22.80 MB ( 98%) used,   415.22 KB (  2%) free+waste,    60.12 KB ( <1%) overhead. 

Virtual space:
  Non-class space:       22.00 MB reserved,      20.42 MB ( 93%) committed 
      Class space:        1.00 GB reserved,       3.12 MB ( <1%) committed 
             Both:        1.02 GB reserved,      23.55 MB (  2%) committed 

Chunk freelists:
   Non-Class:  40.00 KB
       Class:  0 bytes
        Both:  40.00 KB

MaxMetaspaceSize: 17179869184.00 GB
CompressedClassSpaceSize: 1.00 GB
Initial GC threshold: 20.80 MB
Current GC threshold: 35.08 MB
CDS: off

CodeHeap 'non-profiled nmethods': size=120000Kb used=1009Kb max_used=1009Kb free=118990Kb
 bounds [0x00000245f2640000, 0x00000245f28b0000, 0x00000245f9b70000]
CodeHeap 'profiled nmethods': size=120000Kb used=4551Kb max_used=4551Kb free=115448Kb
 bounds [0x00000245eb110000, 0x00000245eb590000, 0x00000245f2640000]
CodeHeap 'non-nmethods': size=5760Kb used=1213Kb max_used=1250Kb free=4546Kb
 bounds [0x00000245eab70000, 0x00000245eade0000, 0x00000245eb110000]
 total_blobs=2617 nmethods=2132 adapters=397
 compilation: enabled
              stopped_count=0, restarted_count=0
 full_count=0

Compilation events (20 events):
Event: 8.206 Thread 0x0000024580a6f800 2085       3       org.gradle.internal.service.DefaultServiceRegistry$FactoryMethodService::<init> (22 bytes)
Event: 8.207 Thread 0x0000024580a6f800 nmethod 2085 0x00000245eb566f10 code [0x00000245eb567160, 0x00000245eb567ba8]
Event: 8.213 Thread 0x0000024580a6d800 nmethod 2086 0x00000245f273a590 code [0x00000245f273a720, 0x00000245f273ab18]
Event: 8.224 Thread 0x0000024580a6d800 2087       4       java.net.URLClassLoader$1::run (5 bytes)
Event: 8.255 Thread 0x0000024580a6f800 2088       3       jdk.internal.reflect.ReflectionFactory::copyConstructor (10 bytes)
Event: 8.256 Thread 0x0000024580a6f800 nmethod 2088 0x00000245eb567f10 code [0x00000245eb568100, 0x00000245eb568408]
Event: 8.256 Thread 0x0000024580a6f800 2089       3       java.lang.reflect.ReflectAccess::copyConstructor (5 bytes)
Event: 8.256 Thread 0x0000024580a6f800 nmethod 2089 0x00000245eb568590 code [0x00000245eb568740, 0x00000245eb568868]
Event: 8.257 Thread 0x0000024580a6f800 2090       3       java.lang.Class::privateGetDeclaredConstructors (79 bytes)
Event: 8.257 Thread 0x0000024580a6f800 nmethod 2090 0x00000245eb568910 code [0x00000245eb568b20, 0x00000245eb569028]
Event: 8.318 Thread 0x0000024580a6f800 2094       3       java.lang.invoke.LambdaForm::returnType (26 bytes)
Event: 8.318 Thread 0x0000024580a6f800 nmethod 2094 0x00000245eb569210 code [0x00000245eb5693c0, 0x00000245eb569538]
Event: 8.344 Thread 0x0000024580a6f800 2097       3       sun.reflect.annotation.AnnotationType::getInstance (65 bytes)
Event: 8.345 Thread 0x0000024580a6f800 nmethod 2097 0x00000245eb569610 code [0x00000245eb569820, 0x00000245eb569e08]
Event: 8.347 Thread 0x0000024580a6f800 2099       3       sun.reflect.annotation.AnnotationParser::parseMemberValue (162 bytes)
Event: 8.350 Thread 0x0000024580a6f800 nmethod 2099 0x00000245eb56a090 code [0x00000245eb56a3e0, 0x00000245eb56b658]
Event: 8.361 Thread 0x0000024580a6f800 2100       3       jdk.internal.reflect.NativeConstructorAccessorImpl::newInstance (89 bytes)
Event: 8.363 Thread 0x0000024580a6f800 nmethod 2100 0x00000245eb56bc90 code [0x00000245eb56bf40, 0x00000245eb56cdb8]
Event: 8.366 Thread 0x0000024580a6f800 2102       3       jdk.internal.loader.AbstractClassLoaderValue$Sub::hashCode (19 bytes)
Event: 8.367 Thread 0x0000024580a6f800 nmethod 2102 0x00000245eb56d290 code [0x00000245eb56d460, 0x00000245eb56d7b8]

GC Heap History (6 events):
Event: 1.917 GC heap before
{Heap before GC invocations=0 (full 0):
 garbage-first heap   total 129024K, used 30720K [0x00000000a0000000, 0x0000000100000000)
  region size 1024K, 24 young (24576K), 0 survivors (0K)
 Metaspace       used 9792K, capacity 9960K, committed 10112K, reserved 1058816K
  class space    used 991K, capacity 1069K, committed 1152K, reserved 1048576K
}
Event: 2.014 GC heap after
{Heap after GC invocations=1 (full 0):
 garbage-first heap   total 129024K, used 9873K [0x00000000a0000000, 0x0000000100000000)
  region size 1024K, 3 young (3072K), 3 survivors (3072K)
 Metaspace       used 9792K, capacity 9960K, committed 10112K, reserved 1058816K
  class space    used 991K, capacity 1069K, committed 1152K, reserved 1048576K
}
Event: 6.769 GC heap before
{Heap before GC invocations=1 (full 0):
 garbage-first heap   total 129024K, used 84625K [0x00000000a0000000, 0x0000000100000000)
  region size 1024K, 75 young (76800K), 3 survivors (3072K)
 Metaspace       used 17892K, capacity 18263K, committed 18432K, reserved 1064960K
  class space    used 2083K, capacity 2241K, committed 2304K, reserved 1048576K
}
Event: 6.797 GC heap after
{Heap after GC invocations=2 (full 0):
 garbage-first heap   total 129024K, used 16545K [0x00000000a0000000, 0x0000000100000000)
  region size 1024K, 10 young (10240K), 10 survivors (10240K)
 Metaspace       used 17892K, capacity 18263K, committed 18432K, reserved 1064960K
  class space    used 2083K, capacity 2241K, committed 2304K, reserved 1048576K
}
Event: 7.654 GC heap before
{Heap before GC invocations=2 (full 0):
 garbage-first heap   total 129024K, used 42145K [0x00000000a0000000, 0x0000000100000000)
  region size 1024K, 36 young (36864K), 10 survivors (10240K)
 Metaspace       used 20830K, capacity 21185K, committed 21296K, reserved 1069056K
  class space    used 2522K, capacity 2683K, committed 2688K, reserved 1048576K
}
Event: 7.665 GC heap after
{Heap after GC invocations=3 (full 0):
 garbage-first heap   total 129024K, used 17691K [0x00000000a0000000, 0x0000000100000000)
  region size 1024K, 2 young (2048K), 2 survivors (2048K)
 Metaspace       used 20830K, capacity 21185K, committed 21296K, reserved 1069056K
  class space    used 2522K, capacity 2683K, committed 2688K, reserved 1048576K
}

Deoptimization events (20 events):
Event: 7.225 Thread 0x00000245827b6800 Uncommon trap: trap_request=0xffffff4d fr.pc=0x00000245f26b4c5c relative=0x000000000000051c
Event: 7.225 Thread 0x00000245827b6800 Uncommon trap: reason=unstable_if action=reinterpret pc=0x00000245f26b4c5c method=java.io.File.getName()Ljava/lang/String; @ 16 c2
Event: 7.225 Thread 0x00000245827b6800 DEOPT PACKING pc=0x00000245f26b4c5c sp=0x000000f606cfd020
Event: 7.225 Thread 0x00000245827b6800 DEOPT UNPACKING pc=0x00000245eabba1af sp=0x000000f606cfcff0 mode 2
Event: 7.225 Thread 0x00000245827b6800 Uncommon trap: trap_request=0xffffff4d fr.pc=0x00000245f26b2f34 relative=0x0000000000000474
Event: 7.225 Thread 0x00000245827b6800 Uncommon trap: reason=unstable_if action=reinterpret pc=0x00000245f26b2f34 method=java.lang.String.substring(I)Ljava/lang/String; @ 34 c2
Event: 7.225 Thread 0x00000245827b6800 DEOPT PACKING pc=0x00000245f26b2f34 sp=0x000000f606cfcfa0
Event: 7.225 Thread 0x00000245827b6800 DEOPT UNPACKING pc=0x00000245eabba1af sp=0x000000f606cfcf78 mode 2
Event: 7.441 Thread 0x00000245827b6800 Uncommon trap: trap_request=0xffffff4d fr.pc=0x00000245f26f864c relative=0x000000000000010c
Event: 7.441 Thread 0x00000245827b6800 Uncommon trap: reason=unstable_if action=reinterpret pc=0x00000245f26f864c method=java.lang.ThreadLocal$ThreadLocalMap.getEntry(Ljava/lang/ThreadLocal;)Ljava/lang/ThreadLocal$ThreadLocalMap$Entry; @ 29 c2
Event: 7.441 Thread 0x00000245827b6800 DEOPT PACKING pc=0x00000245f26f864c sp=0x000000f606cfdfd0
Event: 7.441 Thread 0x00000245827b6800 DEOPT UNPACKING pc=0x00000245eabba1af sp=0x000000f606cfdf10 mode 2
Event: 7.470 Thread 0x00000245827b6800 Uncommon trap: trap_request=0xffffffcc fr.pc=0x00000245f271b1f8 relative=0x00000000000002b8
Event: 7.470 Thread 0x00000245827b6800 Uncommon trap: reason=intrinsic_or_type_checked_inlining action=make_not_entrant pc=0x00000245f271b1f8 method=java.util.Arrays.copyOf([Ljava/lang/Object;ILjava/lang/Class;)[Ljava/lang/Object; @ 35 c2
Event: 7.470 Thread 0x00000245827b6800 DEOPT PACKING pc=0x00000245f271b1f8 sp=0x000000f606cfd910
Event: 7.470 Thread 0x00000245827b6800 DEOPT UNPACKING pc=0x00000245eabba1af sp=0x000000f606cfd8b8 mode 2
Event: 7.938 Thread 0x00000245827b6800 Uncommon trap: trap_request=0xffffff4d fr.pc=0x00000245f2718d18 relative=0x0000000000000398
Event: 7.938 Thread 0x00000245827b6800 Uncommon trap: reason=unstable_if action=reinterpret pc=0x00000245f2718d18 method=jdk.internal.org.objectweb.asm.Type.getArgumentsAndReturnSizes(Ljava/lang/String;)I @ 88 c2
Event: 7.938 Thread 0x00000245827b6800 DEOPT PACKING pc=0x00000245f2718d18 sp=0x000000f606cf9a30
Event: 7.938 Thread 0x00000245827b6800 DEOPT UNPACKING pc=0x00000245eabba1af sp=0x000000f606cf99b8 mode 2

Classes redefined (0 events):
No events

Internal exceptions (20 events):
Event: 1.373 Thread 0x00000245e5847000 Exception <a 'java/lang/NoSuchMethodError'{0x00000000a6a4f190}: 'void java.lang.invoke.DelegatingMethodHandle$Holder.delegate(java.lang.Object, java.lang.Object, int, java.lang.Object)'> (0x00000000a6a4f190) thrown at [src/hotspot/share/interpreter/linkResolver.cpp, line 773]
Event: 3.334 Thread 0x00000245e5847000 Exception <a 'java/security/PrivilegedActionException'{0x00000000a5b60158}> (0x00000000a5b60158) thrown at [src/hotspot/share/prims/jvm.cpp, line 1306]
Event: 3.334 Thread 0x00000245e5847000 Exception <a 'java/security/PrivilegedActionException'{0x00000000a5b606d0}> (0x00000000a5b606d0) thrown at [src/hotspot/share/prims/jvm.cpp, line 1306]
Event: 3.860 Thread 0x00000245e5847000 Exception <a 'java/lang/NoSuchMethodError'{0x00000000a4af2c20}: 'java.lang.Object java.lang.invoke.DirectMethodHandle$Holder.invokeStaticInit(java.lang.Object, java.lang.Object, java.lang.Object)'> (0x00000000a4af2c20) thrown at [src/hotspot/share/interpreter/linkResolver.cpp, line 773]
Event: 4.318 Thread 0x00000245e5847000 Exception <a 'java/lang/NoSuchMethodError'{0x00000000a43930a8}: 'java.lang.Object java.lang.invoke.DirectMethodHandle$Holder.invokeStaticInit(java.lang.Object, int, int, int, int)'> (0x00000000a43930a8) thrown at [src/hotspot/share/interpreter/linkResolver.cpp, line 773]
Event: 4.935 Thread 0x00000245e5847000 Exception <a 'java/lang/NoSuchMethodError'{0x00000000a4216230}: 'java.lang.Object java.lang.invoke.DirectMethodHandle$Holder.invokeStaticInit(java.lang.Object, java.lang.Object, int, int, int, int)'> (0x00000000a4216230) thrown at [src/hotspot/share/interpreter/linkResolver.cpp, line 773]
Event: 5.905 Thread 0x00000245e5847000 Exception <a 'java/io/IOException'{0x00000000a41fbbf0}> (0x00000000a41fbbf0) thrown at [src/hotspot/share/prims/jni.cpp, line 617]
Event: 6.603 Thread 0x00000245827b6800 Exception <a 'java/lang/NoSuchMethodError'{0x00000000a390bf80}: 'long java.lang.invoke.DirectMethodHandle$Holder.invokeInterface(java.lang.Object, java.lang.Object)'> (0x00000000a390bf80) thrown at [src/hotspot/share/interpreter/linkResolver.cpp, line 773]
Event: 6.605 Thread 0x00000245827b6800 Exception <a 'java/lang/NoSuchMethodError'{0x00000000a3919020}: 'void java.lang.invoke.DelegatingMethodHandle$Holder.reinvoke_L(java.lang.Object, java.lang.Object, java.lang.Object, java.lang.Object, java.lang.Object, java.lang.Object, java.lang.Object)'> (0x00000000a3919020) thrown at [src/hotspot/share/interpreter/linkResolver.cpp, line 773]
Event: 6.847 Thread 0x00000245827b6800 Exception <a 'java/lang/NoSuchMethodError'{0x00000000a7c9c6f0}: 'void java.lang.invoke.DirectMethodHandle$Holder.invokeStaticInit(java.lang.Object)'> (0x00000000a7c9c6f0) thrown at [src/hotspot/share/interpreter/linkResolver.cpp, line 773]
Event: 6.897 Thread 0x00000245827b6800 Exception <a 'java/lang/NoSuchMethodError'{0x00000000a7b58b38}: 'java.lang.Object java.lang.invoke.DirectMethodHandle$Holder.invokeStatic(java.lang.Object, java.lang.Object, java.lang.Object, int)'> (0x00000000a7b58b38) thrown at [src/hotspot/share/interpreter/linkResolver.cpp, line 773]
Event: 6.897 Thread 0x00000245827b6800 Exception <a 'java/lang/NoSuchMethodError'{0x00000000a7b5cd00}: 'java.lang.Object java.lang.invoke.DirectMethodHandle$Holder.invokeSpecial(java.lang.Object, java.lang.Object, java.lang.Object, java.lang.Object, int)'> (0x00000000a7b5cd00) thrown at [src/hotspot/share/interpreter/linkResolver.cpp, line 773]
Event: 6.898 Thread 0x00000245827b6800 Exception <a 'java/lang/NoSuchMethodError'{0x00000000a7b606e8}: 'java.lang.Object java.lang.invoke.Invokers$Holder.linkToTargetMethod(java.lang.Object, java.lang.Object, int, java.lang.Object)'> (0x00000000a7b606e8) thrown at [src/hotspot/share/interpreter/linkResolver.cpp, line 773]
Event: 7.257 Thread 0x00000245827b6800 Exception <a 'java/lang/NoSuchMethodError'{0x00000000a72bf588}: 'java.lang.Object java.lang.invoke.Invokers$Holder.linkToTargetMethod(java.lang.Object, java.lang.Object, java.lang.Object, java.lang.Object, java.lang.Object, java.lang.Object)'> (0x00000000a72bf588) thrown at [src/hotspot/share/interpreter/linkResolver.cpp, line 773]
Event: 7.752 Thread 0x00000245827b6800 Exception <a 'java/lang/NoSuchMethodError'{0x00000000a7c49f40}: 'int java.lang.invoke.DirectMethodHandle$Holder.invokeSpecialIFC(java.lang.Object, java.lang.Object, java.lang.Object, java.lang.Object)'> (0x00000000a7c49f40) thrown at [src/hotspot/share/interpreter/linkResolver.cpp, line 773]
Event: 7.756 Thread 0x00000245827b6800 Exception <a 'java/lang/NoSuchMethodError'{0x00000000a7c57ef8}: 'java.lang.Object java.lang.invoke.DirectMethodHandle$Holder.invokeInterface(java.lang.Object, java.lang.Object, java.lang.Object)'> (0x00000000a7c57ef8) thrown at [src/hotspot/share/interpreter/linkResolver.cpp, line 773]
Event: 7.758 Thread 0x00000245827b6800 Exception <a 'java/lang/IncompatibleClassChangeError'{0x00000000a7c5b3d0}: Found class java.lang.Object, but interface was expected> (0x00000000a7c5b3d0) thrown at [src/hotspot/share/interpreter/linkResolver.cpp, line 839]
Event: 8.046 Thread 0x00000245827b6800 Exception <a 'java/lang/NoSuchMethodError'{0x00000000a75d6720}: 'void java.lang.invoke.DirectMethodHandle$Holder.invokeSpecial(java.lang.Object, java.lang.Object, java.lang.Object, java.lang.Object, java.lang.Object)'> (0x00000000a75d6720) thrown at [src/hotspot/share/interpreter/linkResolver.cpp, line 773]
Event: 8.110 Thread 0x00000245827b6800 Exception <a 'java/lang/NoSuchMethodError'{0x00000000a7211638}: 'java.lang.Object java.lang.invoke.DirectMethodHandle$Holder.invokeSpecial(java.lang.Object, java.lang.Object, java.lang.Object, java.lang.Object, java.lang.Object, java.lang.Object, java.lang.Object, java.lang.Object, java.lang.Object)'> (0x00000000a7211638) thrown at [src/hotspot/share/interpreter/linkResolver.cpp, line 773]
Event: 8.318 Thread 0x00000245827b6800 Exception <a 'java/lang/NoSuchMethodError'{0x00000000a6820198}: 'java.lang.Object java.lang.invoke.DirectMethodHandle$Holder.invokeVirtual(java.lang.Object, java.lang.Object, java.lang.Object, java.lang.Object)'> (0x00000000a6820198) thrown at [src/hotspot/share/interpreter/linkResolver.cpp, line 773]

Events (20 events):
Event: 8.377 loading class org/gradle/internal/instantiation/generator/AbstractClassGenerator$ManagedPropertiesHandler
Event: 8.377 loading class org/gradle/internal/instantiation/generator/AbstractClassGenerator$ManagedPropertiesHandler done
Event: 8.377 loading class org/gradle/internal/instantiation/generator/AbstractClassGenerator$NamePropertyHandler
Event: 8.377 loading class org/gradle/internal/instantiation/generator/AbstractClassGenerator$NamePropertyHandler done
Event: 8.378 loading class org/gradle/internal/instantiation/generator/AbstractClassGenerator$ExtensibleTypePropertyHandler
Event: 8.378 loading class org/gradle/internal/instantiation/generator/AbstractClassGenerator$ExtensibleTypePropertyHandler done
Event: 8.379 loading class org/gradle/internal/instantiation/generator/AbstractClassGenerator$DslMixInPropertyType
Event: 8.379 loading class org/gradle/internal/instantiation/generator/AbstractClassGenerator$DslMixInPropertyType done
Event: 8.381 loading class org/gradle/internal/reflect/MethodSet
Event: 8.381 loading class org/gradle/internal/reflect/MethodSet done
Event: 8.383 loading class com/google/common/collect/LinkedHashMultimap
Event: 8.383 loading class com/google/common/collect/LinkedHashMultimap done
Event: 8.387 loading class com/google/common/collect/LinkedHashMultimapGwtSerializationDependencies
Event: 8.387 loading class com/google/common/collect/LinkedHashMultimapGwtSerializationDependencies done
Event: 8.388 loading class com/google/common/collect/AbstractSetMultimap
Event: 8.388 loading class com/google/common/collect/AbstractSetMultimap done
Event: 8.388 loading class com/google/common/collect/AbstractMapBasedMultimap
Event: 8.388 loading class com/google/common/collect/AbstractMapBasedMultimap done
Event: 8.392 loading class com/google/common/collect/LinkedHashMultimap$ValueEntry
Event: 8.392 loading class com/google/common/collect/LinkedHashMultimap$ValueEntry done


Dynamic libraries:
0x00007ff6c37d0000 - 0x00007ff6c37da000 	C:\Program Files\Android\Android Studio\jbr\bin\java.exe
0x00007ffab3c20000 - 0x00007ffab3e29000 	C:\WINDOWS\SYSTEM32\ntdll.dll
0x00007ffab1d50000 - 0x00007ffab1e0e000 	C:\WINDOWS\System32\KERNEL32.DLL
0x00007ffab10f0000 - 0x00007ffab146c000 	C:\WINDOWS\System32\KERNELBASE.dll
0x00007ffab1950000 - 0x00007ffab1a61000 	C:\WINDOWS\System32\ucrtbase.dll
0x00007ffa79530000 - 0x00007ffa79547000 	C:\Program Files\Android\Android Studio\jbr\bin\jli.dll
0x00007ffab3780000 - 0x00007ffab392d000 	C:\WINDOWS\System32\USER32.dll
0x00007ffab1a70000 - 0x00007ffab1a96000 	C:\WINDOWS\System32\win32u.dll
0x00007ffab36e0000 - 0x00007ffab3709000 	C:\WINDOWS\System32\GDI32.dll
0x00007ffab16c0000 - 0x00007ffab17d8000 	C:\WINDOWS\System32\gdi32full.dll
0x00007ffab1560000 - 0x00007ffab15fd000 	C:\WINDOWS\System32\msvcp_win.dll
0x00007ffa78610000 - 0x00007ffa7862b000 	C:\Program Files\Android\Android Studio\jbr\bin\VCRUNTIME140.dll
0x00007ffa8a700000 - 0x00007ffa8a9a5000 	C:\WINDOWS\WinSxS\amd64_microsoft.windows.common-controls_6595b64144ccf1df_6.0.22000.120_none_9d947278b86cc467\COMCTL32.dll
0x00007ffab3500000 - 0x00007ffab35a3000 	C:\WINDOWS\System32\msvcrt.dll
0x00007ffab29d0000 - 0x00007ffab2a01000 	C:\WINDOWS\System32\IMM32.DLL
0x00007ffa97000000 - 0x00007ffa9700c000 	C:\Program Files\Android\Android Studio\jbr\bin\vcruntime140_1.dll
0x00007ffa64730000 - 0x00007ffa647bd000 	C:\Program Files\Android\Android Studio\jbr\bin\msvcp140.dll
0x00007ffa51660000 - 0x00007ffa5221c000 	C:\Program Files\Android\Android Studio\jbr\bin\server\jvm.dll
0x00007ffab3610000 - 0x00007ffab36be000 	C:\WINDOWS\System32\ADVAPI32.dll
0x00007ffab1cb0000 - 0x00007ffab1d4e000 	C:\WINDOWS\System32\sechost.dll
0x00007ffab1b00000 - 0x00007ffab1c20000 	C:\WINDOWS\System32\RPCRT4.dll
0x00007ffab2a70000 - 0x00007ffab2a78000 	C:\WINDOWS\System32\PSAPI.DLL
0x00007ffa9c940000 - 0x00007ffa9c949000 	C:\WINDOWS\SYSTEM32\WSOCK32.dll
0x00007ffaabb30000 - 0x00007ffaabb63000 	C:\WINDOWS\SYSTEM32\WINMM.dll
0x00007ffab3710000 - 0x00007ffab377f000 	C:\WINDOWS\System32\WS2_32.dll
0x00007ffaa98b0000 - 0x00007ffaa98ba000 	C:\WINDOWS\SYSTEM32\VERSION.dll
0x00007ffab0130000 - 0x00007ffab0148000 	C:\WINDOWS\SYSTEM32\kernel.appcore.dll
0x00007ffa9c930000 - 0x00007ffa9c940000 	C:\Program Files\Android\Android Studio\jbr\bin\verify.dll
0x00007ffaaedf0000 - 0x00007ffaaf011000 	C:\WINDOWS\SYSTEM32\DBGHELP.DLL
0x00007ffa9e3c0000 - 0x00007ffa9e3f1000 	C:\WINDOWS\SYSTEM32\dbgcore.DLL
0x00007ffab1470000 - 0x00007ffab14ef000 	C:\WINDOWS\System32\bcryptPrimitives.dll
0x00007ffa99d00000 - 0x00007ffa99d28000 	C:\Program Files\Android\Android Studio\jbr\bin\java.dll
0x00007ffa9ab90000 - 0x00007ffa9ab9a000 	C:\Program Files\Android\Android Studio\jbr\bin\jimage.dll
0x00007ffa98bb0000 - 0x00007ffa98bc8000 	C:\Program Files\Android\Android Studio\jbr\bin\zip.dll
0x00007ffab2d20000 - 0x00007ffab34e5000 	C:\WINDOWS\System32\SHELL32.dll
0x00007ffaaf1a0000 - 0x00007ffaafa05000 	C:\WINDOWS\SYSTEM32\windows.storage.dll
0x00007ffab2420000 - 0x00007ffab2796000 	C:\WINDOWS\System32\combase.dll
0x00007ffaaf030000 - 0x00007ffaaf196000 	C:\WINDOWS\SYSTEM32\wintypes.dll
0x00007ffab27a0000 - 0x00007ffab288a000 	C:\WINDOWS\System32\SHCORE.dll
0x00007ffab35b0000 - 0x00007ffab360d000 	C:\WINDOWS\System32\shlwapi.dll
0x00007ffab1020000 - 0x00007ffab1041000 	C:\WINDOWS\SYSTEM32\profapi.dll
0x00007ffa98870000 - 0x00007ffa98889000 	C:\Program Files\Android\Android Studio\jbr\bin\net.dll
0x00007ffaab650000 - 0x00007ffaab762000 	C:\WINDOWS\SYSTEM32\WINHTTP.dll
0x00007ffab0630000 - 0x00007ffab0697000 	C:\WINDOWS\system32\mswsock.dll
0x00007ffa98260000 - 0x00007ffa98273000 	C:\Program Files\Android\Android Studio\jbr\bin\nio.dll
0x00007ffa7b640000 - 0x00007ffa7b667000 	C:\Users\Phong Vu\.gradle\native\e1d6ef7f7dcc3fd88c89a11ec53ec762bb8ba0a96d01ffa2cd45eb1d1d8dd5c5\windows-amd64\native-platform.dll
0x00007ffa52750000 - 0x00007ffa52894000 	C:\Users\Phong Vu\.gradle\native\0d407fdbe67a94daf76414ababcb853783967236a71b16ec16e742cd7a986fd3\windows-amd64\native-platform-file-events.dll
0x00007ffa9ab80000 - 0x00007ffa9ab8a000 	C:\Program Files\Android\Android Studio\jbr\bin\management.dll
0x00007ffa99190000 - 0x00007ffa9919b000 	C:\Program Files\Android\Android Studio\jbr\bin\management_ext.dll
0x00007ffab0860000 - 0x00007ffab0878000 	C:\WINDOWS\SYSTEM32\CRYPTSP.dll
0x00007ffab0090000 - 0x00007ffab00c5000 	C:\WINDOWS\system32\rsaenh.dll
0x00007ffab0700000 - 0x00007ffab0729000 	C:\WINDOWS\SYSTEM32\USERENV.dll
0x00007ffab0ad0000 - 0x00007ffab0af7000 	C:\WINDOWS\SYSTEM32\bcrypt.dll
0x00007ffab0880000 - 0x00007ffab088c000 	C:\WINDOWS\SYSTEM32\CRYPTBASE.dll
0x00007ffaafc60000 - 0x00007ffaafc8d000 	C:\WINDOWS\SYSTEM32\IPHLPAPI.DLL
0x00007ffab34f0000 - 0x00007ffab34f9000 	C:\WINDOWS\System32\NSI.dll
0x00007ffaab630000 - 0x00007ffaab649000 	C:\WINDOWS\SYSTEM32\dhcpcsvc6.DLL
0x00007ffaabe70000 - 0x00007ffaabe8e000 	C:\WINDOWS\SYSTEM32\dhcpcsvc.DLL
0x00007ffaafc90000 - 0x00007ffaafd78000 	C:\WINDOWS\SYSTEM32\DNSAPI.dll

dbghelp: loaded successfully - version: 4.0.5 - missing functions: none
symbol engine: initialized successfully - sym options: 0x614 - pdb path: .;C:\Program Files\Android\Android Studio\jbr\bin;C:\WINDOWS\SYSTEM32;C:\WINDOWS\WinSxS\amd64_microsoft.windows.common-controls_6595b64144ccf1df_6.0.22000.120_none_9d947278b86cc467;C:\Program Files\Android\Android Studio\jbr\bin\server;C:\Users\Phong Vu\.gradle\native\e1d6ef7f7dcc3fd88c89a11ec53ec762bb8ba0a96d01ffa2cd45eb1d1d8dd5c5\windows-amd64;C:\Users\Phong Vu\.gradle\native\0d407fdbe67a94daf76414ababcb853783967236a71b16ec16e742cd7a986fd3\windows-amd64

VM Arguments:
jvm_args: --add-opens=java.base/java.util=ALL-UNNAMED --add-opens=java.base/java.lang=ALL-UNNAMED --add-opens=java.base/java.lang.invoke=ALL-UNNAMED --add-opens=java.base/java.util=ALL-UNNAMED --add-opens=java.prefs/java.util.prefs=ALL-UNNAMED --add-opens=java.prefs/java.util.prefs=ALL-UNNAMED --add-opens=java.base/java.nio.charset=ALL-UNNAMED --add-opens=java.base/java.net=ALL-UNNAMED --add-opens=java.base/java.util.concurrent.atomic=ALL-UNNAMED -Xmx1536M -Dfile.encoding=UTF-8 -Duser.country=US -Duser.language=en -Duser.variant 
java_command: org.gradle.launcher.daemon.bootstrap.GradleDaemon 7.5
java_class_path (initial): C:\Users\Phong Vu\.gradle\wrapper\dists\gradle-7.5-bin\f1w0cc9nuo0eivz97x2xlu9sv\gradle-7.5\lib\gradle-launcher-7.5.jar
Launcher Type: SUN_STANDARD

[Global flags]
     intx CICompilerCount                          = 4                                         {product} {ergonomic}
     uint ConcGCThreads                            = 2                                         {product} {ergonomic}
     uint G1ConcRefinementThreads                  = 8                                         {product} {ergonomic}
   size_t G1HeapRegionSize                         = 1048576                                   {product} {ergonomic}
    uintx GCDrainStackTargetSize                   = 64                                        {product} {ergonomic}
   size_t InitialHeapSize                          = 132120576                                 {product} {ergonomic}
   size_t MarkStackSize                            = 4194304                                   {product} {ergonomic}
   size_t MaxHeapSize                              = 1610612736                                {product} {command line}
   size_t MaxNewSize                               = 965738496                                 {product} {ergonomic}
   size_t MinHeapDeltaBytes                        = 1048576                                   {product} {ergonomic}
    uintx NonNMethodCodeHeapSize                   = 5836300                                {pd product} {ergonomic}
    uintx NonProfiledCodeHeapSize                  = 122910970                              {pd product} {ergonomic}
    uintx ProfiledCodeHeapSize                     = 122910970                              {pd product} {ergonomic}
    uintx ReservedCodeCacheSize                    = 251658240                              {pd product} {ergonomic}
     bool SegmentedCodeCache                       = true                                      {product} {ergonomic}
     bool UseCompressedClassPointers               = true                                 {lp64_product} {ergonomic}
     bool UseCompressedOops                        = true                                 {lp64_product} {ergonomic}
     bool UseG1GC                                  = true                                      {product} {ergonomic}
     bool UseLargePagesIndividualAllocation        = false                                  {pd product} {ergonomic}

Logging:
Log output configuration:
 #0: stdout all=warning uptime,level,tags
 #1: stderr all=off uptime,level,tags

Environment Variables:
PATH=C:\Program Files\Common Files\Oracle\Java\javapath;C:\Windows\system32;C:\Windows;C:\Windows\System32\Wbem;C:\Windows\System32\WindowsPowerShell\v1.0\;C:\Windows\System32\OpenSSH\;C:\Program Files (x86)\NVIDIA Corporation\PhysX\Common;C:\Program Files\NVIDIA Corporation\NVIDIA NvDLISR;C:\TDM-GCC-32\bin;D:\Matlab\runtime\win64;D:\Matlab\bin;D:\Matlab\polyspace\bin;C:\Program Files\Microsoft\Web Platform Installer\;C:\Program Files (x86)\Microsoft ASP.NET\ASP.NET Web Pages\v1.0\;C:\Program Files\Microsoft SQL Server\110\Tools\Binn\;C:\WINDOWS\system32;C:\WINDOWS;C:\WINDOWS\System32\Wbem;C:\WINDOWS\System32\WindowsPowerShell\v1.0\;C:\WINDOWS\System32\OpenSSH\;C:\Program Files (x86)\Microsoft SQL Server\150\Tools\Binn\;C:\Program Files\Microsoft SQL Server\150\Tools\Binn\;C:\Program Files (x86)\Microsoft SQL Server\150\DTS\Binn\;C:\Program Files\Microsoft SQL Server\150\DTS\Binn\;C:\Program Files\Microsoft SQL Server\Client SDK\ODBC\170\Tools\Binn\;C:\Program Files\Git\cmd;C:\Users\Phong Vu\AppData\Roaming\nvm;C:;C:\Users\Phong Vu\AppData\Local\Programs\Python\Python310\Scripts\;C:\Users\Phong Vu\AppData\Local\Programs\Python\Python310\;C:\Users\Phong Vu\AppData\Local\Microsoft\WindowsApps;D:\mingw64\bin;C:\Program Files\JetBrains\PyCharm Community Edition 2022.2.4\bin;;D:\JavaIDE\IntelliJ IDEA Community Edition 2022.1.4\bin;;C:\Program Files\Azure Data Studio\bin;C:\Users\Phong Vu\AppData\Local\Programs\Microsoft VS Code\bin;C:\Users\Phong Vu\AppData\Roaming\npm;C:\Users\Phong Vu\AppData\Roaming\nvm;C:\Program Files\nodejs;D:\QPLE\modelsim_ase\win32aloem;C:\intelFPGA_lite\18.1\modelsim_ase\win32aloem
USERNAME=Nguyen Hieu
OS=Windows_NT
PROCESSOR_IDENTIFIER=Intel64 Family 6 Model 165 Stepping 2, GenuineIntel



---------------  S Y S T E M  ---------------

OS: Windows 11 , 64 bit Build 22000 (10.0.22000.1516)
OS uptime: 3 days 21:58 hours
Hyper-V role detected

CPU:total 8 (initial active 8) (4 cores per cpu, 2 threads per core) family 6 model 165 stepping 2 microcode 0xe2, cmov, cx8, fxsr, mmx, sse, sse2, sse3, ssse3, sse4.1, sse4.2, popcnt, avx, avx2, aes, clmul, erms, 3dnowpref, lzcnt, ht, tsc, tscinvbit, bmi1, bmi2, adx, fma

Memory: 4k page, system-wide physical 8023M (242M free)
TotalPageFile size 15191M (AvailPageFile size 1M)
current process WorkingSet (physical memory assigned to process): 200M, peak: 200M
current process commit charge ("private bytes"): 267M, peak: 267M

vm_info: OpenJDK 64-Bit Server VM (11.0.15+0-b2043.56-9505619) for windows-amd64 JRE (11.0.15+0-b2043.56-9505619), built on Jan 19 2023 02:48:00 by "builduser" with unknown MS VC++:1929

END.
