#
# There is insufficient memory for the Java Runtime Environment to continue.
# Native memory allocation (malloc) failed to allocate 2269296 bytes for Chunk::new
# Possible reasons:
#   The system is out of physical RAM or swap space
#   The process is running with CompressedOops enabled, and the Java Heap may be blocking the growth of the native heap
# Possible solutions:
#   Reduce memory load on the system
#   Increase physical memory or swap space
#   Check if swap backing store is full
#   Decrease Java heap size (-Xmx/-Xms)
#   Decrease number of Java threads
#   Decrease Java thread stack sizes (-Xss)
#   Set larger code cache with -XX:ReservedCodeCacheSize=
#   JVM is running with Unscaled Compressed Oops mode in which the Java heap is
#     placed in the first 4GB address space. The Java Heap base address is the
#     maximum limit for the native heap growth. Please use -XX:HeapBaseMinAddress
#     to set the Java Heap base and to place the Java Heap above 4GB virtual address.
# This output file may be truncated or incomplete.
#
#  Out of Memory Error (src/hotspot/share/memory/arena.cpp:197), pid=2276, tid=15804
#
# JRE version: OpenJDK Runtime Environment (11.0.15) (build 11.0.15+0-b2043.56-9505619)
# Java VM: OpenJDK 64-Bit Server VM (11.0.15+0-b2043.56-9505619, mixed mode, tiered, compressed oops, g1 gc, windows-amd64)
# No core dump will be written. Minidumps are not enabled by default on client versions of Windows
#

---------------  S U M M A R Y ------------

Command Line: --add-opens=java.base/java.util=ALL-UNNAMED --add-opens=java.base/java.lang=ALL-UNNAMED --add-opens=java.base/java.lang.invoke=ALL-UNNAMED --add-opens=java.base/java.util=ALL-UNNAMED --add-opens=java.prefs/java.util.prefs=ALL-UNNAMED --add-opens=java.prefs/java.util.prefs=ALL-UNNAMED --add-opens=java.base/java.nio.charset=ALL-UNNAMED --add-opens=java.base/java.net=ALL-UNNAMED --add-opens=java.base/java.util.concurrent.atomic=ALL-UNNAMED -Xmx1536M -Dfile.encoding=UTF-8 -Duser.country=US -Duser.language=en -Duser.variant org.gradle.launcher.daemon.bootstrap.GradleDaemon 7.5

Host: Intel(R) Core(TM) i5-10300H CPU @ 2.50GHz, 8 cores, 7G,  Windows 11 , 64 bit Build 22621 (10.0.22621.1485)
Time: Sun Apr 23 22:50:38 2023 SE Asia Standard Time elapsed time: 72.150413 seconds (0d 0h 1m 12s)

---------------  T H R E A D  ---------------

Current thread (0x0000014559b5a800):  JavaThread "C2 CompilerThread0" daemon [_thread_in_native, id=15804, stack(0x000000193a600000,0x000000193a700000)]


Current CompileTask:
C2:  72150 18300 %     4       com.google.common.collect.SparseImmutableTable::<init> @ 21 (468 bytes)

Stack: [0x000000193a600000,0x000000193a700000]
Native frames: (J=compiled Java code, j=interpreted, Vv=VM code, C=native code)
V  [jvm.dll+0x64135a]
V  [jvm.dll+0x7d39f9]
V  [jvm.dll+0x7d51b9]
V  [jvm.dll+0x7d58a3]
V  [jvm.dll+0x2691c5]
V  [jvm.dll+0xc1a5c]
V  [jvm.dll+0xc200c]
V  [jvm.dll+0x3774a7]
V  [jvm.dll+0x342495]
V  [jvm.dll+0x34186a]
V  [jvm.dll+0x2214bd]
V  [jvm.dll+0x220498]
V  [jvm.dll+0x19e851]
V  [jvm.dll+0x230479]
V  [jvm.dll+0x22e5ef]
V  [jvm.dll+0x794de1]
V  [jvm.dll+0x78dc24]
V  [jvm.dll+0x6400f6]
C  [ucrtbase.dll+0x29363]
C  [KERNEL32.DLL+0x1269d]
C  [ntdll.dll+0x5a9f8]


---------------  P R O C E S S  ---------------

Threads class SMR info:
_java_thread_list=0x000001456376cbf0, length=148, elements={
0x000001453ea12800, 0x0000014559b12000, 0x0000014559b3f000, 0x0000014559b54000,
0x0000014559b56000, 0x0000014559b59000, 0x0000014559b5a800, 0x0000014559b5d800,
0x000001455a4d7800, 0x000001455a65c800, 0x000001455b8a8000, 0x000001455a751000,
0x000001455c844000, 0x000001455c4e7000, 0x000001455c9e7800, 0x000001455cd46800,
0x000001455cd41000, 0x000001455cd42800, 0x000001455cd46000, 0x000001455cd47800,
0x000001455cd45000, 0x000001455e0a0000, 0x000001455e09f000, 0x000001455e09d800,
0x000001455e0a3000, 0x000001455e0a4000, 0x000001455e0a7000, 0x0000014561575000,
0x0000014561572800, 0x0000014561571800, 0x0000014561574000, 0x0000014561570800,
0x000001456157c000, 0x0000014561e14000, 0x000001455a7ed800, 0x000001455a7f1000,
0x000001455a7f0000, 0x000001455a7ee800, 0x000001455a7ef800, 0x000001455a934000,
0x000001455a932000, 0x000001455a933000, 0x000001455a934800, 0x000001455a931800,
0x000001455a92f000, 0x000001455a935800, 0x000001455a930800, 0x000001455a939800,
0x000001455a93a800, 0x000001455a936000, 0x000001455a93b000, 0x000001455a93c000,
0x000001455a938800, 0x000001455a93d000, 0x000001455a937000, 0x000001455a93d800,
0x000001455a938000, 0x0000014561573000, 0x000001456156e800, 0x000001456156f000,
0x0000014561570000, 0x0000014561576800, 0x0000014561578000, 0x0000014561579800,
0x000001456157a800, 0x0000014561577800, 0x000001456157d000, 0x000001456157b800,
0x0000014561579000, 0x0000014561e17000, 0x0000014561e1a800, 0x0000014561e19000,
0x0000014561e14800, 0x0000014561e15800, 0x0000014561e19800, 0x0000014561e16800,
0x0000014561e18000, 0x000001455e09c800, 0x000001455e0a6800, 0x000001455e0a8000,
0x000001455e0a2000, 0x000001455e0a8800, 0x000001455a7f2000, 0x000001455a7ec000,
0x000001455a7f2800, 0x000001455cd41800, 0x000001455cd43800, 0x000001455cd44000,
0x00000145639f0800, 0x00000145639f1000, 0x00000145639ec000, 0x00000145639ef800,
0x00000145639ee800, 0x00000145639eb800, 0x00000145639f3000, 0x00000145639ee000,
0x00000145639f2000, 0x00000145639ed000, 0x00000145639f5000, 0x00000145639f7800,
0x00000145639f3800, 0x00000145639fa000, 0x00000145639f4800, 0x00000145639f6000,
0x00000145639f7000, 0x00000145639f8800, 0x00000145639f9800, 0x000001455ab1d000,
0x000001455ab1e800, 0x000001455ab1b800, 0x000001455ab19000, 0x000001455ab19800,
0x000001455ab20000, 0x000001455ab1e000, 0x000001455ab1f800, 0x000001455ab1a800,
0x000001455ab1c000, 0x000001455ab23800, 0x000001455ab25000, 0x000001455ab21000,
0x000001455ab26000, 0x000001455ab27800, 0x000001455ab22000, 0x000001455ab26800,
0x000001455ab22800, 0x000001455ab24800, 0x000001455e3aa800, 0x000001455e3a5000,
0x000001455e3a7000, 0x000001455e3a5800, 0x000001455e3a9000, 0x000001455e3a9800,
0x000001455e3ab800, 0x000001455e3ac000, 0x000001455e3a6800, 0x000001455e3ae000,
0x000001455e3ad000, 0x000001455e3a8000, 0x000001455e3af800, 0x000001455e3b1000,
0x000001455e3b0000, 0x000001455e3b2000, 0x000001455e3b2800, 0x000001455e3b3800,
0x000001455e3ae800, 0x0000014563dbd000, 0x0000014563dbe800, 0x0000014563dbf800
}

Java Threads: ( => current thread )
  0x000001453ea12800 JavaThread "main" [_thread_blocked, id=17140, stack(0x0000001939a00000,0x0000001939b00000)]
  0x0000014559b12000 JavaThread "Reference Handler" daemon [_thread_blocked, id=15036, stack(0x000000193a100000,0x000000193a200000)]
  0x0000014559b3f000 JavaThread "Finalizer" daemon [_thread_blocked, id=18408, stack(0x000000193a200000,0x000000193a300000)]
  0x0000014559b54000 JavaThread "Signal Dispatcher" daemon [_thread_blocked, id=18624, stack(0x000000193a300000,0x000000193a400000)]
  0x0000014559b56000 JavaThread "Attach Listener" daemon [_thread_blocked, id=7668, stack(0x000000193a400000,0x000000193a500000)]
  0x0000014559b59000 JavaThread "Service Thread" daemon [_thread_blocked, id=16584, stack(0x000000193a500000,0x000000193a600000)]
=>0x0000014559b5a800 JavaThread "C2 CompilerThread0" daemon [_thread_in_native, id=15804, stack(0x000000193a600000,0x000000193a700000)]
  0x0000014559b5d800 JavaThread "C1 CompilerThread0" daemon [_thread_in_native, id=18192, stack(0x000000193a700000,0x000000193a800000)]
  0x000001455a4d7800 JavaThread "Sweeper thread" daemon [_thread_blocked, id=9620, stack(0x000000193a800000,0x000000193a900000)]
  0x000001455a65c800 JavaThread "Common-Cleaner" daemon [_thread_blocked, id=19212, stack(0x000000193a900000,0x000000193aa00000)]
  0x000001455b8a8000 JavaThread "Daemon health stats" [_thread_blocked, id=16588, stack(0x000000193ae00000,0x000000193af00000)]
  0x000001455a751000 JavaThread "Incoming local TCP Connector on port 65167" [_thread_in_native, id=8856, stack(0x000000193ab00000,0x000000193ac00000)]
  0x000001455c844000 JavaThread "Daemon periodic checks" [_thread_blocked, id=14436, stack(0x000000193af00000,0x000000193b000000)]
  0x000001455c4e7000 JavaThread "Daemon" [_thread_blocked, id=18224, stack(0x000000193b000000,0x000000193b100000)]
  0x000001455c9e7800 JavaThread "Daemon worker" [_thread_blocked, id=2924, stack(0x000000193b300000,0x000000193b400000)]
  0x000001455cd46800 JavaThread "Cache worker for journal cache (C:\Users\Phong Vu\.gradle\caches\journal-1)" [_thread_blocked, id=11860, stack(0x000000193bd00000,0x000000193be00000)]
  0x000001455cd41000 JavaThread "File lock request listener" [_thread_in_native, id=18888, stack(0x000000193be00000,0x000000193bf00000)]
  0x000001455cd42800 JavaThread "Cache worker for file hash cache (C:\Users\Phong Vu\.gradle\caches\7.5\fileHashes)" [_thread_blocked, id=14792, stack(0x000000193bf00000,0x000000193c000000)]
  0x000001455cd46000 JavaThread "File watcher server" daemon [_thread_in_native, id=4328, stack(0x000000193c100000,0x000000193c200000)]
  0x000001455cd47800 JavaThread "File watcher consumer" daemon [_thread_blocked, id=10020, stack(0x000000193c200000,0x000000193c300000)]
  0x000001455cd45000 JavaThread "Cache worker for file content cache (C:\Users\Phong Vu\.gradle\caches\7.5\fileContent)" [_thread_blocked, id=15896, stack(0x000000193c500000,0x000000193c600000)]
  0x000001455e0a0000 JavaThread "Cache worker for execution history cache (C:\Users\Phong Vu\.gradle\caches\7.5\executionHistory)" [_thread_blocked, id=12060, stack(0x000000193c800000,0x000000193c900000)]
  0x000001455e09f000 JavaThread "jar transforms" [_thread_blocked, id=12068, stack(0x000000193c900000,0x000000193ca00000)]
  0x000001455e09d800 JavaThread "jar transforms Thread 2" [_thread_blocked, id=13124, stack(0x000000193ca00000,0x000000193cb00000)]
  0x000001455e0a3000 JavaThread "jar transforms Thread 3" [_thread_blocked, id=18732, stack(0x000000193cb00000,0x000000193cc00000)]
  0x000001455e0a4000 JavaThread "jar transforms Thread 4" [_thread_blocked, id=12336, stack(0x000000193cc00000,0x000000193cd00000)]
  0x000001455e0a7000 JavaThread "jar transforms Thread 5" [_thread_blocked, id=11840, stack(0x000000193ce00000,0x000000193cf00000)]
  0x0000014561575000 JavaThread "jar transforms Thread 6" [_thread_blocked, id=19440, stack(0x0000001942000000,0x0000001942100000)]
  0x0000014561572800 JavaThread "jar transforms Thread 7" [_thread_blocked, id=2320, stack(0x0000001942100000,0x0000001942200000)]
  0x0000014561571800 JavaThread "jar transforms Thread 8" [_thread_blocked, id=9888, stack(0x0000001942200000,0x0000001942300000)]
  0x0000014561574000 JavaThread "Memory manager" [_thread_blocked, id=18940, stack(0x0000001942400000,0x0000001942500000)]
  0x0000014561570800 JavaThread "pool-3-thread-1" [_thread_blocked, id=16556, stack(0x0000001942500000,0x0000001942600000)]
  0x000001456157c000 JavaThread "included builds" [_thread_blocked, id=3228, stack(0x0000001942700000,0x0000001942800000)]
  0x0000014561e14000 JavaThread "Java2D Disposer" daemon [_thread_blocked, id=12708, stack(0x0000001943600000,0x0000001943700000)]
  0x000001455a7ed800 JavaThread "ForkJoinPool.commonPool-worker-3" daemon [_thread_blocked, id=4504, stack(0x0000001943c00000,0x0000001943d00000)]
  0x000001455a7f1000 JavaThread "ForkJoinPool.commonPool-worker-5" daemon [_thread_blocked, id=17444, stack(0x0000001943d00000,0x0000001943e00000)]
  0x000001455a7f0000 JavaThread "ForkJoinPool.commonPool-worker-7" daemon [_thread_blocked, id=8164, stack(0x0000001943e00000,0x0000001943f00000)]
  0x000001455a7ee800 JavaThread "ForkJoinPool.commonPool-worker-9" daemon [_thread_blocked, id=10052, stack(0x0000001943f00000,0x0000001944000000)]
  0x000001455a7ef800 JavaThread "ForkJoinPool.commonPool-worker-11" daemon [_thread_blocked, id=14356, stack(0x0000001944000000,0x0000001944100000)]
  0x000001455a934000 JavaThread "ForkJoinPool.commonPool-worker-13" daemon [_thread_blocked, id=2724, stack(0x0000001944100000,0x0000001944200000)]
  0x000001455a932000 JavaThread "ForkJoinPool.commonPool-worker-15" daemon [_thread_blocked, id=17740, stack(0x0000001944200000,0x0000001944300000)]
  0x000001455a933000 JavaThread "Handler for socket connection from /127.0.0.1:65167 to /127.0.0.1:65240" [_thread_in_native, id=15592, stack(0x0000001939700000,0x0000001939800000)]
  0x000001455a934800 JavaThread "Cancel handler" [_thread_blocked, id=984, stack(0x0000001939800000,0x0000001939900000)]
  0x000001455a931800 JavaThread "Asynchronous log dispatcher for DefaultDaemonConnection: socket connection from /127.0.0.1:65167 to /127.0.0.1:65240" [_thread_blocked, id=10796, stack(0x0000001939900000,0x0000001939a00000)]
  0x000001455a92f000 JavaThread "Stdin handler" [_thread_blocked, id=12324, stack(0x000000193b100000,0x000000193b200000)]
  0x000001455a935800 JavaThread "Daemon client event forwarder" [_thread_blocked, id=17836, stack(0x000000193b200000,0x000000193b300000)]
  0x000001455a930800 JavaThread "Cache worker for checksums cache (D:\Workspace\Java\Project-OOP-INT2204-2\LaboratoyEquipment_Group_5\SourceCode\.gradle\7.5\checksums)" [_thread_blocked, id=300, stack(0x000000193b500000,0x000000193b600000)]
  0x000001455a939800 JavaThread "Cache worker for cache directory md-rule (C:\Users\Phong Vu\.gradle\caches\7.5\md-rule)" [_thread_blocked, id=2992, stack(0x000000193b600000,0x000000193b700000)]
  0x000001455a93a800 JavaThread "Cache worker for file hash cache (D:\Workspace\Java\Project-OOP-INT2204-2\LaboratoyEquipment_Group_5\SourceCode\.gradle\7.5\fileHashes)" [_thread_blocked, id=16944, stack(0x000000193b700000,0x000000193b800000)]
  0x000001455a936000 JavaThread "Cache worker for cache directory md-supplier (C:\Users\Phong Vu\.gradle\caches\7.5\md-supplier)" [_thread_blocked, id=7364, stack(0x000000193c300000,0x000000193c400000)]
  0x000001455a93b000 JavaThread "Cache worker for dependencies-accessors (D:\Workspace\Java\Project-OOP-INT2204-2\LaboratoyEquipment_Group_5\SourceCode\.gradle\7.5\dependencies-accessors)" [_thread_blocked, id=7464, stack(0x000000193c400000,0x000000193c500000)]
  0x000001455a93c000 JavaThread "Cache worker for Build Output Cleanup Cache (D:\Workspace\Java\Project-OOP-INT2204-2\LaboratoyEquipment_Group_5\SourceCode\.gradle\buildOutputCleanup)" [_thread_blocked, id=17564, stack(0x000000193c600000,0x000000193c700000)]
  0x000001455a938800 JavaThread "Unconstrained build operations" [_thread_blocked, id=18048, stack(0x000000193c700000,0x000000193c800000)]
  0x000001455a93d000 JavaThread "Unconstrained build operations Thread 2" [_thread_blocked, id=17936, stack(0x000000193cd00000,0x000000193ce00000)]
  0x000001455a937000 JavaThread "Unconstrained build operations Thread 3" [_thread_blocked, id=18272, stack(0x000000193cf00000,0x000000193d000000)]
  0x000001455a93d800 JavaThread "Unconstrained build operations Thread 4" [_thread_blocked, id=2420, stack(0x000000193d000000,0x000000193d100000)]
  0x000001455a938000 JavaThread "Unconstrained build operations Thread 5" [_thread_blocked, id=19276, stack(0x000000193d100000,0x000000193d200000)]
  0x0000014561573000 JavaThread "Unconstrained build operations Thread 6" [_thread_blocked, id=18556, stack(0x000000193d200000,0x000000193d300000)]
  0x000001456156e800 JavaThread "Unconstrained build operations Thread 7" [_thread_blocked, id=976, stack(0x000000193d300000,0x000000193d400000)]
  0x000001456156f000 JavaThread "Unconstrained build operations Thread 8" [_thread_blocked, id=10920, stack(0x000000193d400000,0x000000193d500000)]
  0x0000014561570000 JavaThread "Unconstrained build operations Thread 9" [_thread_blocked, id=12964, stack(0x000000193d500000,0x000000193d600000)]
  0x0000014561576800 JavaThread "Unconstrained build operations Thread 10" [_thread_blocked, id=3748, stack(0x000000193d600000,0x000000193d700000)]
  0x0000014561578000 JavaThread "Unconstrained build operations Thread 11" [_thread_blocked, id=1672, stack(0x000000193d700000,0x000000193d800000)]
  0x0000014561579800 JavaThread "Unconstrained build operations Thread 12" [_thread_blocked, id=16508, stack(0x000000193d800000,0x000000193d900000)]
  0x000001456157a800 JavaThread "Unconstrained build operations Thread 13" [_thread_blocked, id=6124, stack(0x000000193d900000,0x000000193da00000)]
  0x0000014561577800 JavaThread "Unconstrained build operations Thread 14" [_thread_blocked, id=12524, stack(0x000000193da00000,0x000000193db00000)]
  0x000001456157d000 JavaThread "Unconstrained build operations Thread 15" [_thread_blocked, id=15072, stack(0x000000193db00000,0x000000193dc00000)]
  0x000001456157b800 JavaThread "Unconstrained build operations Thread 16" [_thread_blocked, id=13432, stack(0x000000193dc00000,0x000000193dd00000)]
  0x0000014561579000 JavaThread "Unconstrained build operations Thread 17" [_thread_blocked, id=18284, stack(0x000000193dd00000,0x000000193de00000)]
  0x0000014561e17000 JavaThread "Unconstrained build operations Thread 18" [_thread_blocked, id=17152, stack(0x000000193de00000,0x000000193df00000)]
  0x0000014561e1a800 JavaThread "Unconstrained build operations Thread 19" [_thread_blocked, id=13468, stack(0x000000193df00000,0x000000193e000000)]
  0x0000014561e19000 JavaThread "Unconstrained build operations Thread 20" [_thread_blocked, id=4740, stack(0x000000193e000000,0x000000193e100000)]
  0x0000014561e14800 JavaThread "Unconstrained build operations Thread 21" [_thread_blocked, id=3364, stack(0x000000193e100000,0x000000193e200000)]
  0x0000014561e15800 JavaThread "Unconstrained build operations Thread 22" [_thread_blocked, id=10332, stack(0x000000193e200000,0x000000193e300000)]
  0x0000014561e19800 JavaThread "Unconstrained build operations Thread 23" [_thread_blocked, id=17648, stack(0x000000193e300000,0x000000193e400000)]
  0x0000014561e16800 JavaThread "Unconstrained build operations Thread 24" [_thread_blocked, id=1828, stack(0x000000193e400000,0x000000193e500000)]
  0x0000014561e18000 JavaThread "Unconstrained build operations Thread 25" [_thread_blocked, id=2768, stack(0x000000193e500000,0x000000193e600000)]
  0x000001455e09c800 JavaThread "Unconstrained build operations Thread 26" [_thread_blocked, id=16536, stack(0x000000193e600000,0x000000193e700000)]
  0x000001455e0a6800 JavaThread "Unconstrained build operations Thread 27" [_thread_blocked, id=2080, stack(0x000000193e700000,0x000000193e800000)]
  0x000001455e0a8000 JavaThread "Unconstrained build operations Thread 28" [_thread_blocked, id=11908, stack(0x000000193e800000,0x000000193e900000)]
  0x000001455e0a2000 JavaThread "Unconstrained build operations Thread 29" [_thread_blocked, id=13472, stack(0x000000193e900000,0x000000193ea00000)]
  0x000001455e0a8800 JavaThread "Unconstrained build operations Thread 30" [_thread_blocked, id=19096, stack(0x000000193ea00000,0x000000193eb00000)]
  0x000001455a7f2000 JavaThread "Unconstrained build operations Thread 31" [_thread_blocked, id=7456, stack(0x000000193eb00000,0x000000193ec00000)]
  0x000001455a7ec000 JavaThread "Unconstrained build operations Thread 32" [_thread_blocked, id=3316, stack(0x000000193ec00000,0x000000193ed00000)]
  0x000001455a7f2800 JavaThread "Unconstrained build operations Thread 33" [_thread_blocked, id=18120, stack(0x000000193ed00000,0x000000193ee00000)]
  0x000001455cd41800 JavaThread "Unconstrained build operations Thread 34" [_thread_blocked, id=16936, stack(0x000000193ee00000,0x000000193ef00000)]
  0x000001455cd43800 JavaThread "Unconstrained build operations Thread 35" [_thread_blocked, id=17652, stack(0x000000193ef00000,0x000000193f000000)]
  0x000001455cd44000 JavaThread "Unconstrained build operations Thread 36" [_thread_blocked, id=888, stack(0x000000193f000000,0x000000193f100000)]
  0x00000145639f0800 JavaThread "Unconstrained build operations Thread 37" [_thread_blocked, id=18900, stack(0x000000193f100000,0x000000193f200000)]
  0x00000145639f1000 JavaThread "Unconstrained build operations Thread 38" [_thread_blocked, id=5864, stack(0x000000193f200000,0x000000193f300000)]
  0x00000145639ec000 JavaThread "Unconstrained build operations Thread 39" [_thread_blocked, id=11564, stack(0x000000193f300000,0x000000193f400000)]
  0x00000145639ef800 JavaThread "Unconstrained build operations Thread 40" [_thread_blocked, id=476, stack(0x000000193f400000,0x000000193f500000)]
  0x00000145639ee800 JavaThread "Unconstrained build operations Thread 41" [_thread_blocked, id=19024, stack(0x000000193f500000,0x000000193f600000)]
  0x00000145639eb800 JavaThread "Unconstrained build operations Thread 42" [_thread_blocked, id=8184, stack(0x000000193f600000,0x000000193f700000)]
  0x00000145639f3000 JavaThread "Unconstrained build operations Thread 43" [_thread_blocked, id=17436, stack(0x000000193f700000,0x000000193f800000)]
  0x00000145639ee000 JavaThread "Unconstrained build operations Thread 44" [_thread_blocked, id=9224, stack(0x000000193f800000,0x000000193f900000)]
  0x00000145639f2000 JavaThread "Unconstrained build operations Thread 45" [_thread_blocked, id=11544, stack(0x000000193f900000,0x000000193fa00000)]
  0x00000145639ed000 JavaThread "Unconstrained build operations Thread 46" [_thread_blocked, id=18304, stack(0x000000193fa00000,0x000000193fb00000)]
  0x00000145639f5000 JavaThread "Unconstrained build operations Thread 47" [_thread_blocked, id=18028, stack(0x000000193fb00000,0x000000193fc00000)]
  0x00000145639f7800 JavaThread "Unconstrained build operations Thread 48" [_thread_blocked, id=17136, stack(0x000000193fc00000,0x000000193fd00000)]
  0x00000145639f3800 JavaThread "Unconstrained build operations Thread 49" [_thread_blocked, id=2400, stack(0x000000193fd00000,0x000000193fe00000)]
  0x00000145639fa000 JavaThread "Unconstrained build operations Thread 50" [_thread_blocked, id=19292, stack(0x000000193fe00000,0x000000193ff00000)]
  0x00000145639f4800 JavaThread "Unconstrained build operations Thread 51" [_thread_blocked, id=17568, stack(0x000000193ff00000,0x0000001940000000)]
  0x00000145639f6000 JavaThread "Unconstrained build operations Thread 52" [_thread_blocked, id=7720, stack(0x0000001940000000,0x0000001940100000)]
  0x00000145639f7000 JavaThread "Unconstrained build operations Thread 53" [_thread_blocked, id=12064, stack(0x0000001940100000,0x0000001940200000)]
  0x00000145639f8800 JavaThread "Unconstrained build operations Thread 54" [_thread_blocked, id=13620, stack(0x0000001940200000,0x0000001940300000)]
  0x00000145639f9800 JavaThread "Unconstrained build operations Thread 55" [_thread_blocked, id=3912, stack(0x0000001940300000,0x0000001940400000)]
  0x000001455ab1d000 JavaThread "Unconstrained build operations Thread 56" [_thread_blocked, id=7652, stack(0x0000001940400000,0x0000001940500000)]
  0x000001455ab1e800 JavaThread "Unconstrained build operations Thread 57" [_thread_blocked, id=18472, stack(0x0000001940500000,0x0000001940600000)]
  0x000001455ab1b800 JavaThread "Unconstrained build operations Thread 58" [_thread_blocked, id=2176, stack(0x0000001940600000,0x0000001940700000)]
  0x000001455ab19000 JavaThread "Unconstrained build operations Thread 59" [_thread_blocked, id=1900, stack(0x0000001940700000,0x0000001940800000)]
  0x000001455ab19800 JavaThread "Unconstrained build operations Thread 60" [_thread_blocked, id=6880, stack(0x0000001940800000,0x0000001940900000)]
  0x000001455ab20000 JavaThread "Unconstrained build operations Thread 61" [_thread_blocked, id=16708, stack(0x0000001940900000,0x0000001940a00000)]
  0x000001455ab1e000 JavaThread "Unconstrained build operations Thread 62" [_thread_blocked, id=3012, stack(0x0000001940a00000,0x0000001940b00000)]
  0x000001455ab1f800 JavaThread "Unconstrained build operations Thread 63" [_thread_blocked, id=11500, stack(0x0000001940b00000,0x0000001940c00000)]
  0x000001455ab1a800 JavaThread "Unconstrained build operations Thread 64" [_thread_blocked, id=3696, stack(0x0000001940c00000,0x0000001940d00000)]
  0x000001455ab1c000 JavaThread "Unconstrained build operations Thread 65" [_thread_blocked, id=12116, stack(0x0000001940d00000,0x0000001940e00000)]
  0x000001455ab23800 JavaThread "Unconstrained build operations Thread 66" [_thread_blocked, id=16452, stack(0x0000001940e00000,0x0000001940f00000)]
  0x000001455ab25000 JavaThread "Unconstrained build operations Thread 67" [_thread_blocked, id=6932, stack(0x0000001940f00000,0x0000001941000000)]
  0x000001455ab21000 JavaThread "Unconstrained build operations Thread 68" [_thread_blocked, id=2608, stack(0x0000001941000000,0x0000001941100000)]
  0x000001455ab26000 JavaThread "Unconstrained build operations Thread 69" [_thread_blocked, id=4968, stack(0x0000001941100000,0x0000001941200000)]
  0x000001455ab27800 JavaThread "Unconstrained build operations Thread 70" [_thread_blocked, id=14504, stack(0x0000001941200000,0x0000001941300000)]
  0x000001455ab22000 JavaThread "Unconstrained build operations Thread 71" [_thread_blocked, id=5272, stack(0x0000001941300000,0x0000001941400000)]
  0x000001455ab26800 JavaThread "Unconstrained build operations Thread 72" [_thread_blocked, id=1532, stack(0x0000001941400000,0x0000001941500000)]
  0x000001455ab22800 JavaThread "Unconstrained build operations Thread 73" [_thread_blocked, id=4472, stack(0x0000001941500000,0x0000001941600000)]
  0x000001455ab24800 JavaThread "Unconstrained build operations Thread 74" [_thread_blocked, id=19108, stack(0x0000001941600000,0x0000001941700000)]
  0x000001455e3aa800 JavaThread "Unconstrained build operations Thread 75" [_thread_blocked, id=19288, stack(0x0000001941700000,0x0000001941800000)]
  0x000001455e3a5000 JavaThread "Unconstrained build operations Thread 76" [_thread_blocked, id=14720, stack(0x0000001941800000,0x0000001941900000)]
  0x000001455e3a7000 JavaThread "Unconstrained build operations Thread 77" [_thread_blocked, id=18500, stack(0x0000001941900000,0x0000001941a00000)]
  0x000001455e3a5800 JavaThread "Unconstrained build operations Thread 78" [_thread_blocked, id=11008, stack(0x0000001941a00000,0x0000001941b00000)]
  0x000001455e3a9000 JavaThread "Unconstrained build operations Thread 79" [_thread_blocked, id=18268, stack(0x0000001941b00000,0x0000001941c00000)]
  0x000001455e3a9800 JavaThread "Unconstrained build operations Thread 80" [_thread_blocked, id=7952, stack(0x0000001941c00000,0x0000001941d00000)]
  0x000001455e3ab800 JavaThread "build event listener" [_thread_blocked, id=14544, stack(0x0000001941d00000,0x0000001941e00000)]
  0x000001455e3ac000 JavaThread "pool-8-thread-1" [_thread_blocked, id=9468, stack(0x0000001941e00000,0x0000001941f00000)]
  0x000001455e3a6800 JavaThread "build event listener" [_thread_blocked, id=19392, stack(0x0000001941f00000,0x0000001942000000)]
  0x000001455e3ae000 JavaThread "included builds" [_thread_blocked, id=16776, stack(0x0000001942300000,0x0000001942400000)]
  0x000001455e3ad000 JavaThread "Execution worker" [_thread_in_vm, id=17264, stack(0x0000001942800000,0x0000001942900000)]
  0x000001455e3a8000 JavaThread "Execution worker Thread 2" [_thread_blocked, id=18648, stack(0x0000001942900000,0x0000001942a00000)]
  0x000001455e3af800 JavaThread "Execution worker Thread 3" [_thread_blocked, id=12240, stack(0x0000001942a00000,0x0000001942b00000)]
  0x000001455e3b1000 JavaThread "Execution worker Thread 4" [_thread_blocked, id=2392, stack(0x0000001942b00000,0x0000001942c00000)]
  0x000001455e3b0000 JavaThread "Execution worker Thread 5" [_thread_blocked, id=11484, stack(0x0000001942c00000,0x0000001942d00000)]
  0x000001455e3b2000 JavaThread "Execution worker Thread 6" [_thread_blocked, id=16428, stack(0x0000001942d00000,0x0000001942e00000)]
  0x000001455e3b2800 JavaThread "Execution worker Thread 7" [_thread_blocked, id=18140, stack(0x0000001942e00000,0x0000001942f00000)]
  0x000001455e3b3800 JavaThread "Cache worker for execution history cache (D:\Workspace\Java\Project-OOP-INT2204-2\LaboratoyEquipment_Group_5\SourceCode\.gradle\7.5\executionHistory)" [_thread_blocked, id=14664, stack(0x0000001942f00000,0x0000001943000000)]
  0x000001455e3ae800 JavaThread "WorkerExecutor Queue" [_thread_blocked, id=19180, stack(0x0000001943000000,0x0000001943100000)]
  0x0000014563dbd000 JavaThread "pool-9-thread-1" [_thread_blocked, id=7632, stack(0x0000001943100000,0x0000001943200000)]
  0x0000014563dbe800 JavaThread "stderr" [_thread_in_native, id=14908, stack(0x0000001943200000,0x0000001943300000)]
  0x0000014563dbf800 JavaThread "stdout" [_thread_in_native, id=13660, stack(0x0000001943300000,0x0000001943400000)]

Other Threads:
  0x0000014559b10800 VMThread "VM Thread" [stack: 0x000000193a000000,0x000000193a100000] [id=14932]
  0x000001455a661000 WatcherThread [stack: 0x000000193aa00000,0x000000193ab00000] [id=12712]
  0x000001453ea2c000 GCTaskThread "GC Thread#0" [stack: 0x0000001939b00000,0x0000001939c00000] [id=4524]
  0x000001455aeef000 GCTaskThread "GC Thread#1" [stack: 0x000000193ac00000,0x000000193ad00000] [id=9404]
  0x000001455b4f5000 GCTaskThread "GC Thread#2" [stack: 0x000000193ad00000,0x000000193ae00000] [id=18924]
  0x000001455c4de800 GCTaskThread "GC Thread#3" [stack: 0x000000193b800000,0x000000193b900000] [id=17016]
  0x000001455cb0c000 GCTaskThread "GC Thread#4" [stack: 0x000000193b900000,0x000000193ba00000] [id=10984]
  0x000001455c4a7800 GCTaskThread "GC Thread#5" [stack: 0x000000193ba00000,0x000000193bb00000] [id=17132]
  0x000001455c303800 GCTaskThread "GC Thread#6" [stack: 0x000000193bb00000,0x000000193bc00000] [id=17848]
  0x000001455cfe2800 GCTaskThread "GC Thread#7" [stack: 0x000000193bc00000,0x000000193bd00000] [id=16940]
  0x000001453ea56000 ConcurrentGCThread "G1 Main Marker" [stack: 0x0000001939c00000,0x0000001939d00000] [id=17556]
  0x000001453ea57000 ConcurrentGCThread "G1 Conc#0" [stack: 0x0000001939d00000,0x0000001939e00000] [id=13016]
  0x000001455cb25000 ConcurrentGCThread "G1 Conc#1" [stack: 0x000000193c000000,0x000000193c100000] [id=18720]
  0x000001453ead6800 ConcurrentGCThread "G1 Refine#0" [stack: 0x0000001939e00000,0x0000001939f00000] [id=18744]
  0x000001455ffa1000 ConcurrentGCThread "G1 Refine#1" [stack: 0x0000001943800000,0x0000001943900000] [id=18636]
  0x0000014559980800 ConcurrentGCThread "G1 Young RemSet Sampling" [stack: 0x0000001939f00000,0x000000193a000000] [id=18348]

Threads with active compile tasks:
C2 CompilerThread0    72217 18300 %     4       com.google.common.collect.SparseImmutableTable::<init> @ 21 (468 bytes)

VM state:not at safepoint (normal execution)

VM Mutex/Monitor currently owned by a thread: None

Heap address: 0x00000000a0000000, size: 1536 MB, Compressed Oops mode: 32-bit
Narrow klass base: 0x0000000000000000, Narrow klass shift: 3
Compressed class space size: 1073741824 Address: 0x0000000100000000

Heap:
 garbage-first heap   total 270336K, used 157804K [0x00000000a0000000, 0x0000000100000000)
  region size 1024K, 27 young (27648K), 10 survivors (10240K)
 Metaspace       used 116765K, capacity 120020K, committed 120220K, reserved 1155072K
  class space    used 14218K, capacity 15378K, committed 15384K, reserved 1048576K
Heap Regions: E=young(eden), S=young(survivor), O=old, HS=humongous(starts), HC=humongous(continues), CS=collection set, F=free, A=archive, TAMS=top-at-mark-start (previous, next)
|   0|0x00000000a0000000, 0x00000000a0100000, 0x00000000a0100000|100%| O|  |TAMS 0x00000000a0100000, 0x00000000a0000000| Untracked 
|   1|0x00000000a0100000, 0x00000000a0200000, 0x00000000a0200000|100%| O|  |TAMS 0x00000000a0200000, 0x00000000a0100000| Untracked 
|   2|0x00000000a0200000, 0x00000000a0300000, 0x00000000a0300000|100%| O|  |TAMS 0x00000000a0300000, 0x00000000a0200000| Untracked 
|   3|0x00000000a0300000, 0x00000000a0400000, 0x00000000a0400000|100%|HS|  |TAMS 0x00000000a0400000, 0x00000000a0300000| Complete 
|   4|0x00000000a0400000, 0x00000000a0500000, 0x00000000a0500000|100%|HC|  |TAMS 0x00000000a0500000, 0x00000000a0400000| Complete 
|   5|0x00000000a0500000, 0x00000000a0600000, 0x00000000a0600000|100%|HC|  |TAMS 0x00000000a0600000, 0x00000000a0500000| Complete 
|   6|0x00000000a0600000, 0x00000000a0700000, 0x00000000a0700000|100%| O|  |TAMS 0x00000000a0700000, 0x00000000a0600000| Untracked 
|   7|0x00000000a0700000, 0x00000000a0800000, 0x00000000a0800000|100%| O|  |TAMS 0x00000000a0800000, 0x00000000a0700000| Untracked 
|   8|0x00000000a0800000, 0x00000000a0900000, 0x00000000a0900000|100%| O|  |TAMS 0x00000000a0900000, 0x00000000a0800000| Untracked 
|   9|0x00000000a0900000, 0x00000000a0a00000, 0x00000000a0a00000|100%| O|  |TAMS 0x00000000a0a00000, 0x00000000a0900000| Untracked 
|  10|0x00000000a0a00000, 0x00000000a0b00000, 0x00000000a0b00000|100%| O|  |TAMS 0x00000000a0b00000, 0x00000000a0a00000| Untracked 
|  11|0x00000000a0b00000, 0x00000000a0c00000, 0x00000000a0c00000|100%| O|  |TAMS 0x00000000a0c00000, 0x00000000a0b00000| Untracked 
|  12|0x00000000a0c00000, 0x00000000a0d00000, 0x00000000a0d00000|100%| O|  |TAMS 0x00000000a0d00000, 0x00000000a0c00000| Untracked 
|  13|0x00000000a0d00000, 0x00000000a0e00000, 0x00000000a0e00000|100%| O|  |TAMS 0x00000000a0e00000, 0x00000000a0d00000| Untracked 
|  14|0x00000000a0e00000, 0x00000000a0f00000, 0x00000000a0f00000|100%| O|  |TAMS 0x00000000a0f00000, 0x00000000a0e00000| Untracked 
|  15|0x00000000a0f00000, 0x00000000a1000000, 0x00000000a1000000|100%| O|  |TAMS 0x00000000a1000000, 0x00000000a0f00000| Untracked 
|  16|0x00000000a1000000, 0x00000000a1100000, 0x00000000a1100000|100%| O|  |TAMS 0x00000000a1100000, 0x00000000a1000000| Untracked 
|  17|0x00000000a1100000, 0x00000000a1200000, 0x00000000a1200000|100%|HS|  |TAMS 0x00000000a1200000, 0x00000000a1100000| Complete 
|  18|0x00000000a1200000, 0x00000000a1300000, 0x00000000a1300000|100%| O|  |TAMS 0x00000000a1300000, 0x00000000a1200000| Untracked 
|  19|0x00000000a1300000, 0x00000000a1400000, 0x00000000a1400000|100%| O|  |TAMS 0x00000000a1400000, 0x00000000a1300000| Untracked 
|  20|0x00000000a1400000, 0x00000000a1500000, 0x00000000a1500000|100%| O|  |TAMS 0x00000000a1500000, 0x00000000a1400000| Untracked 
|  21|0x00000000a1500000, 0x00000000a1600000, 0x00000000a1600000|100%| O|  |TAMS 0x00000000a1600000, 0x00000000a1500000| Untracked 
|  22|0x00000000a1600000, 0x00000000a1700000, 0x00000000a1700000|100%| O|  |TAMS 0x00000000a1700000, 0x00000000a1600000| Untracked 
|  23|0x00000000a1700000, 0x00000000a1800000, 0x00000000a1800000|100%| O|  |TAMS 0x00000000a1800000, 0x00000000a1700000| Untracked 
|  24|0x00000000a1800000, 0x00000000a1900000, 0x00000000a1900000|100%|HS|  |TAMS 0x00000000a1900000, 0x00000000a1800000| Complete 
|  25|0x00000000a1900000, 0x00000000a1a00000, 0x00000000a1a00000|100%| O|  |TAMS 0x00000000a1a00000, 0x00000000a1900000| Untracked 
|  26|0x00000000a1a00000, 0x00000000a1b00000, 0x00000000a1b00000|100%| O|  |TAMS 0x00000000a1b00000, 0x00000000a1a00000| Untracked 
|  27|0x00000000a1b00000, 0x00000000a1c00000, 0x00000000a1c00000|100%| O|  |TAMS 0x00000000a1c00000, 0x00000000a1b00000| Untracked 
|  28|0x00000000a1c00000, 0x00000000a1d00000, 0x00000000a1d00000|100%| O|  |TAMS 0x00000000a1d00000, 0x00000000a1c00000| Untracked 
|  29|0x00000000a1d00000, 0x00000000a1e00000, 0x00000000a1e00000|100%| O|  |TAMS 0x00000000a1e00000, 0x00000000a1d00000| Untracked 
|  30|0x00000000a1e00000, 0x00000000a1f00000, 0x00000000a1f00000|100%| O|  |TAMS 0x00000000a1f00000, 0x00000000a1e00000| Untracked 
|  31|0x00000000a1f00000, 0x00000000a2000000, 0x00000000a2000000|100%| O|  |TAMS 0x00000000a2000000, 0x00000000a1f00000| Untracked 
|  32|0x00000000a2000000, 0x00000000a2100000, 0x00000000a2100000|100%| O|  |TAMS 0x00000000a2100000, 0x00000000a2000000| Untracked 
|  33|0x00000000a2100000, 0x00000000a2200000, 0x00000000a2200000|100%| O|  |TAMS 0x00000000a2200000, 0x00000000a2100000| Untracked 
|  34|0x00000000a2200000, 0x00000000a2300000, 0x00000000a2300000|100%| O|  |TAMS 0x00000000a2300000, 0x00000000a2200000| Untracked 
|  35|0x00000000a2300000, 0x00000000a2400000, 0x00000000a2400000|100%| O|  |TAMS 0x00000000a2400000, 0x00000000a2300000| Untracked 
|  36|0x00000000a2400000, 0x00000000a2500000, 0x00000000a2500000|100%| O|  |TAMS 0x00000000a2500000, 0x00000000a2400000| Untracked 
|  37|0x00000000a2500000, 0x00000000a2600000, 0x00000000a2600000|100%| O|  |TAMS 0x00000000a2600000, 0x00000000a2500000| Untracked 
|  38|0x00000000a2600000, 0x00000000a2700000, 0x00000000a2700000|100%| O|  |TAMS 0x00000000a2700000, 0x00000000a2600000| Untracked 
|  39|0x00000000a2700000, 0x00000000a2800000, 0x00000000a2800000|100%| O|  |TAMS 0x00000000a2800000, 0x00000000a2700000| Untracked 
|  40|0x00000000a2800000, 0x00000000a2900000, 0x00000000a2900000|100%| O|  |TAMS 0x00000000a2900000, 0x00000000a2800000| Untracked 
|  41|0x00000000a2900000, 0x00000000a2a00000, 0x00000000a2a00000|100%| O|  |TAMS 0x00000000a2a00000, 0x00000000a2900000| Untracked 
|  42|0x00000000a2a00000, 0x00000000a2b00000, 0x00000000a2b00000|100%| O|  |TAMS 0x00000000a2b00000, 0x00000000a2a00000| Untracked 
|  43|0x00000000a2b00000, 0x00000000a2c00000, 0x00000000a2c00000|100%| O|  |TAMS 0x00000000a2c00000, 0x00000000a2b00000| Untracked 
|  44|0x00000000a2c00000, 0x00000000a2d00000, 0x00000000a2d00000|100%| O|  |TAMS 0x00000000a2d00000, 0x00000000a2c00000| Untracked 
|  45|0x00000000a2d00000, 0x00000000a2e00000, 0x00000000a2e00000|100%| O|  |TAMS 0x00000000a2e00000, 0x00000000a2d00000| Untracked 
|  46|0x00000000a2e00000, 0x00000000a2f00000, 0x00000000a2f00000|100%| O|  |TAMS 0x00000000a2f00000, 0x00000000a2e00000| Untracked 
|  47|0x00000000a2f00000, 0x00000000a3000000, 0x00000000a3000000|100%| O|  |TAMS 0x00000000a3000000, 0x00000000a2f00000| Untracked 
|  48|0x00000000a3000000, 0x00000000a3100000, 0x00000000a3100000|100%| O|  |TAMS 0x00000000a3100000, 0x00000000a3000000| Untracked 
|  49|0x00000000a3100000, 0x00000000a3200000, 0x00000000a3200000|100%| O|  |TAMS 0x00000000a3200000, 0x00000000a3100000| Untracked 
|  50|0x00000000a3200000, 0x00000000a3300000, 0x00000000a3300000|100%| O|  |TAMS 0x00000000a3300000, 0x00000000a3200000| Untracked 
|  51|0x00000000a3300000, 0x00000000a3400000, 0x00000000a3400000|100%| O|  |TAMS 0x00000000a3400000, 0x00000000a3300000| Untracked 
|  52|0x00000000a3400000, 0x00000000a3500000, 0x00000000a3500000|100%| O|  |TAMS 0x00000000a3500000, 0x00000000a3400000| Untracked 
|  53|0x00000000a3500000, 0x00000000a3600000, 0x00000000a3600000|100%| O|  |TAMS 0x00000000a3600000, 0x00000000a3500000| Untracked 
|  54|0x00000000a3600000, 0x00000000a3700000, 0x00000000a3700000|100%| O|  |TAMS 0x00000000a3700000, 0x00000000a3600000| Untracked 
|  55|0x00000000a3700000, 0x00000000a3800000, 0x00000000a3800000|100%| O|  |TAMS 0x00000000a3800000, 0x00000000a3700000| Untracked 
|  56|0x00000000a3800000, 0x00000000a3900000, 0x00000000a3900000|100%| O|  |TAMS 0x00000000a3900000, 0x00000000a3800000| Untracked 
|  57|0x00000000a3900000, 0x00000000a3a00000, 0x00000000a3a00000|100%| O|  |TAMS 0x00000000a3a00000, 0x00000000a3900000| Untracked 
|  58|0x00000000a3a00000, 0x00000000a3b00000, 0x00000000a3b00000|100%| O|  |TAMS 0x00000000a3b00000, 0x00000000a3a00000| Untracked 
|  59|0x00000000a3b00000, 0x00000000a3c00000, 0x00000000a3c00000|100%| O|  |TAMS 0x00000000a3c00000, 0x00000000a3b00000| Untracked 
|  60|0x00000000a3c00000, 0x00000000a3d00000, 0x00000000a3d00000|100%| O|  |TAMS 0x00000000a3d00000, 0x00000000a3c00000| Untracked 
|  61|0x00000000a3d00000, 0x00000000a3e00000, 0x00000000a3e00000|100%| O|  |TAMS 0x00000000a3e00000, 0x00000000a3d00000| Untracked 
|  62|0x00000000a3e00000, 0x00000000a3f00000, 0x00000000a3f00000|100%| O|  |TAMS 0x00000000a3f00000, 0x00000000a3e00000| Untracked 
|  63|0x00000000a3f00000, 0x00000000a4000000, 0x00000000a4000000|100%| O|  |TAMS 0x00000000a4000000, 0x00000000a3f00000| Untracked 
|  64|0x00000000a4000000, 0x00000000a4100000, 0x00000000a4100000|100%| O|  |TAMS 0x00000000a4100000, 0x00000000a4000000| Untracked 
|  65|0x00000000a4100000, 0x00000000a4200000, 0x00000000a4200000|100%| O|  |TAMS 0x00000000a4200000, 0x00000000a4100000| Untracked 
|  66|0x00000000a4200000, 0x00000000a4300000, 0x00000000a4300000|100%| O|  |TAMS 0x00000000a4300000, 0x00000000a4200000| Untracked 
|  67|0x00000000a4300000, 0x00000000a4400000, 0x00000000a4400000|100%| O|  |TAMS 0x00000000a4400000, 0x00000000a4300000| Untracked 
|  68|0x00000000a4400000, 0x00000000a4500000, 0x00000000a4500000|100%| O|  |TAMS 0x00000000a4500000, 0x00000000a4400000| Untracked 
|  69|0x00000000a4500000, 0x00000000a4600000, 0x00000000a4600000|100%| O|  |TAMS 0x00000000a4600000, 0x00000000a4500000| Untracked 
|  70|0x00000000a4600000, 0x00000000a4700000, 0x00000000a4700000|100%| O|  |TAMS 0x00000000a4700000, 0x00000000a4600000| Untracked 
|  71|0x00000000a4700000, 0x00000000a4800000, 0x00000000a4800000|100%| O|  |TAMS 0x00000000a4800000, 0x00000000a4700000| Untracked 
|  72|0x00000000a4800000, 0x00000000a4900000, 0x00000000a4900000|100%| O|  |TAMS 0x00000000a4900000, 0x00000000a4800000| Untracked 
|  73|0x00000000a4900000, 0x00000000a4a00000, 0x00000000a4a00000|100%| O|  |TAMS 0x00000000a4a00000, 0x00000000a4900000| Untracked 
|  74|0x00000000a4a00000, 0x00000000a4b00000, 0x00000000a4b00000|100%| O|  |TAMS 0x00000000a4b00000, 0x00000000a4a00000| Untracked 
|  75|0x00000000a4b00000, 0x00000000a4c00000, 0x00000000a4c00000|100%| O|  |TAMS 0x00000000a4c00000, 0x00000000a4b00000| Untracked 
|  76|0x00000000a4c00000, 0x00000000a4d00000, 0x00000000a4d00000|100%| O|  |TAMS 0x00000000a4d00000, 0x00000000a4c00000| Untracked 
|  77|0x00000000a4d00000, 0x00000000a4e00000, 0x00000000a4e00000|100%| O|  |TAMS 0x00000000a4e00000, 0x00000000a4d00000| Untracked 
|  78|0x00000000a4e00000, 0x00000000a4f00000, 0x00000000a4f00000|100%| O|  |TAMS 0x00000000a4f00000, 0x00000000a4e00000| Untracked 
|  79|0x00000000a4f00000, 0x00000000a5000000, 0x00000000a5000000|100%| O|  |TAMS 0x00000000a5000000, 0x00000000a4f00000| Untracked 
|  80|0x00000000a5000000, 0x00000000a5100000, 0x00000000a5100000|100%| O|  |TAMS 0x00000000a5100000, 0x00000000a5000000| Untracked 
|  81|0x00000000a5100000, 0x00000000a5200000, 0x00000000a5200000|100%| O|  |TAMS 0x00000000a5200000, 0x00000000a5100000| Untracked 
|  82|0x00000000a5200000, 0x00000000a5300000, 0x00000000a5300000|100%| O|  |TAMS 0x00000000a5300000, 0x00000000a5200000| Untracked 
|  83|0x00000000a5300000, 0x00000000a5400000, 0x00000000a5400000|100%| O|  |TAMS 0x00000000a5400000, 0x00000000a5300000| Untracked 
|  84|0x00000000a5400000, 0x00000000a5500000, 0x00000000a5500000|100%| O|  |TAMS 0x00000000a5500000, 0x00000000a5400000| Untracked 
|  85|0x00000000a5500000, 0x00000000a5600000, 0x00000000a5600000|100%| O|  |TAMS 0x00000000a5600000, 0x00000000a5500000| Untracked 
|  86|0x00000000a5600000, 0x00000000a5700000, 0x00000000a5700000|100%| O|  |TAMS 0x00000000a5700000, 0x00000000a5600000| Untracked 
|  87|0x00000000a5700000, 0x00000000a5800000, 0x00000000a5800000|100%| O|  |TAMS 0x00000000a5800000, 0x00000000a5700000| Untracked 
|  88|0x00000000a5800000, 0x00000000a5900000, 0x00000000a5900000|100%| O|  |TAMS 0x00000000a5900000, 0x00000000a5800000| Untracked 
|  89|0x00000000a5900000, 0x00000000a5a00000, 0x00000000a5a00000|100%| O|  |TAMS 0x00000000a5a00000, 0x00000000a5900000| Untracked 
|  90|0x00000000a5a00000, 0x00000000a5b00000, 0x00000000a5b00000|100%| O|  |TAMS 0x00000000a5b00000, 0x00000000a5a00000| Untracked 
|  91|0x00000000a5b00000, 0x00000000a5c00000, 0x00000000a5c00000|100%| O|  |TAMS 0x00000000a5c00000, 0x00000000a5b00000| Untracked 
|  92|0x00000000a5c00000, 0x00000000a5d00000, 0x00000000a5d00000|100%| O|  |TAMS 0x00000000a5d00000, 0x00000000a5c00000| Untracked 
|  93|0x00000000a5d00000, 0x00000000a5e00000, 0x00000000a5e00000|100%| O|  |TAMS 0x00000000a5d84200, 0x00000000a5d00000| Untracked 
|  94|0x00000000a5e00000, 0x00000000a5f00000, 0x00000000a5f00000|100%| O|  |TAMS 0x00000000a5e00000, 0x00000000a5e00000| Untracked 
|  95|0x00000000a5f00000, 0x00000000a6000000, 0x00000000a6000000|100%| O|  |TAMS 0x00000000a6000000, 0x00000000a5f00000| Untracked 
|  96|0x00000000a6000000, 0x00000000a6100000, 0x00000000a6100000|100%| O|  |TAMS 0x00000000a6000000, 0x00000000a6000000| Untracked 
|  97|0x00000000a6100000, 0x00000000a6200000, 0x00000000a6200000|100%| O|  |TAMS 0x00000000a6100000, 0x00000000a6100000| Untracked 
|  98|0x00000000a6200000, 0x00000000a6300000, 0x00000000a6300000|100%| O|  |TAMS 0x00000000a6200000, 0x00000000a6200000| Untracked 
|  99|0x00000000a6300000, 0x00000000a6400000, 0x00000000a6400000|100%| O|  |TAMS 0x00000000a6300000, 0x00000000a6300000| Untracked 
| 100|0x00000000a6400000, 0x00000000a6500000, 0x00000000a6500000|100%| O|  |TAMS 0x00000000a6400000, 0x00000000a6400000| Untracked 
| 101|0x00000000a6500000, 0x00000000a6600000, 0x00000000a6600000|100%| O|  |TAMS 0x00000000a6500000, 0x00000000a6500000| Untracked 
| 102|0x00000000a6600000, 0x00000000a6700000, 0x00000000a6700000|100%| O|  |TAMS 0x00000000a6600000, 0x00000000a6600000| Untracked 
| 103|0x00000000a6700000, 0x00000000a6800000, 0x00000000a6800000|100%| O|  |TAMS 0x00000000a6800000, 0x00000000a6700000| Untracked 
| 104|0x00000000a6800000, 0x00000000a6900000, 0x00000000a6900000|100%| O|  |TAMS 0x00000000a6800000, 0x00000000a6800000| Untracked 
| 105|0x00000000a6900000, 0x00000000a6a00000, 0x00000000a6a00000|100%| O|  |TAMS 0x00000000a6900000, 0x00000000a6900000| Untracked 
| 106|0x00000000a6a00000, 0x00000000a6b00000, 0x00000000a6b00000|100%| O|  |TAMS 0x00000000a6a00000, 0x00000000a6a00000| Untracked 
| 107|0x00000000a6b00000, 0x00000000a6c00000, 0x00000000a6c00000|100%| O|  |TAMS 0x00000000a6c00000, 0x00000000a6b00000| Untracked 
| 108|0x00000000a6c00000, 0x00000000a6d00000, 0x00000000a6d00000|100%| O|  |TAMS 0x00000000a6c00000, 0x00000000a6c00000| Untracked 
| 109|0x00000000a6d00000, 0x00000000a6e00000, 0x00000000a6e00000|100%| O|  |TAMS 0x00000000a6d00000, 0x00000000a6d00000| Untracked 
| 110|0x00000000a6e00000, 0x00000000a6f00000, 0x00000000a6f00000|100%| O|  |TAMS 0x00000000a6e00000, 0x00000000a6e00000| Untracked 
| 111|0x00000000a6f00000, 0x00000000a7000000, 0x00000000a7000000|100%| O|  |TAMS 0x00000000a6f00000, 0x00000000a6f00000| Untracked 
| 112|0x00000000a7000000, 0x00000000a7100000, 0x00000000a7100000|100%| O|  |TAMS 0x00000000a7000000, 0x00000000a7000000| Untracked 
| 113|0x00000000a7100000, 0x00000000a7200000, 0x00000000a7200000|100%| O|  |TAMS 0x00000000a7100000, 0x00000000a7100000| Untracked 
| 114|0x00000000a7200000, 0x00000000a7300000, 0x00000000a7300000|100%| O|  |TAMS 0x00000000a7200000, 0x00000000a7200000| Untracked 
| 115|0x00000000a7300000, 0x00000000a7400000, 0x00000000a7400000|100%| O|  |TAMS 0x00000000a7300000, 0x00000000a7300000| Untracked 
| 116|0x00000000a7400000, 0x00000000a7500000, 0x00000000a7500000|100%| O|  |TAMS 0x00000000a7400000, 0x00000000a7400000| Untracked 
| 117|0x00000000a7500000, 0x00000000a7600000, 0x00000000a7600000|100%| O|  |TAMS 0x00000000a7500000, 0x00000000a7500000| Untracked 
| 118|0x00000000a7600000, 0x00000000a7700000, 0x00000000a7700000|100%| O|  |TAMS 0x00000000a7600000, 0x00000000a7600000| Untracked 
| 119|0x00000000a7700000, 0x00000000a7800000, 0x00000000a7800000|100%| O|  |TAMS 0x00000000a7700000, 0x00000000a7700000| Untracked 
| 120|0x00000000a7800000, 0x00000000a7900000, 0x00000000a7900000|100%| O|  |TAMS 0x00000000a7800000, 0x00000000a7800000| Untracked 
| 121|0x00000000a7900000, 0x00000000a7a00000, 0x00000000a7a00000|100%| O|  |TAMS 0x00000000a7900000, 0x00000000a7900000| Untracked 
| 122|0x00000000a7a00000, 0x00000000a7b00000, 0x00000000a7b00000|100%| O|  |TAMS 0x00000000a7a00000, 0x00000000a7a00000| Untracked 
| 123|0x00000000a7b00000, 0x00000000a7c00000, 0x00000000a7c00000|100%| O|  |TAMS 0x00000000a7b00000, 0x00000000a7b00000| Untracked 
| 124|0x00000000a7c00000, 0x00000000a7d00000, 0x00000000a7d00000|100%| O|  |TAMS 0x00000000a7c00000, 0x00000000a7c00000| Untracked 
| 125|0x00000000a7d00000, 0x00000000a7e00000, 0x00000000a7e00000|100%| O|  |TAMS 0x00000000a7d00000, 0x00000000a7d00000| Untracked 
| 126|0x00000000a7e00000, 0x00000000a7e36e00, 0x00000000a7f00000| 21%| O|  |TAMS 0x00000000a7e00000, 0x00000000a7e00000| Untracked 
| 127|0x00000000a7f00000, 0x00000000a7f00000, 0x00000000a8000000|  0%| F|  |TAMS 0x00000000a7f00000, 0x00000000a7f00000| Untracked 
| 128|0x00000000a8000000, 0x00000000a8000000, 0x00000000a8100000|  0%| F|  |TAMS 0x00000000a8000000, 0x00000000a8000000| Untracked 
| 129|0x00000000a8100000, 0x00000000a8100000, 0x00000000a8200000|  0%| F|  |TAMS 0x00000000a8100000, 0x00000000a8100000| Untracked 
| 130|0x00000000a8200000, 0x00000000a8200000, 0x00000000a8300000|  0%| F|  |TAMS 0x00000000a8200000, 0x00000000a8200000| Untracked 
| 131|0x00000000a8300000, 0x00000000a8300000, 0x00000000a8400000|  0%| F|  |TAMS 0x00000000a8300000, 0x00000000a8300000| Untracked 
| 132|0x00000000a8400000, 0x00000000a8400000, 0x00000000a8500000|  0%| F|  |TAMS 0x00000000a8400000, 0x00000000a8400000| Untracked 
| 133|0x00000000a8500000, 0x00000000a8500000, 0x00000000a8600000|  0%| F|  |TAMS 0x00000000a8500000, 0x00000000a8500000| Untracked 
| 134|0x00000000a8600000, 0x00000000a8600000, 0x00000000a8700000|  0%| F|  |TAMS 0x00000000a8600000, 0x00000000a8600000| Untracked 
| 135|0x00000000a8700000, 0x00000000a8700000, 0x00000000a8800000|  0%| F|  |TAMS 0x00000000a8700000, 0x00000000a8700000| Untracked 
| 136|0x00000000a8800000, 0x00000000a8800000, 0x00000000a8900000|  0%| F|  |TAMS 0x00000000a8800000, 0x00000000a8800000| Untracked 
| 137|0x00000000a8900000, 0x00000000a8900000, 0x00000000a8a00000|  0%| F|  |TAMS 0x00000000a8900000, 0x00000000a8900000| Untracked 
| 138|0x00000000a8a00000, 0x00000000a8a00000, 0x00000000a8b00000|  0%| F|  |TAMS 0x00000000a8a00000, 0x00000000a8a00000| Untracked 
| 139|0x00000000a8b00000, 0x00000000a8b00000, 0x00000000a8c00000|  0%| F|  |TAMS 0x00000000a8b00000, 0x00000000a8b00000| Untracked 
| 140|0x00000000a8c00000, 0x00000000a8c00000, 0x00000000a8d00000|  0%| F|  |TAMS 0x00000000a8c00000, 0x00000000a8c00000| Untracked 
| 141|0x00000000a8d00000, 0x00000000a8d00000, 0x00000000a8e00000|  0%| F|  |TAMS 0x00000000a8d00000, 0x00000000a8d00000| Untracked 
| 142|0x00000000a8e00000, 0x00000000a8e00000, 0x00000000a8f00000|  0%| F|  |TAMS 0x00000000a8e00000, 0x00000000a8e00000| Untracked 
| 143|0x00000000a8f00000, 0x00000000a8f00000, 0x00000000a9000000|  0%| F|  |TAMS 0x00000000a8f00000, 0x00000000a8f00000| Untracked 
| 144|0x00000000a9000000, 0x00000000a9000000, 0x00000000a9100000|  0%| F|  |TAMS 0x00000000a9000000, 0x00000000a9000000| Untracked 
| 145|0x00000000a9100000, 0x00000000a9200000, 0x00000000a9200000|100%| O|  |TAMS 0x00000000a9200000, 0x00000000a9100000| Untracked 
| 146|0x00000000a9200000, 0x00000000a9300000, 0x00000000a9300000|100%| O|  |TAMS 0x00000000a9300000, 0x00000000a9200000| Untracked 
| 147|0x00000000a9300000, 0x00000000a9400000, 0x00000000a9400000|100%| O|  |TAMS 0x00000000a9400000, 0x00000000a9300000| Untracked 
| 148|0x00000000a9400000, 0x00000000a9400000, 0x00000000a9500000|  0%| F|  |TAMS 0x00000000a9400000, 0x00000000a9400000| Untracked 
| 149|0x00000000a9500000, 0x00000000a9500000, 0x00000000a9600000|  0%| F|  |TAMS 0x00000000a9500000, 0x00000000a9500000| Untracked 
| 150|0x00000000a9600000, 0x00000000a9600000, 0x00000000a9700000|  0%| F|  |TAMS 0x00000000a9600000, 0x00000000a9600000| Untracked 
| 151|0x00000000a9700000, 0x00000000a9700000, 0x00000000a9800000|  0%| F|  |TAMS 0x00000000a9700000, 0x00000000a9700000| Untracked 
| 152|0x00000000a9800000, 0x00000000a9800000, 0x00000000a9900000|  0%| F|  |TAMS 0x00000000a9800000, 0x00000000a9800000| Untracked 
| 153|0x00000000a9900000, 0x00000000a9900000, 0x00000000a9a00000|  0%| F|  |TAMS 0x00000000a9900000, 0x00000000a9900000| Untracked 
| 154|0x00000000a9a00000, 0x00000000a9a00000, 0x00000000a9b00000|  0%| F|  |TAMS 0x00000000a9a00000, 0x00000000a9a00000| Untracked 
| 155|0x00000000a9b00000, 0x00000000a9b00000, 0x00000000a9c00000|  0%| F|  |TAMS 0x00000000a9b00000, 0x00000000a9b00000| Untracked 
| 156|0x00000000a9c00000, 0x00000000a9c00000, 0x00000000a9d00000|  0%| F|  |TAMS 0x00000000a9c00000, 0x00000000a9c00000| Untracked 
| 157|0x00000000a9d00000, 0x00000000a9d00000, 0x00000000a9e00000|  0%| F|  |TAMS 0x00000000a9d00000, 0x00000000a9d00000| Untracked 
| 158|0x00000000a9e00000, 0x00000000a9e00000, 0x00000000a9f00000|  0%| F|  |TAMS 0x00000000a9e00000, 0x00000000a9e00000| Untracked 
| 159|0x00000000a9f00000, 0x00000000a9f00000, 0x00000000aa000000|  0%| F|  |TAMS 0x00000000a9f00000, 0x00000000a9f00000| Untracked 
| 160|0x00000000aa000000, 0x00000000aa000000, 0x00000000aa100000|  0%| F|  |TAMS 0x00000000aa000000, 0x00000000aa000000| Untracked 
| 161|0x00000000aa100000, 0x00000000aa100000, 0x00000000aa200000|  0%| F|  |TAMS 0x00000000aa100000, 0x00000000aa100000| Untracked 
| 162|0x00000000aa200000, 0x00000000aa2e4240, 0x00000000aa300000| 89%| S|CS|TAMS 0x00000000aa200000, 0x00000000aa200000| Complete 
| 163|0x00000000aa300000, 0x00000000aa400000, 0x00000000aa400000|100%| S|CS|TAMS 0x00000000aa300000, 0x00000000aa300000| Complete 
| 164|0x00000000aa400000, 0x00000000aa500000, 0x00000000aa500000|100%| S|CS|TAMS 0x00000000aa400000, 0x00000000aa400000| Complete 
| 165|0x00000000aa500000, 0x00000000aa500000, 0x00000000aa600000|  0%| F|  |TAMS 0x00000000aa500000, 0x00000000aa500000| Untracked 
| 166|0x00000000aa600000, 0x00000000aa600000, 0x00000000aa700000|  0%| F|  |TAMS 0x00000000aa600000, 0x00000000aa600000| Untracked 
| 167|0x00000000aa700000, 0x00000000aa700000, 0x00000000aa800000|  0%| F|  |TAMS 0x00000000aa700000, 0x00000000aa700000| Untracked 
| 168|0x00000000aa800000, 0x00000000aa800000, 0x00000000aa900000|  0%| F|  |TAMS 0x00000000aa800000, 0x00000000aa800000| Untracked 
| 169|0x00000000aa900000, 0x00000000aa900000, 0x00000000aaa00000|  0%| F|  |TAMS 0x00000000aa900000, 0x00000000aa900000| Untracked 
| 170|0x00000000aaa00000, 0x00000000aaa00000, 0x00000000aab00000|  0%| F|  |TAMS 0x00000000aaa00000, 0x00000000aaa00000| Untracked 
| 171|0x00000000aab00000, 0x00000000aab00000, 0x00000000aac00000|  0%| F|  |TAMS 0x00000000aab00000, 0x00000000aab00000| Untracked 
| 172|0x00000000aac00000, 0x00000000aac00000, 0x00000000aad00000|  0%| F|  |TAMS 0x00000000aac00000, 0x00000000aac00000| Untracked 
| 173|0x00000000aad00000, 0x00000000aad00000, 0x00000000aae00000|  0%| F|  |TAMS 0x00000000aad00000, 0x00000000aad00000| Untracked 
| 174|0x00000000aae00000, 0x00000000aae00000, 0x00000000aaf00000|  0%| F|  |TAMS 0x00000000aae00000, 0x00000000aae00000| Untracked 
| 175|0x00000000aaf00000, 0x00000000ab000000, 0x00000000ab000000|100%| S|CS|TAMS 0x00000000aaf00000, 0x00000000aaf00000| Complete 
| 176|0x00000000ab000000, 0x00000000ab100000, 0x00000000ab100000|100%| S|CS|TAMS 0x00000000ab000000, 0x00000000ab000000| Complete 
| 177|0x00000000ab100000, 0x00000000ab200000, 0x00000000ab200000|100%| S|CS|TAMS 0x00000000ab100000, 0x00000000ab100000| Complete 
| 178|0x00000000ab200000, 0x00000000ab200000, 0x00000000ab300000|  0%| F|  |TAMS 0x00000000ab200000, 0x00000000ab200000| Untracked 
| 179|0x00000000ab300000, 0x00000000ab400000, 0x00000000ab400000|100%| S|CS|TAMS 0x00000000ab300000, 0x00000000ab300000| Complete 
| 180|0x00000000ab400000, 0x00000000ab500000, 0x00000000ab500000|100%| S|CS|TAMS 0x00000000ab400000, 0x00000000ab400000| Complete 
| 181|0x00000000ab500000, 0x00000000ab600000, 0x00000000ab600000|100%| S|CS|TAMS 0x00000000ab500000, 0x00000000ab500000| Complete 
| 182|0x00000000ab600000, 0x00000000ab700000, 0x00000000ab700000|100%| S|CS|TAMS 0x00000000ab600000, 0x00000000ab600000| Complete 
| 183|0x00000000ab700000, 0x00000000ab700000, 0x00000000ab800000|  0%| F|  |TAMS 0x00000000ab700000, 0x00000000ab700000| Untracked 
| 184|0x00000000ab800000, 0x00000000ab800000, 0x00000000ab900000|  0%| F|  |TAMS 0x00000000ab800000, 0x00000000ab800000| Untracked 
| 185|0x00000000ab900000, 0x00000000ab900000, 0x00000000aba00000|  0%| F|  |TAMS 0x00000000ab900000, 0x00000000ab900000| Untracked 
| 186|0x00000000aba00000, 0x00000000aba00000, 0x00000000abb00000|  0%| F|  |TAMS 0x00000000aba00000, 0x00000000aba00000| Untracked 
| 187|0x00000000abb00000, 0x00000000abb00000, 0x00000000abc00000|  0%| F|  |TAMS 0x00000000abb00000, 0x00000000abb00000| Untracked 
| 188|0x00000000abc00000, 0x00000000abc00000, 0x00000000abd00000|  0%| F|  |TAMS 0x00000000abc00000, 0x00000000abc00000| Untracked 
| 189|0x00000000abd00000, 0x00000000abd00000, 0x00000000abe00000|  0%| F|  |TAMS 0x00000000abd00000, 0x00000000abd00000| Untracked 
| 190|0x00000000abe00000, 0x00000000abe00000, 0x00000000abf00000|  0%| F|  |TAMS 0x00000000abe00000, 0x00000000abe00000| Untracked 
| 191|0x00000000abf00000, 0x00000000abf00000, 0x00000000ac000000|  0%| F|  |TAMS 0x00000000abf00000, 0x00000000abf00000| Untracked 
| 192|0x00000000ac000000, 0x00000000ac000000, 0x00000000ac100000|  0%| F|  |TAMS 0x00000000ac000000, 0x00000000ac000000| Untracked 
| 193|0x00000000ac100000, 0x00000000ac100000, 0x00000000ac200000|  0%| F|  |TAMS 0x00000000ac100000, 0x00000000ac100000| Untracked 
| 194|0x00000000ac200000, 0x00000000ac200000, 0x00000000ac300000|  0%| F|  |TAMS 0x00000000ac200000, 0x00000000ac200000| Untracked 
| 195|0x00000000ac300000, 0x00000000ac300000, 0x00000000ac400000|  0%| F|  |TAMS 0x00000000ac300000, 0x00000000ac300000| Untracked 
| 196|0x00000000ac400000, 0x00000000ac400000, 0x00000000ac500000|  0%| F|  |TAMS 0x00000000ac400000, 0x00000000ac400000| Untracked 
| 197|0x00000000ac500000, 0x00000000ac500000, 0x00000000ac600000|  0%| F|  |TAMS 0x00000000ac500000, 0x00000000ac500000| Untracked 
| 198|0x00000000ac600000, 0x00000000ac600000, 0x00000000ac700000|  0%| F|  |TAMS 0x00000000ac600000, 0x00000000ac600000| Untracked 
| 199|0x00000000ac700000, 0x00000000ac700000, 0x00000000ac800000|  0%| F|  |TAMS 0x00000000ac700000, 0x00000000ac700000| Untracked 
| 200|0x00000000ac800000, 0x00000000ac800000, 0x00000000ac900000|  0%| F|  |TAMS 0x00000000ac800000, 0x00000000ac800000| Untracked 
| 201|0x00000000ac900000, 0x00000000ac900000, 0x00000000aca00000|  0%| F|  |TAMS 0x00000000ac900000, 0x00000000ac900000| Untracked 
| 202|0x00000000aca00000, 0x00000000aca00000, 0x00000000acb00000|  0%| F|  |TAMS 0x00000000aca00000, 0x00000000aca00000| Untracked 
| 203|0x00000000acb00000, 0x00000000acb00000, 0x00000000acc00000|  0%| F|  |TAMS 0x00000000acb00000, 0x00000000acb00000| Untracked 
| 204|0x00000000acc00000, 0x00000000acc00000, 0x00000000acd00000|  0%| F|  |TAMS 0x00000000acc00000, 0x00000000acc00000| Untracked 
| 205|0x00000000acd00000, 0x00000000acd00000, 0x00000000ace00000|  0%| F|  |TAMS 0x00000000acd00000, 0x00000000acd00000| Untracked 
| 206|0x00000000ace00000, 0x00000000ace00000, 0x00000000acf00000|  0%| F|  |TAMS 0x00000000ace00000, 0x00000000ace00000| Untracked 
| 207|0x00000000acf00000, 0x00000000acf00000, 0x00000000ad000000|  0%| F|  |TAMS 0x00000000acf00000, 0x00000000acf00000| Untracked 
| 208|0x00000000ad000000, 0x00000000ad000000, 0x00000000ad100000|  0%| F|  |TAMS 0x00000000ad000000, 0x00000000ad000000| Untracked 
| 209|0x00000000ad100000, 0x00000000ad100000, 0x00000000ad200000|  0%| F|  |TAMS 0x00000000ad100000, 0x00000000ad100000| Untracked 
| 210|0x00000000ad200000, 0x00000000ad200000, 0x00000000ad300000|  0%| F|  |TAMS 0x00000000ad200000, 0x00000000ad200000| Untracked 
| 211|0x00000000ad300000, 0x00000000ad300000, 0x00000000ad400000|  0%| F|  |TAMS 0x00000000ad300000, 0x00000000ad300000| Untracked 
| 212|0x00000000ad400000, 0x00000000ad400000, 0x00000000ad500000|  0%| F|  |TAMS 0x00000000ad400000, 0x00000000ad400000| Untracked 
| 213|0x00000000ad500000, 0x00000000ad500000, 0x00000000ad600000|  0%| F|  |TAMS 0x00000000ad500000, 0x00000000ad500000| Untracked 
| 214|0x00000000ad600000, 0x00000000ad600000, 0x00000000ad700000|  0%| F|  |TAMS 0x00000000ad600000, 0x00000000ad600000| Untracked 
| 215|0x00000000ad700000, 0x00000000ad700000, 0x00000000ad800000|  0%| F|  |TAMS 0x00000000ad700000, 0x00000000ad700000| Untracked 
| 216|0x00000000ad800000, 0x00000000ad800000, 0x00000000ad900000|  0%| F|  |TAMS 0x00000000ad800000, 0x00000000ad800000| Untracked 
| 217|0x00000000ad900000, 0x00000000ad900000, 0x00000000ada00000|  0%| F|  |TAMS 0x00000000ad900000, 0x00000000ad900000| Untracked 
| 218|0x00000000ada00000, 0x00000000ada00000, 0x00000000adb00000|  0%| F|  |TAMS 0x00000000ada00000, 0x00000000ada00000| Untracked 
| 219|0x00000000adb00000, 0x00000000adb00000, 0x00000000adc00000|  0%| F|  |TAMS 0x00000000adb00000, 0x00000000adb00000| Untracked 
| 220|0x00000000adc00000, 0x00000000adc00000, 0x00000000add00000|  0%| F|  |TAMS 0x00000000adc00000, 0x00000000adc00000| Untracked 
| 221|0x00000000add00000, 0x00000000add00000, 0x00000000ade00000|  0%| F|  |TAMS 0x00000000add00000, 0x00000000add00000| Untracked 
| 222|0x00000000ade00000, 0x00000000ade00000, 0x00000000adf00000|  0%| F|  |TAMS 0x00000000ade00000, 0x00000000ade00000| Untracked 
| 223|0x00000000adf00000, 0x00000000adf00000, 0x00000000ae000000|  0%| F|  |TAMS 0x00000000adf00000, 0x00000000adf00000| Untracked 
| 224|0x00000000ae000000, 0x00000000ae000000, 0x00000000ae100000|  0%| F|  |TAMS 0x00000000ae000000, 0x00000000ae000000| Untracked 
| 225|0x00000000ae100000, 0x00000000ae100000, 0x00000000ae200000|  0%| F|  |TAMS 0x00000000ae100000, 0x00000000ae100000| Untracked 
| 226|0x00000000ae200000, 0x00000000ae200000, 0x00000000ae300000|  0%| F|  |TAMS 0x00000000ae200000, 0x00000000ae200000| Untracked 
| 227|0x00000000ae300000, 0x00000000ae300000, 0x00000000ae400000|  0%| F|  |TAMS 0x00000000ae300000, 0x00000000ae300000| Untracked 
| 228|0x00000000ae400000, 0x00000000ae400000, 0x00000000ae500000|  0%| F|  |TAMS 0x00000000ae400000, 0x00000000ae400000| Untracked 
| 229|0x00000000ae500000, 0x00000000ae500000, 0x00000000ae600000|  0%| F|  |TAMS 0x00000000ae500000, 0x00000000ae500000| Untracked 
| 230|0x00000000ae600000, 0x00000000ae600000, 0x00000000ae700000|  0%| F|  |TAMS 0x00000000ae600000, 0x00000000ae600000| Untracked 
| 231|0x00000000ae700000, 0x00000000ae700000, 0x00000000ae800000|  0%| F|  |TAMS 0x00000000ae700000, 0x00000000ae700000| Untracked 
| 232|0x00000000ae800000, 0x00000000ae800000, 0x00000000ae900000|  0%| F|  |TAMS 0x00000000ae800000, 0x00000000ae800000| Untracked 
| 233|0x00000000ae900000, 0x00000000ae900000, 0x00000000aea00000|  0%| F|  |TAMS 0x00000000ae900000, 0x00000000ae900000| Untracked 
| 234|0x00000000aea00000, 0x00000000aea00000, 0x00000000aeb00000|  0%| F|  |TAMS 0x00000000aea00000, 0x00000000aea00000| Untracked 
| 235|0x00000000aeb00000, 0x00000000aeb00000, 0x00000000aec00000|  0%| F|  |TAMS 0x00000000aeb00000, 0x00000000aeb00000| Untracked 
| 236|0x00000000aec00000, 0x00000000aec00000, 0x00000000aed00000|  0%| F|  |TAMS 0x00000000aec00000, 0x00000000aec00000| Untracked 
| 237|0x00000000aed00000, 0x00000000aed00000, 0x00000000aee00000|  0%| F|  |TAMS 0x00000000aed00000, 0x00000000aed00000| Untracked 
| 238|0x00000000aee00000, 0x00000000aee00000, 0x00000000aef00000|  0%| F|  |TAMS 0x00000000aee00000, 0x00000000aee00000| Untracked 
| 239|0x00000000aef00000, 0x00000000aef00000, 0x00000000af000000|  0%| F|  |TAMS 0x00000000aef00000, 0x00000000aef00000| Untracked 
| 240|0x00000000af000000, 0x00000000af000000, 0x00000000af100000|  0%| F|  |TAMS 0x00000000af000000, 0x00000000af000000| Untracked 
| 241|0x00000000af100000, 0x00000000af100000, 0x00000000af200000|  0%| F|  |TAMS 0x00000000af100000, 0x00000000af100000| Untracked 
| 242|0x00000000af200000, 0x00000000af200000, 0x00000000af300000|  0%| F|  |TAMS 0x00000000af200000, 0x00000000af200000| Untracked 
| 243|0x00000000af300000, 0x00000000af300000, 0x00000000af400000|  0%| F|  |TAMS 0x00000000af300000, 0x00000000af300000| Untracked 
| 244|0x00000000af400000, 0x00000000af400000, 0x00000000af500000|  0%| F|  |TAMS 0x00000000af400000, 0x00000000af400000| Untracked 
| 245|0x00000000af500000, 0x00000000af500000, 0x00000000af600000|  0%| F|  |TAMS 0x00000000af500000, 0x00000000af500000| Untracked 
| 246|0x00000000af600000, 0x00000000af600000, 0x00000000af700000|  0%| F|  |TAMS 0x00000000af600000, 0x00000000af600000| Untracked 
| 247|0x00000000af700000, 0x00000000af7f8548, 0x00000000af800000| 97%| E|  |TAMS 0x00000000af700000, 0x00000000af700000| Complete 
| 248|0x00000000af800000, 0x00000000af900000, 0x00000000af900000|100%| E|CS|TAMS 0x00000000af800000, 0x00000000af800000| Complete 
| 249|0x00000000af900000, 0x00000000afa00000, 0x00000000afa00000|100%| E|CS|TAMS 0x00000000af900000, 0x00000000af900000| Complete 
| 250|0x00000000afa00000, 0x00000000afb00000, 0x00000000afb00000|100%| E|CS|TAMS 0x00000000afa00000, 0x00000000afa00000| Complete 
| 251|0x00000000afb00000, 0x00000000afc00000, 0x00000000afc00000|100%| E|CS|TAMS 0x00000000afb00000, 0x00000000afb00000| Complete 
| 252|0x00000000afc00000, 0x00000000afd00000, 0x00000000afd00000|100%| E|CS|TAMS 0x00000000afc00000, 0x00000000afc00000| Complete 
| 253|0x00000000afd00000, 0x00000000afe00000, 0x00000000afe00000|100%| E|CS|TAMS 0x00000000afd00000, 0x00000000afd00000| Complete 
| 254|0x00000000afe00000, 0x00000000aff00000, 0x00000000aff00000|100%| E|CS|TAMS 0x00000000afe00000, 0x00000000afe00000| Complete 
| 255|0x00000000aff00000, 0x00000000b0000000, 0x00000000b0000000|100%| E|  |TAMS 0x00000000aff00000, 0x00000000aff00000| Complete 
| 256|0x00000000b0000000, 0x00000000b0100000, 0x00000000b0100000|100%| E|CS|TAMS 0x00000000b0000000, 0x00000000b0000000| Complete 
| 257|0x00000000b0100000, 0x00000000b0200000, 0x00000000b0200000|100%| E|CS|TAMS 0x00000000b0100000, 0x00000000b0100000| Complete 
| 258|0x00000000b0200000, 0x00000000b0300000, 0x00000000b0300000|100%| E|CS|TAMS 0x00000000b0200000, 0x00000000b0200000| Complete 
| 259|0x00000000b0300000, 0x00000000b0400000, 0x00000000b0400000|100%| E|CS|TAMS 0x00000000b0300000, 0x00000000b0300000| Complete 
| 260|0x00000000b0400000, 0x00000000b0500000, 0x00000000b0500000|100%| E|CS|TAMS 0x00000000b0400000, 0x00000000b0400000| Complete 
| 261|0x00000000b0500000, 0x00000000b0600000, 0x00000000b0600000|100%| E|CS|TAMS 0x00000000b0500000, 0x00000000b0500000| Complete 
| 262|0x00000000b0600000, 0x00000000b0700000, 0x00000000b0700000|100%| E|CS|TAMS 0x00000000b0600000, 0x00000000b0600000| Complete 
| 263|0x00000000b0700000, 0x00000000b0800000, 0x00000000b0800000|100%| E|CS|TAMS 0x00000000b0700000, 0x00000000b0700000| Complete 

Card table byte_map: [0x0000014553a70000,0x0000014553d70000] _byte_map_base: 0x0000014553570000

Marking Bits (Prev, Next): (CMBitMap*) 0x000001453ea4f200, (CMBitMap*) 0x000001453ea4f1c8
 Prev Bits: [0x0000014555870000, 0x0000014557070000)
 Next Bits: [0x0000014554070000, 0x0000014555870000)

Polling page: 0x000001453eae0000

Metaspace:

Usage:
  Non-class:    102.19 MB capacity,   100.15 MB ( 98%) used,     1.67 MB (  2%) free+waste,   376.00 KB ( <1%) overhead. 
      Class:     15.02 MB capacity,    13.89 MB ( 92%) used,   994.55 KB (  6%) free+waste,   165.62 KB (  1%) overhead. 
       Both:    117.21 MB capacity,   114.03 MB ( 97%) used,     2.65 MB (  2%) free+waste,   541.62 KB ( <1%) overhead. 

Virtual space:
  Non-class space:      104.00 MB reserved,     102.38 MB ( 98%) committed 
      Class space:        1.00 GB reserved,      15.02 MB (  1%) committed 
             Both:        1.10 GB reserved,     117.40 MB ( 10%) committed 

Chunk freelists:
   Non-Class:  0 bytes
       Class:  0 bytes
        Both:  0 bytes

MaxMetaspaceSize: 17179869184.00 GB
CompressedClassSpaceSize: 1.00 GB
Initial GC threshold: 20.80 MB
Current GC threshold: 174.21 MB
CDS: off

CodeHeap 'non-profiled nmethods': size=120000Kb used=9913Kb max_used=9913Kb free=110087Kb
 bounds [0x000001454b7e0000, 0x000001454c190000, 0x0000014552d10000]
CodeHeap 'profiled nmethods': size=120000Kb used=36772Kb max_used=36772Kb free=83227Kb
 bounds [0x00000145442b0000, 0x00000145466a0000, 0x000001454b7e0000]
CodeHeap 'non-nmethods': size=5760Kb used=2519Kb max_used=2575Kb free=3240Kb
 bounds [0x0000014543d10000, 0x0000014543fb0000, 0x00000145442b0000]
 total_blobs=18865 nmethods=17788 adapters=988
 compilation: enabled
              stopped_count=0, restarted_count=0
 full_count=0

Compilation events (20 events):
Event: 72.106 Thread 0x0000014559b5d800 nmethod 18386 0x0000014546688910 code [0x0000014546688ae0, 0x0000014546688d48]
Event: 72.106 Thread 0x0000014559b5d800 18387       2       org.gradle.internal.file.FileHierarchySet$Node::plus (337 bytes)
Event: 72.108 Thread 0x0000014559b5d800 nmethod 18387 0x0000014546688e90 code [0x0000014546689240, 0x000001454668a988]
Event: 72.108 Thread 0x0000014559b5d800 18388       2       java.io.FileInputStream::open (6 bytes)
Event: 72.109 Thread 0x0000014559b5d800 nmethod 18388 0x000001454668b590 code [0x000001454668b740, 0x000001454668b848]
Event: 72.131 Thread 0x0000014559b5d800 18389       2       com.google.common.collect.Iterators$6::transform (11 bytes)
Event: 72.131 Thread 0x0000014559b5d800 nmethod 18389 0x000001454668b910 code [0x000001454668bac0, 0x000001454668bbe8]
Event: 72.132 Thread 0x0000014559b5d800 18390       2       org.gradle.api.internal.tasks.properties.DefaultFinalizingValidatingProperty::cleanupValue (17 bytes)
Event: 72.132 Thread 0x0000014559b5d800 nmethod 18390 0x000001454668bc90 code [0x000001454668be40, 0x000001454668bf68]
Event: 72.134 Thread 0x0000014559b5d800 18391       2       org.gradle.api.file.RelativePath::equals (54 bytes)
Event: 72.135 Thread 0x0000014559b5d800 nmethod 18391 0x000001454668c010 code [0x000001454668c1e0, 0x000001454668c3c8]
Event: 72.135 Thread 0x0000014559b5d800 18392       1       org.gradle.api.tasks.util.PatternSet::isCaseSensitive (5 bytes)
Event: 72.135 Thread 0x0000014559b5d800 nmethod 18392 0x000001454c18ce10 code [0x000001454c18cfc0, 0x000001454c18d078]
Event: 72.137 Thread 0x0000014559b5d800 18395       2       java.lang.management.MemoryUsage::<init> (170 bytes)
Event: 72.138 Thread 0x0000014559b5d800 nmethod 18395 0x000001454668c510 code [0x000001454668c7a0, 0x000001454668ced8]
Event: 72.140 Thread 0x0000014559b5d800 18398       2       org.gradle.api.internal.artifacts.transform.AttributeMatchingVariantSelector$$Lambda$1306/0x0000000100dc9440::test (12 bytes)
Event: 72.141 Thread 0x0000014559b5d800 nmethod 18398 0x000001454668d310 code [0x000001454668d4e0, 0x000001454668d688]
Event: 72.141 Thread 0x0000014559b5d800 18399       2       org.gradle.api.internal.artifacts.transform.AttributeMatchingVariantSelector::lambda$disambiguateWithSchema$3 (15 bytes)
Event: 72.141 Thread 0x0000014559b5d800 nmethod 18399 0x000001454668d810 code [0x000001454668d9c0, 0x000001454668db08]
Event: 72.146 Thread 0x0000014559b5d800 18400       2       org.gradle.api.internal.artifacts.transform.AttributeMatchingVariantSelector::tryDisambiguate (258 bytes)

GC Heap History (20 events):
Event: 23.315 GC heap before
{Heap before GC invocations=47 (full 0):
 garbage-first heap   total 225280K, used 129715K [0x00000000a0000000, 0x0000000100000000)
  region size 1024K, 11 young (11264K), 1 survivors (1024K)
 Metaspace       used 103514K, capacity 106418K, committed 106524K, reserved 1142784K
  class space    used 12859K, capacity 13901K, committed 13976K, reserved 1048576K
}
Event: 23.320 GC heap after
{Heap after GC invocations=48 (full 0):
 garbage-first heap   total 225280K, used 117696K [0x00000000a0000000, 0x0000000100000000)
  region size 1024K, 2 young (2048K), 2 survivors (2048K)
 Metaspace       used 103514K, capacity 106418K, committed 106524K, reserved 1142784K
  class space    used 12859K, capacity 13901K, committed 13976K, reserved 1048576K
}
Event: 23.733 GC heap before
{Heap before GC invocations=48 (full 0):
 garbage-first heap   total 225280K, used 164800K [0x00000000a0000000, 0x0000000100000000)
  region size 1024K, 49 young (50176K), 2 survivors (2048K)
 Metaspace       used 103793K, capacity 106661K, committed 106780K, reserved 1142784K
  class space    used 12864K, capacity 13904K, committed 13976K, reserved 1048576K
}
Event: 23.741 GC heap after
{Heap after GC invocations=49 (full 0):
 garbage-first heap   total 225280K, used 119341K [0x00000000a0000000, 0x0000000100000000)
  region size 1024K, 4 young (4096K), 4 survivors (4096K)
 Metaspace       used 103793K, capacity 106661K, committed 106780K, reserved 1142784K
  class space    used 12864K, capacity 13904K, committed 13976K, reserved 1048576K
}
Event: 24.349 GC heap before
{Heap before GC invocations=50 (full 0):
 garbage-first heap   total 225280K, used 166445K [0x00000000a0000000, 0x0000000100000000)
  region size 1024K, 53 young (54272K), 4 survivors (4096K)
 Metaspace       used 105084K, capacity 108009K, committed 108316K, reserved 1142784K
  class space    used 13014K, capacity 14093K, committed 14232K, reserved 1048576K
}
Event: 24.358 GC heap after
{Heap after GC invocations=51 (full 0):
 garbage-first heap   total 225280K, used 121782K [0x00000000a0000000, 0x0000000100000000)
  region size 1024K, 7 young (7168K), 7 survivors (7168K)
 Metaspace       used 105084K, capacity 108009K, committed 108316K, reserved 1142784K
  class space    used 13014K, capacity 14093K, committed 14232K, reserved 1048576K
}
Event: 24.381 GC heap before
{Heap before GC invocations=51 (full 0):
 garbage-first heap   total 225280K, used 124854K [0x00000000a0000000, 0x0000000100000000)
  region size 1024K, 11 young (11264K), 7 survivors (7168K)
 Metaspace       used 105099K, capacity 108014K, committed 108316K, reserved 1142784K
  class space    used 13014K, capacity 14093K, committed 14232K, reserved 1048576K
}
Event: 24.389 GC heap after
{Heap after GC invocations=52 (full 0):
 garbage-first heap   total 270336K, used 111018K [0x00000000a0000000, 0x0000000100000000)
  region size 1024K, 1 young (1024K), 1 survivors (1024K)
 Metaspace       used 105099K, capacity 108014K, committed 108316K, reserved 1142784K
  class space    used 13014K, capacity 14093K, committed 14232K, reserved 1048576K
}
Event: 25.074 GC heap before
{Heap before GC invocations=52 (full 0):
 garbage-first heap   total 270336K, used 189866K [0x00000000a0000000, 0x0000000100000000)
  region size 1024K, 79 young (80896K), 1 survivors (1024K)
 Metaspace       used 106026K, capacity 108980K, committed 109084K, reserved 1144832K
  class space    used 13122K, capacity 14179K, committed 14232K, reserved 1048576K
}
Event: 25.088 GC heap after
{Heap after GC invocations=53 (full 0):
 garbage-first heap   total 270336K, used 115013K [0x00000000a0000000, 0x0000000100000000)
  region size 1024K, 5 young (5120K), 5 survivors (5120K)
 Metaspace       used 106026K, capacity 108980K, committed 109084K, reserved 1144832K
  class space    used 13122K, capacity 14179K, committed 14232K, reserved 1048576K
}
Event: 25.840 GC heap before
{Heap before GC invocations=53 (full 0):
 garbage-first heap   total 270336K, used 196933K [0x00000000a0000000, 0x0000000100000000)
  region size 1024K, 86 young (88064K), 5 survivors (5120K)
 Metaspace       used 107732K, capacity 110686K, committed 110876K, reserved 1146880K
  class space    used 13347K, capacity 14405K, committed 14488K, reserved 1048576K
}
Event: 25.854 GC heap after
{Heap after GC invocations=54 (full 0):
 garbage-first heap   total 270336K, used 118066K [0x00000000a0000000, 0x0000000100000000)
  region size 1024K, 8 young (8192K), 8 survivors (8192K)
 Metaspace       used 107732K, capacity 110686K, committed 110876K, reserved 1146880K
  class space    used 13347K, capacity 14405K, committed 14488K, reserved 1048576K
}
Event: 29.762 GC heap before
{Heap before GC invocations=54 (full 0):
 garbage-first heap   total 270336K, used 201010K [0x00000000a0000000, 0x0000000100000000)
  region size 1024K, 90 young (92160K), 8 survivors (8192K)
 Metaspace       used 109845K, capacity 112760K, committed 112924K, reserved 1146880K
  class space    used 13578K, capacity 14647K, committed 14744K, reserved 1048576K
}
Event: 29.778 GC heap after
{Heap after GC invocations=55 (full 0):
 garbage-first heap   total 270336K, used 125411K [0x00000000a0000000, 0x0000000100000000)
  region size 1024K, 11 young (11264K), 11 survivors (11264K)
 Metaspace       used 109845K, capacity 112760K, committed 112924K, reserved 1146880K
  class space    used 13578K, capacity 14647K, committed 14744K, reserved 1048576K
}
Event: 31.126 GC heap before
{Heap before GC invocations=55 (full 0):
 garbage-first heap   total 270336K, used 206307K [0x00000000a0000000, 0x0000000100000000)
  region size 1024K, 91 young (93184K), 11 survivors (11264K)
 Metaspace       used 111300K, capacity 114444K, committed 114716K, reserved 1148928K
  class space    used 13730K, capacity 14859K, committed 15000K, reserved 1048576K
}
Event: 31.137 GC heap after
{Heap after GC invocations=56 (full 0):
 garbage-first heap   total 270336K, used 126721K [0x00000000a0000000, 0x0000000100000000)
  region size 1024K, 5 young (5120K), 5 survivors (5120K)
 Metaspace       used 111300K, capacity 114444K, committed 114716K, reserved 1148928K
  class space    used 13730K, capacity 14859K, committed 15000K, reserved 1048576K
}
Event: 69.267 GC heap before
{Heap before GC invocations=56 (full 0):
 garbage-first heap   total 270336K, used 235265K [0x00000000a0000000, 0x0000000100000000)
  region size 1024K, 88 young (90112K), 5 survivors (5120K)
 Metaspace       used 116531K, capacity 119759K, committed 119964K, reserved 1155072K
  class space    used 14206K, capacity 15365K, committed 15384K, reserved 1048576K
}
Event: 69.283 GC heap after
{Heap after GC invocations=57 (full 0):
 garbage-first heap   total 270336K, used 132879K [0x00000000a0000000, 0x0000000100000000)
  region size 1024K, 11 young (11264K), 11 survivors (11264K)
 Metaspace       used 116531K, capacity 119759K, committed 119964K, reserved 1155072K
  class space    used 14206K, capacity 15365K, committed 15384K, reserved 1048576K
}
Event: 72.034 GC heap before
{Heap before GC invocations=57 (full 0):
 garbage-first heap   total 270336K, used 214799K [0x00000000a0000000, 0x0000000100000000)
  region size 1024K, 92 young (94208K), 11 survivors (11264K)
 Metaspace       used 116728K, capacity 120010K, committed 120220K, reserved 1155072K
  class space    used 14217K, capacity 15376K, committed 15384K, reserved 1048576K
}
Event: 72.058 GC heap after
{Heap after GC invocations=58 (full 0):
 garbage-first heap   total 270336K, used 142444K [0x00000000a0000000, 0x0000000100000000)
  region size 1024K, 10 young (10240K), 10 survivors (10240K)
 Metaspace       used 116728K, capacity 120010K, committed 120220K, reserved 1155072K
  class space    used 14217K, capacity 15376K, committed 15384K, reserved 1048576K
}

Deoptimization events (20 events):
Event: 69.425 Thread 0x000001455e3ae000 DEOPT PACKING pc=0x000001454c152f80 sp=0x00000019423f9e00
Event: 69.426 Thread 0x000001455e3ae000 DEOPT UNPACKING pc=0x0000014543d5a1af sp=0x00000019423f9cd8 mode 2
Event: 69.786 Thread 0x000001455e3b2800 DEOPT PACKING pc=0x000001454614c83d sp=0x0000001942efb4e0
Event: 69.786 Thread 0x000001455e3b2800 DEOPT UNPACKING pc=0x0000014543d5a95e sp=0x0000001942efaab8 mode 0
Event: 69.791 Thread 0x000001455e3b2800 Uncommon trap: trap_request=0xffffff7e fr.pc=0x000001454c15f1f0 relative=0x0000000000001890
Event: 69.791 Thread 0x000001455e3b2800 Uncommon trap: reason=predicate action=maybe_recompile pc=0x000001454c15f1f0 method=java.util.TimSort.reverseRange([Ljava/lang/Object;II)V @ 5 c2
Event: 69.791 Thread 0x000001455e3b2800 DEOPT PACKING pc=0x000001454c15f1f0 sp=0x0000001942efac90
Event: 69.791 Thread 0x000001455e3b2800 DEOPT UNPACKING pc=0x0000014543d5a1af sp=0x0000001942efab50 mode 2
Event: 71.920 Thread 0x000001455e3ae800 DEOPT PACKING pc=0x0000014544b27bf1 sp=0x00000019430fcbd0
Event: 71.920 Thread 0x000001455e3ae800 DEOPT UNPACKING pc=0x0000014543d5a95e sp=0x00000019430fc0c8 mode 0
Event: 71.934 Thread 0x000001455e3ae800 DEOPT PACKING pc=0x000001454630db40 sp=0x00000019430fc610
Event: 71.934 Thread 0x000001455e3ae800 DEOPT UNPACKING pc=0x0000014543d5a95e sp=0x00000019430fbbe8 mode 0
Event: 71.973 Thread 0x000001455e3ae800 DEOPT PACKING pc=0x000001454630db40 sp=0x00000019430fce80
Event: 71.973 Thread 0x000001455e3ae800 DEOPT UNPACKING pc=0x0000014543d5a95e sp=0x00000019430fc458 mode 0
Event: 71.977 Thread 0x000001455e3ae800 DEOPT PACKING pc=0x0000014546318462 sp=0x00000019430fd0f0
Event: 71.977 Thread 0x000001455e3ae800 DEOPT UNPACKING pc=0x0000014543d5a95e sp=0x00000019430fc668 mode 0
Event: 71.990 Thread 0x000001455e3ae800 DEOPT PACKING pc=0x000001454630db40 sp=0x00000019430fcd40
Event: 71.990 Thread 0x000001455e3ae800 DEOPT UNPACKING pc=0x0000014543d5a95e sp=0x00000019430fc318 mode 0
Event: 72.018 Thread 0x000001455e3ae800 DEOPT PACKING pc=0x000001454633336c sp=0x00000019430fcdf0
Event: 72.018 Thread 0x000001455e3ae800 DEOPT UNPACKING pc=0x0000014543d5a95e sp=0x00000019430fc3c0 mode 0

Classes redefined (0 events):
No events

Internal exceptions (20 events):
Event: 68.494 Thread 0x000001455c9e7800 Exception <a 'sun/nio/fs/WindowsException'{0x00000000acd039c0}> (0x00000000acd039c0) thrown at [src/hotspot/share/prims/jni.cpp, line 617]
Event: 68.621 Thread 0x000001455c9e7800 Exception <a 'java/lang/NoClassDefFoundError'{0x00000000ac96f278}: org/jetbrains/kotlin/gradle/plugin/KotlinBasePluginWrapper> (0x00000000ac96f278) thrown at [src/hotspot/share/oops/constantPool.cpp, line 775]
Event: 68.667 Thread 0x000001455c9e7800 Exception <a 'sun/nio/fs/WindowsException'{0x00000000ac70e468}> (0x00000000ac70e468) thrown at [src/hotspot/share/prims/jni.cpp, line 617]
Event: 68.677 Thread 0x000001455c9e7800 Exception <a 'sun/nio/fs/WindowsException'{0x00000000ac7ab350}> (0x00000000ac7ab350) thrown at [src/hotspot/share/prims/jni.cpp, line 617]
Event: 68.677 Thread 0x000001455c9e7800 Exception <a 'sun/nio/fs/WindowsException'{0x00000000ac7ac6d8}> (0x00000000ac7ac6d8) thrown at [src/hotspot/share/prims/jni.cpp, line 617]
Event: 68.677 Thread 0x000001455c9e7800 Exception <a 'sun/nio/fs/WindowsException'{0x00000000ac7adab0}> (0x00000000ac7adab0) thrown at [src/hotspot/share/prims/jni.cpp, line 617]
Event: 68.677 Thread 0x000001455c9e7800 Exception <a 'sun/nio/fs/WindowsException'{0x00000000ac7aee88}> (0x00000000ac7aee88) thrown at [src/hotspot/share/prims/jni.cpp, line 617]
Event: 68.829 Thread 0x000001455c9e7800 Exception <a 'sun/nio/fs/WindowsException'{0x00000000ac22b760}> (0x00000000ac22b760) thrown at [src/hotspot/share/prims/jni.cpp, line 617]
Event: 69.657 Thread 0x000001455e3ae000 Exception <a 'sun/nio/fs/WindowsException'{0x00000000af08d3a0}> (0x00000000af08d3a0) thrown at [src/hotspot/share/prims/jni.cpp, line 617]
Event: 69.658 Thread 0x000001455e3ae000 Exception <a 'sun/nio/fs/WindowsException'{0x00000000af08e540}> (0x00000000af08e540) thrown at [src/hotspot/share/prims/jni.cpp, line 617]
Event: 69.670 Thread 0x000001455e3ae000 Exception <a 'sun/nio/fs/WindowsException'{0x00000000af08e950}> (0x00000000af08e950) thrown at [src/hotspot/share/prims/jni.cpp, line 617]
Event: 69.670 Thread 0x000001455e3ae000 Exception <a 'sun/nio/fs/WindowsException'{0x00000000af08fd50}> (0x00000000af08fd50) thrown at [src/hotspot/share/prims/jni.cpp, line 617]
Event: 69.670 Thread 0x000001455e3ae000 Exception <a 'sun/nio/fs/WindowsException'{0x00000000af090118}> (0x00000000af090118) thrown at [src/hotspot/share/prims/jni.cpp, line 617]
Event: 69.671 Thread 0x000001455e3ae000 Exception <a 'sun/nio/fs/WindowsException'{0x00000000af0912b8}> (0x00000000af0912b8) thrown at [src/hotspot/share/prims/jni.cpp, line 617]
Event: 69.671 Thread 0x000001455e3ae000 Exception <a 'sun/nio/fs/WindowsException'{0x00000000af091870}> (0x00000000af091870) thrown at [src/hotspot/share/prims/jni.cpp, line 617]
Event: 69.671 Thread 0x000001455e3ae000 Exception <a 'sun/nio/fs/WindowsException'{0x00000000af0929e0}> (0x00000000af0929e0) thrown at [src/hotspot/share/prims/jni.cpp, line 617]
Event: 69.671 Thread 0x000001455e3ae000 Exception <a 'sun/nio/fs/WindowsException'{0x00000000af092d58}> (0x00000000af092d58) thrown at [src/hotspot/share/prims/jni.cpp, line 617]
Event: 71.997 Thread 0x000001455e3ae800 Exception <a 'sun/nio/fs/WindowsException'{0x00000000ac0a3b38}> (0x00000000ac0a3b38) thrown at [src/hotspot/share/prims/jni.cpp, line 617]
Event: 71.997 Thread 0x000001455e3ae800 Exception <a 'sun/nio/fs/WindowsException'{0x00000000ac0a3bd8}> (0x00000000ac0a3bd8) thrown at [src/hotspot/share/prims/jni.cpp, line 617]
Event: 71.997 Thread 0x000001455e3ae800 Exception <a 'sun/nio/fs/WindowsException'{0x00000000ac0a3cc8}> (0x00000000ac0a3cc8) thrown at [src/hotspot/share/prims/jni.cpp, line 617]

Events (20 events):
Event: 69.623 loading class org/gradle/internal/file/impl/DefaultDeleter$Handling$4 done
Event: 69.671 Executing VM operation: RevokeBias
Event: 69.672 Executing VM operation: RevokeBias done
Event: 69.674 Thread 0x000001455e3ae800 Thread added: 0x000001455e3ae800
Event: 69.679 Executing VM operation: RevokeBias
Event: 69.680 Executing VM operation: RevokeBias done
Event: 69.680 Executing VM operation: RevokeBias
Event: 69.680 Executing VM operation: RevokeBias done
Event: 69.694 Thread 0x0000014563dbd000 Thread added: 0x0000014563dbd000
Event: 69.761 Thread 0x0000014563dbe800 Thread added: 0x0000014563dbe800
Event: 69.761 Thread 0x0000014563dbf800 Thread added: 0x0000014563dbf800
Event: 69.851 Executing VM operation: RevokeBias
Event: 69.853 Executing VM operation: RevokeBias done
Event: 69.906 Executing VM operation: RevokeBias
Event: 69.907 Executing VM operation: RevokeBias done
Event: 71.794 Thread 0x000001455a7e3800 Thread exited: 0x000001455a7e3800
Event: 72.034 Executing VM operation: G1CollectForAllocation
Event: 72.058 Executing VM operation: G1CollectForAllocation done
Event: 72.103 Executing VM operation: RevokeBias
Event: 72.103 Executing VM operation: RevokeBias done


Dynamic libraries:
0x00007ff6be2e0000 - 0x00007ff6be2ea000 	C:\Program Files\Android\Android Studio\jbr\bin\java.exe
0x00007ffcf5650000 - 0x00007ffcf5864000 	C:\WINDOWS\SYSTEM32\ntdll.dll
0x00007ffcf40f0000 - 0x00007ffcf41b2000 	C:\WINDOWS\System32\KERNEL32.DLL
0x00007ffcf2c20000 - 0x00007ffcf2fbc000 	C:\WINDOWS\System32\KERNELBASE.dll
0x00007ffcf2a90000 - 0x00007ffcf2ba1000 	C:\WINDOWS\System32\ucrtbase.dll
0x00007ffcdb210000 - 0x00007ffcdb22b000 	C:\Program Files\Android\Android Studio\jbr\bin\VCRUNTIME140.dll
0x00007ffcdb7f0000 - 0x00007ffcdb807000 	C:\Program Files\Android\Android Studio\jbr\bin\jli.dll
0x00007ffcf42c0000 - 0x00007ffcf446b000 	C:\WINDOWS\System32\USER32.dll
0x00007ffcca5f0000 - 0x00007ffcca87e000 	C:\WINDOWS\WinSxS\amd64_microsoft.windows.common-controls_6595b64144ccf1df_6.0.22621.608_none_a9444ca7c10bb01d\COMCTL32.dll
0x00007ffcf3390000 - 0x00007ffcf33b6000 	C:\WINDOWS\System32\win32u.dll
0x00007ffcf3460000 - 0x00007ffcf3507000 	C:\WINDOWS\System32\msvcrt.dll
0x00007ffcf3e40000 - 0x00007ffcf3e69000 	C:\WINDOWS\System32\GDI32.dll
0x00007ffcf3040000 - 0x00007ffcf3153000 	C:\WINDOWS\System32\gdi32full.dll
0x00007ffcf33c0000 - 0x00007ffcf345a000 	C:\WINDOWS\System32\msvcp_win.dll
0x00007ffcf3510000 - 0x00007ffcf3541000 	C:\WINDOWS\System32\IMM32.DLL
0x00007ffcdc610000 - 0x00007ffcdc61c000 	C:\Program Files\Android\Android Studio\jbr\bin\vcruntime140_1.dll
0x00007ffcd6040000 - 0x00007ffcd60cd000 	C:\Program Files\Android\Android Studio\jbr\bin\msvcp140.dll
0x00007ffc784f0000 - 0x00007ffc790ac000 	C:\Program Files\Android\Android Studio\jbr\bin\server\jvm.dll
0x00007ffcf4040000 - 0x00007ffcf40ee000 	C:\WINDOWS\System32\ADVAPI32.dll
0x00007ffcf3e70000 - 0x00007ffcf3f14000 	C:\WINDOWS\System32\sechost.dll
0x00007ffcf4fd0000 - 0x00007ffcf50e7000 	C:\WINDOWS\System32\RPCRT4.dll
0x00007ffcf5600000 - 0x00007ffcf5608000 	C:\WINDOWS\System32\PSAPI.DLL
0x00007ffcee030000 - 0x00007ffcee039000 	C:\WINDOWS\SYSTEM32\WSOCK32.dll
0x00007ffcec430000 - 0x00007ffcec43a000 	C:\WINDOWS\SYSTEM32\VERSION.dll
0x00007ffcec480000 - 0x00007ffcec4b4000 	C:\WINDOWS\SYSTEM32\WINMM.dll
0x00007ffcf50f0000 - 0x00007ffcf5161000 	C:\WINDOWS\System32\WS2_32.dll
0x00007ffcf1aa0000 - 0x00007ffcf1ab8000 	C:\WINDOWS\SYSTEM32\kernel.appcore.dll
0x00007ffcee020000 - 0x00007ffcee030000 	C:\Program Files\Android\Android Studio\jbr\bin\verify.dll
0x00007ffcf06d0000 - 0x00007ffcf08fe000 	C:\WINDOWS\SYSTEM32\DBGHELP.DLL
0x00007ffcf3610000 - 0x00007ffcf3999000 	C:\WINDOWS\System32\combase.dll
0x00007ffcf3d50000 - 0x00007ffcf3e27000 	C:\WINDOWS\System32\OLEAUT32.dll
0x00007ffcde940000 - 0x00007ffcde972000 	C:\WINDOWS\SYSTEM32\dbgcore.DLL
0x00007ffcf2fc0000 - 0x00007ffcf303b000 	C:\WINDOWS\System32\bcryptPrimitives.dll
0x00007ffcd83a0000 - 0x00007ffcd83c8000 	C:\Program Files\Android\Android Studio\jbr\bin\java.dll
0x00007ffcecd50000 - 0x00007ffcecd5a000 	C:\Program Files\Android\Android Studio\jbr\bin\jimage.dll
0x00007ffcecce0000 - 0x00007ffceccf8000 	C:\Program Files\Android\Android Studio\jbr\bin\zip.dll
0x00007ffcf4470000 - 0x00007ffcf4c60000 	C:\WINDOWS\System32\SHELL32.dll
0x00007ffcf0a50000 - 0x00007ffcf131d000 	C:\WINDOWS\SYSTEM32\windows.storage.dll
0x00007ffcf0910000 - 0x00007ffcf0a4e000 	C:\WINDOWS\SYSTEM32\wintypes.dll
0x00007ffcf4e00000 - 0x00007ffcf4ef1000 	C:\WINDOWS\System32\SHCORE.dll
0x00007ffcf35b0000 - 0x00007ffcf360e000 	C:\WINDOWS\System32\shlwapi.dll
0x00007ffcf29c0000 - 0x00007ffcf29e1000 	C:\WINDOWS\SYSTEM32\profapi.dll
0x00007ffcd9f30000 - 0x00007ffcd9f49000 	C:\Program Files\Android\Android Studio\jbr\bin\net.dll
0x00007ffceb8f0000 - 0x00007ffceba27000 	C:\WINDOWS\SYSTEM32\WINHTTP.dll
0x00007ffcf1fa0000 - 0x00007ffcf2009000 	C:\WINDOWS\system32\mswsock.dll
0x00007ffcd8f40000 - 0x00007ffcd8f53000 	C:\Program Files\Android\Android Studio\jbr\bin\nio.dll
0x00007ffcda280000 - 0x00007ffcda2a7000 	C:\Users\Phong Vu\.gradle\native\e1d6ef7f7dcc3fd88c89a11ec53ec762bb8ba0a96d01ffa2cd45eb1d1d8dd5c5\windows-amd64\native-platform.dll
0x00007ffccd6d0000 - 0x00007ffccd814000 	C:\Users\Phong Vu\.gradle\native\0d407fdbe67a94daf76414ababcb853783967236a71b16ec16e742cd7a986fd3\windows-amd64\native-platform-file-events.dll
0x00007ffcdb200000 - 0x00007ffcdb20a000 	C:\Program Files\Android\Android Studio\jbr\bin\management.dll
0x00007ffcd95f0000 - 0x00007ffcd95fb000 	C:\Program Files\Android\Android Studio\jbr\bin\management_ext.dll
0x00007ffcf2240000 - 0x00007ffcf225b000 	C:\WINDOWS\SYSTEM32\CRYPTSP.dll
0x00007ffcf1a10000 - 0x00007ffcf1a45000 	C:\WINDOWS\system32\rsaenh.dll
0x00007ffcf20a0000 - 0x00007ffcf20c8000 	C:\WINDOWS\SYSTEM32\USERENV.dll
0x00007ffcf2440000 - 0x00007ffcf2468000 	C:\WINDOWS\SYSTEM32\bcrypt.dll
0x00007ffcf2200000 - 0x00007ffcf220c000 	C:\WINDOWS\SYSTEM32\CRYPTBASE.dll
0x00007ffcf1570000 - 0x00007ffcf159d000 	C:\WINDOWS\SYSTEM32\IPHLPAPI.DLL
0x00007ffcf42b0000 - 0x00007ffcf42b9000 	C:\WINDOWS\System32\NSI.dll
0x00007ffcec460000 - 0x00007ffcec479000 	C:\WINDOWS\SYSTEM32\dhcpcsvc6.DLL
0x00007ffcec440000 - 0x00007ffcec45f000 	C:\WINDOWS\SYSTEM32\dhcpcsvc.DLL
0x00007ffcf15e0000 - 0x00007ffcf16d3000 	C:\WINDOWS\SYSTEM32\DNSAPI.dll
0x00007ffc78360000 - 0x00007ffc784e4000 	C:\Program Files\Android\Android Studio\jbr\bin\awt.dll
0x00007ffcf01a0000 - 0x00007ffcf01cb000 	C:\WINDOWS\SYSTEM32\dwmapi.dll
0x00007ffcefba0000 - 0x00007ffcefc36000 	C:\WINDOWS\SYSTEM32\apphelp.dll
0x00007ffcefd70000 - 0x00007ffcefe1b000 	C:\WINDOWS\system32\uxtheme.dll
0x00007ffcf1ac0000 - 0x00007ffcf1af4000 	C:\WINDOWS\SYSTEM32\ntmarta.dll
0x00007ffcb5d70000 - 0x00007ffcb5d97000 	C:\Program Files\Android\Android Studio\jbr\bin\sunec.dll

dbghelp: loaded successfully - version: 4.0.5 - missing functions: none
symbol engine: initialized successfully - sym options: 0x614 - pdb path: .;C:\Program Files\Android\Android Studio\jbr\bin;C:\WINDOWS\SYSTEM32;C:\WINDOWS\WinSxS\amd64_microsoft.windows.common-controls_6595b64144ccf1df_6.0.22621.608_none_a9444ca7c10bb01d;C:\Program Files\Android\Android Studio\jbr\bin\server;C:\Users\Phong Vu\.gradle\native\e1d6ef7f7dcc3fd88c89a11ec53ec762bb8ba0a96d01ffa2cd45eb1d1d8dd5c5\windows-amd64;C:\Users\Phong Vu\.gradle\native\0d407fdbe67a94daf76414ababcb853783967236a71b16ec16e742cd7a986fd3\windows-amd64

VM Arguments:
jvm_args: --add-opens=java.base/java.util=ALL-UNNAMED --add-opens=java.base/java.lang=ALL-UNNAMED --add-opens=java.base/java.lang.invoke=ALL-UNNAMED --add-opens=java.base/java.util=ALL-UNNAMED --add-opens=java.prefs/java.util.prefs=ALL-UNNAMED --add-opens=java.prefs/java.util.prefs=ALL-UNNAMED --add-opens=java.base/java.nio.charset=ALL-UNNAMED --add-opens=java.base/java.net=ALL-UNNAMED --add-opens=java.base/java.util.concurrent.atomic=ALL-UNNAMED -Xmx1536M -Dfile.encoding=UTF-8 -Duser.country=US -Duser.language=en -Duser.variant 
java_command: org.gradle.launcher.daemon.bootstrap.GradleDaemon 7.5
java_class_path (initial): C:\Users\Phong Vu\.gradle\wrapper\dists\gradle-7.5-bin\f1w0cc9nuo0eivz97x2xlu9sv\gradle-7.5\lib\gradle-launcher-7.5.jar
Launcher Type: SUN_STANDARD

[Global flags]
     intx CICompilerCount                          = 4                                         {product} {ergonomic}
     uint ConcGCThreads                            = 2                                         {product} {ergonomic}
     uint G1ConcRefinementThreads                  = 8                                         {product} {ergonomic}
   size_t G1HeapRegionSize                         = 1048576                                   {product} {ergonomic}
    uintx GCDrainStackTargetSize                   = 64                                        {product} {ergonomic}
   size_t InitialHeapSize                          = 132120576                                 {product} {ergonomic}
   size_t MarkStackSize                            = 4194304                                   {product} {ergonomic}
   size_t MaxHeapSize                              = 1610612736                                {product} {command line}
   size_t MaxNewSize                               = 965738496                                 {product} {ergonomic}
   size_t MinHeapDeltaBytes                        = 1048576                                   {product} {ergonomic}
    uintx NonNMethodCodeHeapSize                   = 5836300                                {pd product} {ergonomic}
    uintx NonProfiledCodeHeapSize                  = 122910970                              {pd product} {ergonomic}
    uintx ProfiledCodeHeapSize                     = 122910970                              {pd product} {ergonomic}
    uintx ReservedCodeCacheSize                    = 251658240                              {pd product} {ergonomic}
     bool SegmentedCodeCache                       = true                                      {product} {ergonomic}
     bool UseCompressedClassPointers               = true                                 {lp64_product} {ergonomic}
     bool UseCompressedOops                        = true                                 {lp64_product} {ergonomic}
     bool UseG1GC                                  = true                                      {product} {ergonomic}
     bool UseLargePagesIndividualAllocation        = false                                  {pd product} {ergonomic}

Logging:
Log output configuration:
 #0: stdout all=warning uptime,level,tags
 #1: stderr all=off uptime,level,tags

Environment Variables:
PATH=C:\Program Files\Common Files\Oracle\Java\javapath;C:\Windows\system32;C:\Windows;C:\Windows\System32\Wbem;C:\Windows\System32\WindowsPowerShell\v1.0\;C:\Windows\System32\OpenSSH\;C:\Program Files (x86)\NVIDIA Corporation\PhysX\Common;C:\Program Files\NVIDIA Corporation\NVIDIA NvDLISR;C:\TDM-GCC-32\bin;D:\Matlab\runtime\win64;D:\Matlab\bin;D:\Matlab\polyspace\bin;C:\Program Files\Microsoft\Web Platform Installer\;C:\Program Files (x86)\Microsoft ASP.NET\ASP.NET Web Pages\v1.0\;C:\Program Files\Microsoft SQL Server\110\Tools\Binn\;C:\WINDOWS\system32;C:\WINDOWS;C:\WINDOWS\System32\Wbem;C:\WINDOWS\System32\WindowsPowerShell\v1.0\;C:\WINDOWS\System32\OpenSSH\;C:\Program Files (x86)\Microsoft SQL Server\150\Tools\Binn\;C:\Program Files\Microsoft SQL Server\150\Tools\Binn\;C:\Program Files (x86)\Microsoft SQL Server\150\DTS\Binn\;C:\Program Files\Microsoft SQL Server\150\DTS\Binn\;C:\Program Files\Microsoft SQL Server\Client SDK\ODBC\170\Tools\Binn\;C:\Program Files\Git\cmd;C:\Users\Phong Vu\AppData\Roaming\nvm;C:;%SystemRoot%\system32;%SystemRoot%;%SystemRoot%\System32\Wbem;%SYSTEMROOT%\System32\WindowsPowerShell\v1.0\;%SYSTEMROOT%\System32\OpenSSH\;C:\Users\Phong Vu\AppData\Local\Programs\Python\Python310\Scripts\;C:\Users\Phong Vu\AppData\Local\Programs\Python\Python310\;C:\Users\Phong Vu\AppData\Local\Microsoft\WindowsApps;D:\mingw64\bin;C:\Program Files\JetBrains\PyCharm Community Edition 2022.2.4\bin;;D:\JavaIDE\IntelliJ IDEA Community Edition 2022.1.4\bin;;C:\Program Files\Azure Data Studio\bin;C:\Users\Phong Vu\AppData\Local\Programs\Microsoft VS Code\bin;C:\Users\Phong Vu\AppData\Roaming\npm;C:\Users\Phong Vu\AppData\Roaming\nvm;C:\Program Files\nodejs;D:\QPLE\modelsim_ase\win32aloem;C:\intelFPGA_lite\18.1\modelsim_ase\win32aloem;
USERNAME=Nguyen Hieu
OS=Windows_NT
PROCESSOR_IDENTIFIER=Intel64 Family 6 Model 165 Stepping 2, GenuineIntel



---------------  S Y S T E M  ---------------

OS: Windows 11 , 64 bit Build 22621 (10.0.22621.1485)
OS uptime: 0 days 5:51 hours
Hyper-V role detected

CPU:total 8 (initial active 8) (4 cores per cpu, 2 threads per core) family 6 model 165 stepping 2 microcode 0xe2, cmov, cx8, fxsr, mmx, sse, sse2, sse3, ssse3, sse4.1, sse4.2, popcnt, avx, avx2, aes, clmul, erms, 3dnowpref, lzcnt, ht, tsc, tscinvbit, bmi1, bmi2, adx, fma

Memory: 4k page, system-wide physical 8023M (160M free)
TotalPageFile size 15191M (AvailPageFile size 9M)
current process WorkingSet (physical memory assigned to process): 489M, peak: 553M
current process commit charge ("private bytes"): 622M, peak: 636M

vm_info: OpenJDK 64-Bit Server VM (11.0.15+0-b2043.56-9505619) for windows-amd64 JRE (11.0.15+0-b2043.56-9505619), built on Jan 19 2023 02:48:00 by "builduser" with unknown MS VC++:1929

END.
